<?xml version="1.0" encoding="UTF-8"?>
<testsuite xmlns:xsi="http://www.w3.org/2001/XMLSchema-instance" xsi:noNamespaceSchemaLocation="https://maven.apache.org/surefire/maven-surefire-plugin/xsd/surefire-test-report-3.0.xsd" version="3.0" name="com.example.moonshot.destination.DestinationServiceTest" time="0.903" tests="5" errors="0" skipped="0" failures="0">
  <properties>
[...]
</properties>
  <testcase name="shouldReturnAllDestinations" classname="com.example.moonshot.destination.DestinationServiceTest" time="0.184">
    <system-out><![CDATA[2025-07-29T09:15:18.017+02:00  INFO 12740 --- [           main] t.c.s.AnnotationConfigContextLoaderUtils : Could not detect default configuration classes for test class [com.example.moonshot.destination.DestinationServiceTest]: DestinationServiceTest does not declare any static, non-private, non-final, nested classes annotated with @Configuration.
2025-07-29T09:15:18.037+02:00  INFO 12740 --- [           main] .b.t.c.SpringBootTestContextBootstrapper : Found @SpringBootConfiguration com.example.moonshot.MoonshotProjectApplication for test class com.example.moonshot.destination.DestinationServiceTest
Cleaning test data...
2025-07-29T09:15:18.043+02:00 DEBUG 12740 --- [           main] org.hibernate.SQL                        : select ia1_0.id,ia1_0.created_at,ia1_0.feature_id,ia1_0.itinerary_id,ia1_0.updated_at from itinerary_accessibility ia1_0
Hibernate: select ia1_0.id,ia1_0.created_at,ia1_0.feature_id,ia1_0.itinerary_id,ia1_0.updated_at from itinerary_accessibility ia1_0
2025-07-29T09:15:18.045+02:00 DEBUG 12740 --- [           main] org.hibernate.SQL                        : select r1_0.id,r1_0.comment,r1_0.created_at,r1_0.itinerary_id,r1_0.rating,r1_0.updated_at,r1_0.user_id from reviews r1_0
Hibernate: select r1_0.id,r1_0.comment,r1_0.created_at,r1_0.itinerary_id,r1_0.rating,r1_0.updated_at,r1_0.user_id from reviews r1_0
2025-07-29T09:15:18.046+02:00 DEBUG 12740 --- [           main] org.hibernate.SQL                        : select si1_0.id,si1_0.created_at,si1_0.itinerary_id,si1_0.saved_at,si1_0.updated_at,si1_0.user_id from saved_itineraries si1_0
Hibernate: select si1_0.id,si1_0.created_at,si1_0.itinerary_id,si1_0.saved_at,si1_0.updated_at,si1_0.user_id from saved_itineraries si1_0
2025-07-29T09:15:18.047+02:00 DEBUG 12740 --- [           main] org.hibernate.SQL                        : select is1_0.id,is1_0.created_at,is1_0.description,is1_0.itinerary_id,is1_0.latitude,is1_0.longitude,is1_0.step_index,is1_0.title,is1_0.updated_at from itinerary_steps is1_0
Hibernate: select is1_0.id,is1_0.created_at,is1_0.description,is1_0.itinerary_id,is1_0.latitude,is1_0.longitude,is1_0.step_index,is1_0.title,is1_0.updated_at from itinerary_steps is1_0
2025-07-29T09:15:18.048+02:00 DEBUG 12740 --- [           main] org.hibernate.SQL                        : select us1_0.id,us1_0.created_at,us1_0.setting_id,us1_0.updated_at,us1_0.user_id,us1_0."value" from user_settings us1_0
Hibernate: select us1_0.id,us1_0.created_at,us1_0.setting_id,us1_0.updated_at,us1_0.user_id,us1_0."value" from user_settings us1_0
2025-07-29T09:15:18.050+02:00 DEBUG 12740 --- [           main] org.hibernate.SQL                        : select uaf1_0.id,uaf1_0.created_at,uaf1_0.feature_id,uaf1_0.updated_at,uaf1_0.user_id from user_accessibility_features uaf1_0
Hibernate: select uaf1_0.id,uaf1_0.created_at,uaf1_0.feature_id,uaf1_0.updated_at,uaf1_0.user_id from user_accessibility_features uaf1_0
2025-07-29T09:15:18.051+02:00 DEBUG 12740 --- [           main] org.hibernate.SQL                        : select uca1_0.id,uca1_0.country_id,uca1_0.created_at,uca1_0.updated_at,uca1_0.user_id from user_country_access uca1_0
Hibernate: select uca1_0.id,uca1_0.country_id,uca1_0.created_at,uca1_0.updated_at,uca1_0.user_id from user_country_access uca1_0
2025-07-29T09:15:18.053+02:00 DEBUG 12740 --- [           main] org.hibernate.SQL                        : select usd1_0.id,usd1_0.created_at,usd1_0.destination_id,usd1_0.updated_at,usd1_0.user_id from user_selected_destinations usd1_0
Hibernate: select usd1_0.id,usd1_0.created_at,usd1_0.destination_id,usd1_0.updated_at,usd1_0.user_id from user_selected_destinations usd1_0
2025-07-29T09:15:18.055+02:00 DEBUG 12740 --- [           main] org.hibernate.SQL                        : select i1_0.id,i1_0.created_at,i1_0.description,i1_0.destination_id,i1_0.duration,i1_0.image_url,i1_0.price,i1_0.rating,i1_0.title,i1_0.updated_at from itineraries i1_0
Hibernate: select i1_0.id,i1_0.created_at,i1_0.description,i1_0.destination_id,i1_0.duration,i1_0.image_url,i1_0.price,i1_0.rating,i1_0.title,i1_0.updated_at from itineraries i1_0
2025-07-29T09:15:18.057+02:00 DEBUG 12740 --- [           main] org.hibernate.SQL                        : select af1_0.id,af1_0.created_at,af1_0.name,af1_0.updated_at from accessibility_features af1_0
Hibernate: select af1_0.id,af1_0.created_at,af1_0.name,af1_0.updated_at from accessibility_features af1_0
2025-07-29T09:15:18.058+02:00 DEBUG 12740 --- [           main] org.hibernate.SQL                        : select d1_0.id,d1_0.available,d1_0.country_id,d1_0.created_at,d1_0.name,d1_0.type,d1_0.updated_at from destinations d1_0
Hibernate: select d1_0.id,d1_0.available,d1_0.country_id,d1_0.created_at,d1_0.name,d1_0.type,d1_0.updated_at from destinations d1_0
2025-07-29T09:15:18.059+02:00 DEBUG 12740 --- [           main] org.hibernate.SQL                        : select s1_0.id,s1_0.created_at,s1_0.default_value,s1_0.description,s1_0.label,s1_0.setting_key,s1_0.updated_at from settings s1_0
Hibernate: select s1_0.id,s1_0.created_at,s1_0.default_value,s1_0.description,s1_0.label,s1_0.setting_key,s1_0.updated_at from settings s1_0
2025-07-29T09:15:18.060+02:00 DEBUG 12740 --- [           main] org.hibernate.SQL                        : select c1_0.id,c1_0.available,c1_0.created_at,c1_0.name,c1_0.updated_at from countries c1_0
Hibernate: select c1_0.id,c1_0.available,c1_0.created_at,c1_0.name,c1_0.updated_at from countries c1_0
2025-07-29T09:15:18.062+02:00 DEBUG 12740 --- [           main] org.hibernate.SQL                        : delete from countries where id=?
Hibernate: delete from countries where id=?
2025-07-29T09:15:18.062+02:00 DEBUG 12740 --- [           main] org.hibernate.SQL                        : delete from countries where id=?
Hibernate: delete from countries where id=?
2025-07-29T09:15:18.064+02:00 DEBUG 12740 --- [           main] org.hibernate.SQL                        : select u1_0.id,u1_0.created_at,u1_0.email,u1_0.name,u1_0.nickname,u1_0.oauth_token,u1_0.password_hash,u1_0.phone,u1_0.platform,u1_0.updated_at from users u1_0
Hibernate: select u1_0.id,u1_0.created_at,u1_0.email,u1_0.name,u1_0.nickname,u1_0.oauth_token,u1_0.password_hash,u1_0.phone,u1_0.platform,u1_0.updated_at from users u1_0
2025-07-29T09:15:18.065+02:00 DEBUG 12740 --- [           main] org.hibernate.SQL                        : delete from users where id=?
Hibernate: delete from users where id=?
Clean complete.
2025-07-29T09:15:18.066+02:00 DEBUG 12740 --- [           main] org.hibernate.SQL                        : insert into countries (available,created_at,name,updated_at,id) values (?,?,?,?,?)
Hibernate: insert into countries (available,created_at,name,updated_at,id) values (?,?,?,?,?)
2025-07-29T09:15:18.127+02:00 DEBUG 12740 --- [           main] org.hibernate.SQL                        : insert into users (created_at,email,name,nickname,oauth_token,password_hash,phone,platform,updated_at,id) values (?,?,?,?,?,?,?,?,?,?)
Hibernate: insert into users (created_at,email,name,nickname,oauth_token,password_hash,phone,platform,updated_at,id) values (?,?,?,?,?,?,?,?,?,?)
2025-07-29T09:15:18.129+02:00 DEBUG 12740 --- [           main] org.hibernate.SQL                        : select u1_0.id,u1_0.created_at,u1_0.email,u1_0.name,u1_0.nickname,u1_0.oauth_token,u1_0.password_hash,u1_0.phone,u1_0.platform,u1_0.updated_at from users u1_0 where u1_0.email=?
Hibernate: select u1_0.id,u1_0.created_at,u1_0.email,u1_0.name,u1_0.nickname,u1_0.oauth_token,u1_0.password_hash,u1_0.phone,u1_0.platform,u1_0.updated_at from users u1_0 where u1_0.email=?
2025-07-29T09:15:18.194+02:00 DEBUG 12740 --- [           main] org.hibernate.SQL                        : select u1_0.id,u1_0.created_at,u1_0.email,u1_0.name,u1_0.nickname,u1_0.oauth_token,u1_0.password_hash,u1_0.phone,u1_0.platform,u1_0.updated_at from users u1_0 where u1_0.email=?
Hibernate: select u1_0.id,u1_0.created_at,u1_0.email,u1_0.name,u1_0.nickname,u1_0.oauth_token,u1_0.password_hash,u1_0.phone,u1_0.platform,u1_0.updated_at from users u1_0 where u1_0.email=?
2025-07-29T09:15:18.200+02:00 DEBUG 12740 --- [           main] org.hibernate.SQL                        : select c1_0.id,c1_0.available,c1_0.created_at,c1_0.name,c1_0.updated_at from countries c1_0 where c1_0.id=?
Hibernate: select c1_0.id,c1_0.available,c1_0.created_at,c1_0.name,c1_0.updated_at from countries c1_0 where c1_0.id=?
2025-07-29T09:15:18.203+02:00 DEBUG 12740 --- [           main] org.hibernate.SQL                        : insert into destinations (available,country_id,created_at,name,type,updated_at,id) values (?,?,?,?,?,?,?)
Hibernate: insert into destinations (available,country_id,created_at,name,type,updated_at,id) values (?,?,?,?,?,?,?)
2025-07-29T09:15:18.211+02:00 DEBUG 12740 --- [           main] org.hibernate.SQL                        : select u1_0.id,u1_0.created_at,u1_0.email,u1_0.name,u1_0.nickname,u1_0.oauth_token,u1_0.password_hash,u1_0.phone,u1_0.platform,u1_0.updated_at from users u1_0 where u1_0.email=?
Hibernate: select u1_0.id,u1_0.created_at,u1_0.email,u1_0.name,u1_0.nickname,u1_0.oauth_token,u1_0.password_hash,u1_0.phone,u1_0.platform,u1_0.updated_at from users u1_0 where u1_0.email=?
2025-07-29T09:15:18.216+02:00 DEBUG 12740 --- [           main] org.hibernate.SQL                        : select d1_0.id,d1_0.available,d1_0.country_id,d1_0.created_at,d1_0.name,d1_0.type,d1_0.updated_at from destinations d1_0
Hibernate: select d1_0.id,d1_0.available,d1_0.country_id,d1_0.created_at,d1_0.name,d1_0.type,d1_0.updated_at from destinations d1_0
2025-07-29T09:15:18.222+02:00 DEBUG 12740 --- [           main] org.hibernate.SQL                        : select c1_0.id,c1_0.available,c1_0.created_at,c1_0.name,c1_0.updated_at from countries c1_0 where c1_0.id=?
Hibernate: select c1_0.id,c1_0.available,c1_0.created_at,c1_0.name,c1_0.updated_at from countries c1_0 where c1_0.id=?
]]></system-out>
  </testcase>
  <testcase name="shouldReturnAllDestinationTypes" classname="com.example.moonshot.destination.DestinationServiceTest" time="0.194">
    <system-out><![CDATA[Cleaning test data...
2025-07-29T09:15:18.228+02:00 DEBUG 12740 --- [           main] org.hibernate.SQL                        : select ia1_0.id,ia1_0.created_at,ia1_0.feature_id,ia1_0.itinerary_id,ia1_0.updated_at from itinerary_accessibility ia1_0
Hibernate: select ia1_0.id,ia1_0.created_at,ia1_0.feature_id,ia1_0.itinerary_id,ia1_0.updated_at from itinerary_accessibility ia1_0
2025-07-29T09:15:18.234+02:00 DEBUG 12740 --- [           main] org.hibernate.SQL                        : select r1_0.id,r1_0.comment,r1_0.created_at,r1_0.itinerary_id,r1_0.rating,r1_0.updated_at,r1_0.user_id from reviews r1_0
Hibernate: select r1_0.id,r1_0.comment,r1_0.created_at,r1_0.itinerary_id,r1_0.rating,r1_0.updated_at,r1_0.user_id from reviews r1_0
2025-07-29T09:15:18.235+02:00 DEBUG 12740 --- [           main] org.hibernate.SQL                        : select si1_0.id,si1_0.created_at,si1_0.itinerary_id,si1_0.saved_at,si1_0.updated_at,si1_0.user_id from saved_itineraries si1_0
Hibernate: select si1_0.id,si1_0.created_at,si1_0.itinerary_id,si1_0.saved_at,si1_0.updated_at,si1_0.user_id from saved_itineraries si1_0
2025-07-29T09:15:18.237+02:00 DEBUG 12740 --- [           main] org.hibernate.SQL                        : select is1_0.id,is1_0.created_at,is1_0.description,is1_0.itinerary_id,is1_0.latitude,is1_0.longitude,is1_0.step_index,is1_0.title,is1_0.updated_at from itinerary_steps is1_0
Hibernate: select is1_0.id,is1_0.created_at,is1_0.description,is1_0.itinerary_id,is1_0.latitude,is1_0.longitude,is1_0.step_index,is1_0.title,is1_0.updated_at from itinerary_steps is1_0
2025-07-29T09:15:18.238+02:00 DEBUG 12740 --- [           main] org.hibernate.SQL                        : select us1_0.id,us1_0.created_at,us1_0.setting_id,us1_0.updated_at,us1_0.user_id,us1_0."value" from user_settings us1_0
Hibernate: select us1_0.id,us1_0.created_at,us1_0.setting_id,us1_0.updated_at,us1_0.user_id,us1_0."value" from user_settings us1_0
2025-07-29T09:15:18.239+02:00 DEBUG 12740 --- [           main] org.hibernate.SQL                        : select uaf1_0.id,uaf1_0.created_at,uaf1_0.feature_id,uaf1_0.updated_at,uaf1_0.user_id from user_accessibility_features uaf1_0
Hibernate: select uaf1_0.id,uaf1_0.created_at,uaf1_0.feature_id,uaf1_0.updated_at,uaf1_0.user_id from user_accessibility_features uaf1_0
2025-07-29T09:15:18.240+02:00 DEBUG 12740 --- [           main] org.hibernate.SQL                        : select uca1_0.id,uca1_0.country_id,uca1_0.created_at,uca1_0.updated_at,uca1_0.user_id from user_country_access uca1_0
Hibernate: select uca1_0.id,uca1_0.country_id,uca1_0.created_at,uca1_0.updated_at,uca1_0.user_id from user_country_access uca1_0
2025-07-29T09:15:18.241+02:00 DEBUG 12740 --- [           main] org.hibernate.SQL                        : select usd1_0.id,usd1_0.created_at,usd1_0.destination_id,usd1_0.updated_at,usd1_0.user_id from user_selected_destinations usd1_0
Hibernate: select usd1_0.id,usd1_0.created_at,usd1_0.destination_id,usd1_0.updated_at,usd1_0.user_id from user_selected_destinations usd1_0
2025-07-29T09:15:18.242+02:00 DEBUG 12740 --- [           main] org.hibernate.SQL                        : select i1_0.id,i1_0.created_at,i1_0.description,i1_0.destination_id,i1_0.duration,i1_0.image_url,i1_0.price,i1_0.rating,i1_0.title,i1_0.updated_at from itineraries i1_0
Hibernate: select i1_0.id,i1_0.created_at,i1_0.description,i1_0.destination_id,i1_0.duration,i1_0.image_url,i1_0.price,i1_0.rating,i1_0.title,i1_0.updated_at from itineraries i1_0
2025-07-29T09:15:18.243+02:00 DEBUG 12740 --- [           main] org.hibernate.SQL                        : select af1_0.id,af1_0.created_at,af1_0.name,af1_0.updated_at from accessibility_features af1_0
Hibernate: select af1_0.id,af1_0.created_at,af1_0.name,af1_0.updated_at from accessibility_features af1_0
2025-07-29T09:15:18.244+02:00 DEBUG 12740 --- [           main] org.hibernate.SQL                        : select d1_0.id,d1_0.available,d1_0.country_id,d1_0.created_at,d1_0.name,d1_0.type,d1_0.updated_at from destinations d1_0
Hibernate: select d1_0.id,d1_0.available,d1_0.country_id,d1_0.created_at,d1_0.name,d1_0.type,d1_0.updated_at from destinations d1_0
2025-07-29T09:15:18.245+02:00 DEBUG 12740 --- [           main] org.hibernate.SQL                        : delete from destinations where id=?
Hibernate: delete from destinations where id=?
2025-07-29T09:15:18.246+02:00 DEBUG 12740 --- [           main] org.hibernate.SQL                        : select s1_0.id,s1_0.created_at,s1_0.default_value,s1_0.description,s1_0.label,s1_0.setting_key,s1_0.updated_at from settings s1_0
Hibernate: select s1_0.id,s1_0.created_at,s1_0.default_value,s1_0.description,s1_0.label,s1_0.setting_key,s1_0.updated_at from settings s1_0
2025-07-29T09:15:18.247+02:00 DEBUG 12740 --- [           main] org.hibernate.SQL                        : select c1_0.id,c1_0.available,c1_0.created_at,c1_0.name,c1_0.updated_at from countries c1_0
Hibernate: select c1_0.id,c1_0.available,c1_0.created_at,c1_0.name,c1_0.updated_at from countries c1_0
2025-07-29T09:15:18.248+02:00 DEBUG 12740 --- [           main] org.hibernate.SQL                        : delete from countries where id=?
Hibernate: delete from countries where id=?
2025-07-29T09:15:18.249+02:00 DEBUG 12740 --- [           main] org.hibernate.SQL                        : select u1_0.id,u1_0.created_at,u1_0.email,u1_0.name,u1_0.nickname,u1_0.oauth_token,u1_0.password_hash,u1_0.phone,u1_0.platform,u1_0.updated_at from users u1_0
Hibernate: select u1_0.id,u1_0.created_at,u1_0.email,u1_0.name,u1_0.nickname,u1_0.oauth_token,u1_0.password_hash,u1_0.phone,u1_0.platform,u1_0.updated_at from users u1_0
2025-07-29T09:15:18.249+02:00 DEBUG 12740 --- [           main] org.hibernate.SQL                        : delete from users where id=?
Hibernate: delete from users where id=?
Clean complete.
2025-07-29T09:15:18.250+02:00 DEBUG 12740 --- [           main] org.hibernate.SQL                        : insert into countries (available,created_at,name,updated_at,id) values (?,?,?,?,?)
Hibernate: insert into countries (available,created_at,name,updated_at,id) values (?,?,?,?,?)
2025-07-29T09:15:18.306+02:00 DEBUG 12740 --- [           main] org.hibernate.SQL                        : insert into users (created_at,email,name,nickname,oauth_token,password_hash,phone,platform,updated_at,id) values (?,?,?,?,?,?,?,?,?,?)
Hibernate: insert into users (created_at,email,name,nickname,oauth_token,password_hash,phone,platform,updated_at,id) values (?,?,?,?,?,?,?,?,?,?)
2025-07-29T09:15:18.308+02:00 DEBUG 12740 --- [           main] org.hibernate.SQL                        : select u1_0.id,u1_0.created_at,u1_0.email,u1_0.name,u1_0.nickname,u1_0.oauth_token,u1_0.password_hash,u1_0.phone,u1_0.platform,u1_0.updated_at from users u1_0 where u1_0.email=?
Hibernate: select u1_0.id,u1_0.created_at,u1_0.email,u1_0.name,u1_0.nickname,u1_0.oauth_token,u1_0.password_hash,u1_0.phone,u1_0.platform,u1_0.updated_at from users u1_0 where u1_0.email=?
2025-07-29T09:15:18.368+02:00 DEBUG 12740 --- [           main] org.hibernate.SQL                        : select u1_0.id,u1_0.created_at,u1_0.email,u1_0.name,u1_0.nickname,u1_0.oauth_token,u1_0.password_hash,u1_0.phone,u1_0.platform,u1_0.updated_at from users u1_0 where u1_0.email=?
Hibernate: select u1_0.id,u1_0.created_at,u1_0.email,u1_0.name,u1_0.nickname,u1_0.oauth_token,u1_0.password_hash,u1_0.phone,u1_0.platform,u1_0.updated_at from users u1_0 where u1_0.email=?
2025-07-29T09:15:18.372+02:00 DEBUG 12740 --- [           main] org.hibernate.SQL                        : select c1_0.id,c1_0.available,c1_0.created_at,c1_0.name,c1_0.updated_at from countries c1_0 where c1_0.id=?
Hibernate: select c1_0.id,c1_0.available,c1_0.created_at,c1_0.name,c1_0.updated_at from countries c1_0 where c1_0.id=?
2025-07-29T09:15:18.373+02:00 DEBUG 12740 --- [           main] org.hibernate.SQL                        : insert into destinations (available,country_id,created_at,name,type,updated_at,id) values (?,?,?,?,?,?,?)
Hibernate: insert into destinations (available,country_id,created_at,name,type,updated_at,id) values (?,?,?,?,?,?,?)
2025-07-29T09:15:18.377+02:00 DEBUG 12740 --- [           main] org.hibernate.SQL                        : select u1_0.id,u1_0.created_at,u1_0.email,u1_0.name,u1_0.nickname,u1_0.oauth_token,u1_0.password_hash,u1_0.phone,u1_0.platform,u1_0.updated_at from users u1_0 where u1_0.email=?
Hibernate: select u1_0.id,u1_0.created_at,u1_0.email,u1_0.name,u1_0.nickname,u1_0.oauth_token,u1_0.password_hash,u1_0.phone,u1_0.platform,u1_0.updated_at from users u1_0 where u1_0.email=?
2025-07-29T09:15:18.381+02:00 DEBUG 12740 --- [           main] org.hibernate.SQL                        : select c1_0.id,c1_0.available,c1_0.created_at,c1_0.name,c1_0.updated_at from countries c1_0 where c1_0.id=?
Hibernate: select c1_0.id,c1_0.available,c1_0.created_at,c1_0.name,c1_0.updated_at from countries c1_0 where c1_0.id=?
2025-07-29T09:15:18.382+02:00 DEBUG 12740 --- [           main] org.hibernate.SQL                        : insert into destinations (available,country_id,created_at,name,type,updated_at,id) values (?,?,?,?,?,?,?)
Hibernate: insert into destinations (available,country_id,created_at,name,type,updated_at,id) values (?,?,?,?,?,?,?)
2025-07-29T09:15:18.386+02:00 DEBUG 12740 --- [           main] org.hibernate.SQL                        : select u1_0.id,u1_0.created_at,u1_0.email,u1_0.name,u1_0.nickname,u1_0.oauth_token,u1_0.password_hash,u1_0.phone,u1_0.platform,u1_0.updated_at from users u1_0 where u1_0.email=?
Hibernate: select u1_0.id,u1_0.created_at,u1_0.email,u1_0.name,u1_0.nickname,u1_0.oauth_token,u1_0.password_hash,u1_0.phone,u1_0.platform,u1_0.updated_at from users u1_0 where u1_0.email=?
2025-07-29T09:15:18.390+02:00 DEBUG 12740 --- [           main] org.hibernate.SQL                        : select c1_0.id,c1_0.available,c1_0.created_at,c1_0.name,c1_0.updated_at from countries c1_0 where c1_0.id=?
Hibernate: select c1_0.id,c1_0.available,c1_0.created_at,c1_0.name,c1_0.updated_at from countries c1_0 where c1_0.id=?
2025-07-29T09:15:18.391+02:00 DEBUG 12740 --- [           main] org.hibernate.SQL                        : insert into destinations (available,country_id,created_at,name,type,updated_at,id) values (?,?,?,?,?,?,?)
Hibernate: insert into destinations (available,country_id,created_at,name,type,updated_at,id) values (?,?,?,?,?,?,?)
2025-07-29T09:15:18.395+02:00 DEBUG 12740 --- [           main] org.hibernate.SQL                        : select u1_0.id,u1_0.created_at,u1_0.email,u1_0.name,u1_0.nickname,u1_0.oauth_token,u1_0.password_hash,u1_0.phone,u1_0.platform,u1_0.updated_at from users u1_0 where u1_0.email=?
Hibernate: select u1_0.id,u1_0.created_at,u1_0.email,u1_0.name,u1_0.nickname,u1_0.oauth_token,u1_0.password_hash,u1_0.phone,u1_0.platform,u1_0.updated_at from users u1_0 where u1_0.email=?
2025-07-29T09:15:18.400+02:00 DEBUG 12740 --- [           main] org.hibernate.SQL                        : select distinct d1_0.type from destinations d1_0
Hibernate: select distinct d1_0.type from destinations d1_0
]]></system-out>
  </testcase>
  <testcase name="shouldCreateDestinationAndFetchItById" classname="com.example.moonshot.destination.DestinationServiceTest" time="0.166">
    <system-out><![CDATA[Cleaning test data...
2025-07-29T09:15:18.423+02:00 DEBUG 12740 --- [           main] org.hibernate.SQL                        : select ia1_0.id,ia1_0.created_at,ia1_0.feature_id,ia1_0.itinerary_id,ia1_0.updated_at from itinerary_accessibility ia1_0
Hibernate: select ia1_0.id,ia1_0.created_at,ia1_0.feature_id,ia1_0.itinerary_id,ia1_0.updated_at from itinerary_accessibility ia1_0
2025-07-29T09:15:18.424+02:00 DEBUG 12740 --- [           main] org.hibernate.SQL                        : select r1_0.id,r1_0.comment,r1_0.created_at,r1_0.itinerary_id,r1_0.rating,r1_0.updated_at,r1_0.user_id from reviews r1_0
Hibernate: select r1_0.id,r1_0.comment,r1_0.created_at,r1_0.itinerary_id,r1_0.rating,r1_0.updated_at,r1_0.user_id from reviews r1_0
2025-07-29T09:15:18.425+02:00 DEBUG 12740 --- [           main] org.hibernate.SQL                        : select si1_0.id,si1_0.created_at,si1_0.itinerary_id,si1_0.saved_at,si1_0.updated_at,si1_0.user_id from saved_itineraries si1_0
Hibernate: select si1_0.id,si1_0.created_at,si1_0.itinerary_id,si1_0.saved_at,si1_0.updated_at,si1_0.user_id from saved_itineraries si1_0
2025-07-29T09:15:18.426+02:00 DEBUG 12740 --- [           main] org.hibernate.SQL                        : select is1_0.id,is1_0.created_at,is1_0.description,is1_0.itinerary_id,is1_0.latitude,is1_0.longitude,is1_0.step_index,is1_0.title,is1_0.updated_at from itinerary_steps is1_0
Hibernate: select is1_0.id,is1_0.created_at,is1_0.description,is1_0.itinerary_id,is1_0.latitude,is1_0.longitude,is1_0.step_index,is1_0.title,is1_0.updated_at from itinerary_steps is1_0
2025-07-29T09:15:18.427+02:00 DEBUG 12740 --- [           main] org.hibernate.SQL                        : select us1_0.id,us1_0.created_at,us1_0.setting_id,us1_0.updated_at,us1_0.user_id,us1_0."value" from user_settings us1_0
Hibernate: select us1_0.id,us1_0.created_at,us1_0.setting_id,us1_0.updated_at,us1_0.user_id,us1_0."value" from user_settings us1_0
2025-07-29T09:15:18.429+02:00 DEBUG 12740 --- [           main] org.hibernate.SQL                        : select uaf1_0.id,uaf1_0.created_at,uaf1_0.feature_id,uaf1_0.updated_at,uaf1_0.user_id from user_accessibility_features uaf1_0
Hibernate: select uaf1_0.id,uaf1_0.created_at,uaf1_0.feature_id,uaf1_0.updated_at,uaf1_0.user_id from user_accessibility_features uaf1_0
2025-07-29T09:15:18.430+02:00 DEBUG 12740 --- [           main] org.hibernate.SQL                        : select uca1_0.id,uca1_0.country_id,uca1_0.created_at,uca1_0.updated_at,uca1_0.user_id from user_country_access uca1_0
Hibernate: select uca1_0.id,uca1_0.country_id,uca1_0.created_at,uca1_0.updated_at,uca1_0.user_id from user_country_access uca1_0
2025-07-29T09:15:18.431+02:00 DEBUG 12740 --- [           main] org.hibernate.SQL                        : select usd1_0.id,usd1_0.created_at,usd1_0.destination_id,usd1_0.updated_at,usd1_0.user_id from user_selected_destinations usd1_0
Hibernate: select usd1_0.id,usd1_0.created_at,usd1_0.destination_id,usd1_0.updated_at,usd1_0.user_id from user_selected_destinations usd1_0
2025-07-29T09:15:18.432+02:00 DEBUG 12740 --- [           main] org.hibernate.SQL                        : select i1_0.id,i1_0.created_at,i1_0.description,i1_0.destination_id,i1_0.duration,i1_0.image_url,i1_0.price,i1_0.rating,i1_0.title,i1_0.updated_at from itineraries i1_0
Hibernate: select i1_0.id,i1_0.created_at,i1_0.description,i1_0.destination_id,i1_0.duration,i1_0.image_url,i1_0.price,i1_0.rating,i1_0.title,i1_0.updated_at from itineraries i1_0
2025-07-29T09:15:18.433+02:00 DEBUG 12740 --- [           main] org.hibernate.SQL                        : select af1_0.id,af1_0.created_at,af1_0.name,af1_0.updated_at from accessibility_features af1_0
Hibernate: select af1_0.id,af1_0.created_at,af1_0.name,af1_0.updated_at from accessibility_features af1_0
2025-07-29T09:15:18.434+02:00 DEBUG 12740 --- [           main] org.hibernate.SQL                        : select d1_0.id,d1_0.available,d1_0.country_id,d1_0.created_at,d1_0.name,d1_0.type,d1_0.updated_at from destinations d1_0
Hibernate: select d1_0.id,d1_0.available,d1_0.country_id,d1_0.created_at,d1_0.name,d1_0.type,d1_0.updated_at from destinations d1_0
2025-07-29T09:15:18.436+02:00 DEBUG 12740 --- [           main] org.hibernate.SQL                        : delete from destinations where id=?
Hibernate: delete from destinations where id=?
2025-07-29T09:15:18.436+02:00 DEBUG 12740 --- [           main] org.hibernate.SQL                        : delete from destinations where id=?
Hibernate: delete from destinations where id=?
2025-07-29T09:15:18.436+02:00 DEBUG 12740 --- [           main] org.hibernate.SQL                        : delete from destinations where id=?
Hibernate: delete from destinations where id=?
2025-07-29T09:15:18.437+02:00 DEBUG 12740 --- [           main] org.hibernate.SQL                        : select s1_0.id,s1_0.created_at,s1_0.default_value,s1_0.description,s1_0.label,s1_0.setting_key,s1_0.updated_at from settings s1_0
Hibernate: select s1_0.id,s1_0.created_at,s1_0.default_value,s1_0.description,s1_0.label,s1_0.setting_key,s1_0.updated_at from settings s1_0
2025-07-29T09:15:18.439+02:00 DEBUG 12740 --- [           main] org.hibernate.SQL                        : select c1_0.id,c1_0.available,c1_0.created_at,c1_0.name,c1_0.updated_at from countries c1_0
Hibernate: select c1_0.id,c1_0.available,c1_0.created_at,c1_0.name,c1_0.updated_at from countries c1_0
2025-07-29T09:15:18.439+02:00 DEBUG 12740 --- [           main] org.hibernate.SQL                        : delete from countries where id=?
Hibernate: delete from countries where id=?
2025-07-29T09:15:18.440+02:00 DEBUG 12740 --- [           main] org.hibernate.SQL                        : select u1_0.id,u1_0.created_at,u1_0.email,u1_0.name,u1_0.nickname,u1_0.oauth_token,u1_0.password_hash,u1_0.phone,u1_0.platform,u1_0.updated_at from users u1_0
Hibernate: select u1_0.id,u1_0.created_at,u1_0.email,u1_0.name,u1_0.nickname,u1_0.oauth_token,u1_0.password_hash,u1_0.phone,u1_0.platform,u1_0.updated_at from users u1_0
2025-07-29T09:15:18.441+02:00 DEBUG 12740 --- [           main] org.hibernate.SQL                        : delete from users where id=?
Hibernate: delete from users where id=?
Clean complete.
2025-07-29T09:15:18.442+02:00 DEBUG 12740 --- [           main] org.hibernate.SQL                        : insert into countries (available,created_at,name,updated_at,id) values (?,?,?,?,?)
Hibernate: insert into countries (available,created_at,name,updated_at,id) values (?,?,?,?,?)
2025-07-29T09:15:18.499+02:00 DEBUG 12740 --- [           main] org.hibernate.SQL                        : insert into users (created_at,email,name,nickname,oauth_token,password_hash,phone,platform,updated_at,id) values (?,?,?,?,?,?,?,?,?,?)
Hibernate: insert into users (created_at,email,name,nickname,oauth_token,password_hash,phone,platform,updated_at,id) values (?,?,?,?,?,?,?,?,?,?)
2025-07-29T09:15:18.502+02:00 DEBUG 12740 --- [           main] org.hibernate.SQL                        : select u1_0.id,u1_0.created_at,u1_0.email,u1_0.name,u1_0.nickname,u1_0.oauth_token,u1_0.password_hash,u1_0.phone,u1_0.platform,u1_0.updated_at from users u1_0 where u1_0.email=?
Hibernate: select u1_0.id,u1_0.created_at,u1_0.email,u1_0.name,u1_0.nickname,u1_0.oauth_token,u1_0.password_hash,u1_0.phone,u1_0.platform,u1_0.updated_at from users u1_0 where u1_0.email=?
2025-07-29T09:15:18.565+02:00 DEBUG 12740 --- [           main] org.hibernate.SQL                        : select u1_0.id,u1_0.created_at,u1_0.email,u1_0.name,u1_0.nickname,u1_0.oauth_token,u1_0.password_hash,u1_0.phone,u1_0.platform,u1_0.updated_at from users u1_0 where u1_0.email=?
Hibernate: select u1_0.id,u1_0.created_at,u1_0.email,u1_0.name,u1_0.nickname,u1_0.oauth_token,u1_0.password_hash,u1_0.phone,u1_0.platform,u1_0.updated_at from users u1_0 where u1_0.email=?
2025-07-29T09:15:18.569+02:00 DEBUG 12740 --- [           main] org.hibernate.SQL                        : select c1_0.id,c1_0.available,c1_0.created_at,c1_0.name,c1_0.updated_at from countries c1_0 where c1_0.id=?
Hibernate: select c1_0.id,c1_0.available,c1_0.created_at,c1_0.name,c1_0.updated_at from countries c1_0 where c1_0.id=?
2025-07-29T09:15:18.570+02:00 DEBUG 12740 --- [           main] org.hibernate.SQL                        : insert into destinations (available,country_id,created_at,name,type,updated_at,id) values (?,?,?,?,?,?,?)
Hibernate: insert into destinations (available,country_id,created_at,name,type,updated_at,id) values (?,?,?,?,?,?,?)
2025-07-29T09:15:18.579+02:00 DEBUG 12740 --- [           main] org.hibernate.SQL                        : select u1_0.id,u1_0.created_at,u1_0.email,u1_0.name,u1_0.nickname,u1_0.oauth_token,u1_0.password_hash,u1_0.phone,u1_0.platform,u1_0.updated_at from users u1_0 where u1_0.email=?
Hibernate: select u1_0.id,u1_0.created_at,u1_0.email,u1_0.name,u1_0.nickname,u1_0.oauth_token,u1_0.password_hash,u1_0.phone,u1_0.platform,u1_0.updated_at from users u1_0 where u1_0.email=?
2025-07-29T09:15:18.583+02:00 DEBUG 12740 --- [           main] org.hibernate.SQL                        : select d1_0.id,d1_0.available,d1_0.country_id,d1_0.created_at,d1_0.name,d1_0.type,d1_0.updated_at from destinations d1_0 where d1_0.id=?
Hibernate: select d1_0.id,d1_0.available,d1_0.country_id,d1_0.created_at,d1_0.name,d1_0.type,d1_0.updated_at from destinations d1_0 where d1_0.id=?
2025-07-29T09:15:18.584+02:00 DEBUG 12740 --- [           main] org.hibernate.SQL                        : select c1_0.id,c1_0.available,c1_0.created_at,c1_0.name,c1_0.updated_at from countries c1_0 where c1_0.id=?
Hibernate: select c1_0.id,c1_0.available,c1_0.created_at,c1_0.name,c1_0.updated_at from countries c1_0 where c1_0.id=?
]]></system-out>
  </testcase>
  <testcase name="shouldReturnOnlyAvailableDestinations" classname="com.example.moonshot.destination.DestinationServiceTest" time="0.176">
    <system-out><![CDATA[Cleaning test data...
2025-07-29T09:15:18.589+02:00 DEBUG 12740 --- [           main] org.hibernate.SQL                        : select ia1_0.id,ia1_0.created_at,ia1_0.feature_id,ia1_0.itinerary_id,ia1_0.updated_at from itinerary_accessibility ia1_0
Hibernate: select ia1_0.id,ia1_0.created_at,ia1_0.feature_id,ia1_0.itinerary_id,ia1_0.updated_at from itinerary_accessibility ia1_0
2025-07-29T09:15:18.591+02:00 DEBUG 12740 --- [           main] org.hibernate.SQL                        : select r1_0.id,r1_0.comment,r1_0.created_at,r1_0.itinerary_id,r1_0.rating,r1_0.updated_at,r1_0.user_id from reviews r1_0
Hibernate: select r1_0.id,r1_0.comment,r1_0.created_at,r1_0.itinerary_id,r1_0.rating,r1_0.updated_at,r1_0.user_id from reviews r1_0
2025-07-29T09:15:18.592+02:00 DEBUG 12740 --- [           main] org.hibernate.SQL                        : select si1_0.id,si1_0.created_at,si1_0.itinerary_id,si1_0.saved_at,si1_0.updated_at,si1_0.user_id from saved_itineraries si1_0
Hibernate: select si1_0.id,si1_0.created_at,si1_0.itinerary_id,si1_0.saved_at,si1_0.updated_at,si1_0.user_id from saved_itineraries si1_0
2025-07-29T09:15:18.592+02:00 DEBUG 12740 --- [           main] org.hibernate.SQL                        : select is1_0.id,is1_0.created_at,is1_0.description,is1_0.itinerary_id,is1_0.latitude,is1_0.longitude,is1_0.step_index,is1_0.title,is1_0.updated_at from itinerary_steps is1_0
Hibernate: select is1_0.id,is1_0.created_at,is1_0.description,is1_0.itinerary_id,is1_0.latitude,is1_0.longitude,is1_0.step_index,is1_0.title,is1_0.updated_at from itinerary_steps is1_0
2025-07-29T09:15:18.594+02:00 DEBUG 12740 --- [           main] org.hibernate.SQL                        : select us1_0.id,us1_0.created_at,us1_0.setting_id,us1_0.updated_at,us1_0.user_id,us1_0."value" from user_settings us1_0
Hibernate: select us1_0.id,us1_0.created_at,us1_0.setting_id,us1_0.updated_at,us1_0.user_id,us1_0."value" from user_settings us1_0
2025-07-29T09:15:18.595+02:00 DEBUG 12740 --- [           main] org.hibernate.SQL                        : select uaf1_0.id,uaf1_0.created_at,uaf1_0.feature_id,uaf1_0.updated_at,uaf1_0.user_id from user_accessibility_features uaf1_0
Hibernate: select uaf1_0.id,uaf1_0.created_at,uaf1_0.feature_id,uaf1_0.updated_at,uaf1_0.user_id from user_accessibility_features uaf1_0
2025-07-29T09:15:18.596+02:00 DEBUG 12740 --- [           main] org.hibernate.SQL                        : select uca1_0.id,uca1_0.country_id,uca1_0.created_at,uca1_0.updated_at,uca1_0.user_id from user_country_access uca1_0
Hibernate: select uca1_0.id,uca1_0.country_id,uca1_0.created_at,uca1_0.updated_at,uca1_0.user_id from user_country_access uca1_0
2025-07-29T09:15:18.598+02:00 DEBUG 12740 --- [           main] org.hibernate.SQL                        : select usd1_0.id,usd1_0.created_at,usd1_0.destination_id,usd1_0.updated_at,usd1_0.user_id from user_selected_destinations usd1_0
Hibernate: select usd1_0.id,usd1_0.created_at,usd1_0.destination_id,usd1_0.updated_at,usd1_0.user_id from user_selected_destinations usd1_0
2025-07-29T09:15:18.599+02:00 DEBUG 12740 --- [           main] org.hibernate.SQL                        : select i1_0.id,i1_0.created_at,i1_0.description,i1_0.destination_id,i1_0.duration,i1_0.image_url,i1_0.price,i1_0.rating,i1_0.title,i1_0.updated_at from itineraries i1_0
Hibernate: select i1_0.id,i1_0.created_at,i1_0.description,i1_0.destination_id,i1_0.duration,i1_0.image_url,i1_0.price,i1_0.rating,i1_0.title,i1_0.updated_at from itineraries i1_0
2025-07-29T09:15:18.600+02:00 DEBUG 12740 --- [           main] org.hibernate.SQL                        : select af1_0.id,af1_0.created_at,af1_0.name,af1_0.updated_at from accessibility_features af1_0
Hibernate: select af1_0.id,af1_0.created_at,af1_0.name,af1_0.updated_at from accessibility_features af1_0
2025-07-29T09:15:18.601+02:00 DEBUG 12740 --- [           main] org.hibernate.SQL                        : select d1_0.id,d1_0.available,d1_0.country_id,d1_0.created_at,d1_0.name,d1_0.type,d1_0.updated_at from destinations d1_0
Hibernate: select d1_0.id,d1_0.available,d1_0.country_id,d1_0.created_at,d1_0.name,d1_0.type,d1_0.updated_at from destinations d1_0
2025-07-29T09:15:18.602+02:00 DEBUG 12740 --- [           main] org.hibernate.SQL                        : delete from destinations where id=?
Hibernate: delete from destinations where id=?
2025-07-29T09:15:18.604+02:00 DEBUG 12740 --- [           main] org.hibernate.SQL                        : select s1_0.id,s1_0.created_at,s1_0.default_value,s1_0.description,s1_0.label,s1_0.setting_key,s1_0.updated_at from settings s1_0
Hibernate: select s1_0.id,s1_0.created_at,s1_0.default_value,s1_0.description,s1_0.label,s1_0.setting_key,s1_0.updated_at from settings s1_0
2025-07-29T09:15:18.605+02:00 DEBUG 12740 --- [           main] org.hibernate.SQL                        : select c1_0.id,c1_0.available,c1_0.created_at,c1_0.name,c1_0.updated_at from countries c1_0
Hibernate: select c1_0.id,c1_0.available,c1_0.created_at,c1_0.name,c1_0.updated_at from countries c1_0
2025-07-29T09:15:18.606+02:00 DEBUG 12740 --- [           main] org.hibernate.SQL                        : delete from countries where id=?
Hibernate: delete from countries where id=?
2025-07-29T09:15:18.607+02:00 DEBUG 12740 --- [           main] org.hibernate.SQL                        : select u1_0.id,u1_0.created_at,u1_0.email,u1_0.name,u1_0.nickname,u1_0.oauth_token,u1_0.password_hash,u1_0.phone,u1_0.platform,u1_0.updated_at from users u1_0
Hibernate: select u1_0.id,u1_0.created_at,u1_0.email,u1_0.name,u1_0.nickname,u1_0.oauth_token,u1_0.password_hash,u1_0.phone,u1_0.platform,u1_0.updated_at from users u1_0
2025-07-29T09:15:18.609+02:00 DEBUG 12740 --- [           main] org.hibernate.SQL                        : delete from users where id=?
Hibernate: delete from users where id=?
Clean complete.
2025-07-29T09:15:18.610+02:00 DEBUG 12740 --- [           main] org.hibernate.SQL                        : insert into countries (available,created_at,name,updated_at,id) values (?,?,?,?,?)
Hibernate: insert into countries (available,created_at,name,updated_at,id) values (?,?,?,?,?)
2025-07-29T09:15:18.668+02:00 DEBUG 12740 --- [           main] org.hibernate.SQL                        : insert into users (created_at,email,name,nickname,oauth_token,password_hash,phone,platform,updated_at,id) values (?,?,?,?,?,?,?,?,?,?)
Hibernate: insert into users (created_at,email,name,nickname,oauth_token,password_hash,phone,platform,updated_at,id) values (?,?,?,?,?,?,?,?,?,?)
2025-07-29T09:15:18.670+02:00 DEBUG 12740 --- [           main] org.hibernate.SQL                        : select u1_0.id,u1_0.created_at,u1_0.email,u1_0.name,u1_0.nickname,u1_0.oauth_token,u1_0.password_hash,u1_0.phone,u1_0.platform,u1_0.updated_at from users u1_0 where u1_0.email=?
Hibernate: select u1_0.id,u1_0.created_at,u1_0.email,u1_0.name,u1_0.nickname,u1_0.oauth_token,u1_0.password_hash,u1_0.phone,u1_0.platform,u1_0.updated_at from users u1_0 where u1_0.email=?
2025-07-29T09:15:18.731+02:00 DEBUG 12740 --- [           main] org.hibernate.SQL                        : select u1_0.id,u1_0.created_at,u1_0.email,u1_0.name,u1_0.nickname,u1_0.oauth_token,u1_0.password_hash,u1_0.phone,u1_0.platform,u1_0.updated_at from users u1_0 where u1_0.email=?
Hibernate: select u1_0.id,u1_0.created_at,u1_0.email,u1_0.name,u1_0.nickname,u1_0.oauth_token,u1_0.password_hash,u1_0.phone,u1_0.platform,u1_0.updated_at from users u1_0 where u1_0.email=?
2025-07-29T09:15:18.735+02:00 DEBUG 12740 --- [           main] org.hibernate.SQL                        : select c1_0.id,c1_0.available,c1_0.created_at,c1_0.name,c1_0.updated_at from countries c1_0 where c1_0.id=?
Hibernate: select c1_0.id,c1_0.available,c1_0.created_at,c1_0.name,c1_0.updated_at from countries c1_0 where c1_0.id=?
2025-07-29T09:15:18.736+02:00 DEBUG 12740 --- [           main] org.hibernate.SQL                        : insert into destinations (available,country_id,created_at,name,type,updated_at,id) values (?,?,?,?,?,?,?)
Hibernate: insert into destinations (available,country_id,created_at,name,type,updated_at,id) values (?,?,?,?,?,?,?)
2025-07-29T09:15:18.741+02:00 DEBUG 12740 --- [           main] org.hibernate.SQL                        : select u1_0.id,u1_0.created_at,u1_0.email,u1_0.name,u1_0.nickname,u1_0.oauth_token,u1_0.password_hash,u1_0.phone,u1_0.platform,u1_0.updated_at from users u1_0 where u1_0.email=?
Hibernate: select u1_0.id,u1_0.created_at,u1_0.email,u1_0.name,u1_0.nickname,u1_0.oauth_token,u1_0.password_hash,u1_0.phone,u1_0.platform,u1_0.updated_at from users u1_0 where u1_0.email=?
2025-07-29T09:15:18.744+02:00 DEBUG 12740 --- [           main] org.hibernate.SQL                        : select c1_0.id,c1_0.available,c1_0.created_at,c1_0.name,c1_0.updated_at from countries c1_0 where c1_0.id=?
Hibernate: select c1_0.id,c1_0.available,c1_0.created_at,c1_0.name,c1_0.updated_at from countries c1_0 where c1_0.id=?
2025-07-29T09:15:18.745+02:00 DEBUG 12740 --- [           main] org.hibernate.SQL                        : insert into destinations (available,country_id,created_at,name,type,updated_at,id) values (?,?,?,?,?,?,?)
Hibernate: insert into destinations (available,country_id,created_at,name,type,updated_at,id) values (?,?,?,?,?,?,?)
2025-07-29T09:15:18.749+02:00 DEBUG 12740 --- [           main] org.hibernate.SQL                        : select u1_0.id,u1_0.created_at,u1_0.email,u1_0.name,u1_0.nickname,u1_0.oauth_token,u1_0.password_hash,u1_0.phone,u1_0.platform,u1_0.updated_at from users u1_0 where u1_0.email=?
Hibernate: select u1_0.id,u1_0.created_at,u1_0.email,u1_0.name,u1_0.nickname,u1_0.oauth_token,u1_0.password_hash,u1_0.phone,u1_0.platform,u1_0.updated_at from users u1_0 where u1_0.email=?
2025-07-29T09:15:18.757+02:00 DEBUG 12740 --- [           main] org.hibernate.SQL                        : select d1_0.id,d1_0.available,d1_0.country_id,d1_0.created_at,d1_0.name,d1_0.type,d1_0.updated_at from destinations d1_0 where d1_0.available
Hibernate: select d1_0.id,d1_0.available,d1_0.country_id,d1_0.created_at,d1_0.name,d1_0.type,d1_0.updated_at from destinations d1_0 where d1_0.available
2025-07-29T09:15:18.758+02:00 DEBUG 12740 --- [           main] org.hibernate.SQL                        : select c1_0.id,c1_0.available,c1_0.created_at,c1_0.name,c1_0.updated_at from countries c1_0 where c1_0.id=?
Hibernate: select c1_0.id,c1_0.available,c1_0.created_at,c1_0.name,c1_0.updated_at from countries c1_0 where c1_0.id=?
]]></system-out>
  </testcase>
  <testcase name="shouldDeleteDestination" classname="com.example.moonshot.destination.DestinationServiceTest" time="0.155">
    <system-out><![CDATA[Cleaning test data...
2025-07-29T09:15:18.766+02:00 DEBUG 12740 --- [           main] org.hibernate.SQL                        : select ia1_0.id,ia1_0.created_at,ia1_0.feature_id,ia1_0.itinerary_id,ia1_0.updated_at from itinerary_accessibility ia1_0
Hibernate: select ia1_0.id,ia1_0.created_at,ia1_0.feature_id,ia1_0.itinerary_id,ia1_0.updated_at from itinerary_accessibility ia1_0
2025-07-29T09:15:18.768+02:00 DEBUG 12740 --- [           main] org.hibernate.SQL                        : select r1_0.id,r1_0.comment,r1_0.created_at,r1_0.itinerary_id,r1_0.rating,r1_0.updated_at,r1_0.user_id from reviews r1_0
Hibernate: select r1_0.id,r1_0.comment,r1_0.created_at,r1_0.itinerary_id,r1_0.rating,r1_0.updated_at,r1_0.user_id from reviews r1_0
2025-07-29T09:15:18.769+02:00 DEBUG 12740 --- [           main] org.hibernate.SQL                        : select si1_0.id,si1_0.created_at,si1_0.itinerary_id,si1_0.saved_at,si1_0.updated_at,si1_0.user_id from saved_itineraries si1_0
Hibernate: select si1_0.id,si1_0.created_at,si1_0.itinerary_id,si1_0.saved_at,si1_0.updated_at,si1_0.user_id from saved_itineraries si1_0
2025-07-29T09:15:18.771+02:00 DEBUG 12740 --- [           main] org.hibernate.SQL                        : select is1_0.id,is1_0.created_at,is1_0.description,is1_0.itinerary_id,is1_0.latitude,is1_0.longitude,is1_0.step_index,is1_0.title,is1_0.updated_at from itinerary_steps is1_0
Hibernate: select is1_0.id,is1_0.created_at,is1_0.description,is1_0.itinerary_id,is1_0.latitude,is1_0.longitude,is1_0.step_index,is1_0.title,is1_0.updated_at from itinerary_steps is1_0
2025-07-29T09:15:18.772+02:00 DEBUG 12740 --- [           main] org.hibernate.SQL                        : select us1_0.id,us1_0.created_at,us1_0.setting_id,us1_0.updated_at,us1_0.user_id,us1_0."value" from user_settings us1_0
Hibernate: select us1_0.id,us1_0.created_at,us1_0.setting_id,us1_0.updated_at,us1_0.user_id,us1_0."value" from user_settings us1_0
2025-07-29T09:15:18.773+02:00 DEBUG 12740 --- [           main] org.hibernate.SQL                        : select uaf1_0.id,uaf1_0.created_at,uaf1_0.feature_id,uaf1_0.updated_at,uaf1_0.user_id from user_accessibility_features uaf1_0
Hibernate: select uaf1_0.id,uaf1_0.created_at,uaf1_0.feature_id,uaf1_0.updated_at,uaf1_0.user_id from user_accessibility_features uaf1_0
2025-07-29T09:15:18.774+02:00 DEBUG 12740 --- [           main] org.hibernate.SQL                        : select uca1_0.id,uca1_0.country_id,uca1_0.created_at,uca1_0.updated_at,uca1_0.user_id from user_country_access uca1_0
Hibernate: select uca1_0.id,uca1_0.country_id,uca1_0.created_at,uca1_0.updated_at,uca1_0.user_id from user_country_access uca1_0
2025-07-29T09:15:18.775+02:00 DEBUG 12740 --- [           main] org.hibernate.SQL                        : select usd1_0.id,usd1_0.created_at,usd1_0.destination_id,usd1_0.updated_at,usd1_0.user_id from user_selected_destinations usd1_0
Hibernate: select usd1_0.id,usd1_0.created_at,usd1_0.destination_id,usd1_0.updated_at,usd1_0.user_id from user_selected_destinations usd1_0
2025-07-29T09:15:18.776+02:00 DEBUG 12740 --- [           main] org.hibernate.SQL                        : select i1_0.id,i1_0.created_at,i1_0.description,i1_0.destination_id,i1_0.duration,i1_0.image_url,i1_0.price,i1_0.rating,i1_0.title,i1_0.updated_at from itineraries i1_0
Hibernate: select i1_0.id,i1_0.created_at,i1_0.description,i1_0.destination_id,i1_0.duration,i1_0.image_url,i1_0.price,i1_0.rating,i1_0.title,i1_0.updated_at from itineraries i1_0
2025-07-29T09:15:18.777+02:00 DEBUG 12740 --- [           main] org.hibernate.SQL                        : select af1_0.id,af1_0.created_at,af1_0.name,af1_0.updated_at from accessibility_features af1_0
Hibernate: select af1_0.id,af1_0.created_at,af1_0.name,af1_0.updated_at from accessibility_features af1_0
2025-07-29T09:15:18.779+02:00 DEBUG 12740 --- [           main] org.hibernate.SQL                        : select d1_0.id,d1_0.available,d1_0.country_id,d1_0.created_at,d1_0.name,d1_0.type,d1_0.updated_at from destinations d1_0
Hibernate: select d1_0.id,d1_0.available,d1_0.country_id,d1_0.created_at,d1_0.name,d1_0.type,d1_0.updated_at from destinations d1_0
2025-07-29T09:15:18.780+02:00 DEBUG 12740 --- [           main] org.hibernate.SQL                        : delete from destinations where id=?
Hibernate: delete from destinations where id=?
2025-07-29T09:15:18.781+02:00 DEBUG 12740 --- [           main] org.hibernate.SQL                        : delete from destinations where id=?
Hibernate: delete from destinations where id=?
2025-07-29T09:15:18.782+02:00 DEBUG 12740 --- [           main] org.hibernate.SQL                        : select s1_0.id,s1_0.created_at,s1_0.default_value,s1_0.description,s1_0.label,s1_0.setting_key,s1_0.updated_at from settings s1_0
Hibernate: select s1_0.id,s1_0.created_at,s1_0.default_value,s1_0.description,s1_0.label,s1_0.setting_key,s1_0.updated_at from settings s1_0
2025-07-29T09:15:18.783+02:00 DEBUG 12740 --- [           main] org.hibernate.SQL                        : select c1_0.id,c1_0.available,c1_0.created_at,c1_0.name,c1_0.updated_at from countries c1_0
Hibernate: select c1_0.id,c1_0.available,c1_0.created_at,c1_0.name,c1_0.updated_at from countries c1_0
2025-07-29T09:15:18.784+02:00 DEBUG 12740 --- [           main] org.hibernate.SQL                        : delete from countries where id=?
Hibernate: delete from countries where id=?
2025-07-29T09:15:18.785+02:00 DEBUG 12740 --- [           main] org.hibernate.SQL                        : select u1_0.id,u1_0.created_at,u1_0.email,u1_0.name,u1_0.nickname,u1_0.oauth_token,u1_0.password_hash,u1_0.phone,u1_0.platform,u1_0.updated_at from users u1_0
Hibernate: select u1_0.id,u1_0.created_at,u1_0.email,u1_0.name,u1_0.nickname,u1_0.oauth_token,u1_0.password_hash,u1_0.phone,u1_0.platform,u1_0.updated_at from users u1_0
2025-07-29T09:15:18.785+02:00 DEBUG 12740 --- [           main] org.hibernate.SQL                        : delete from users where id=?
Hibernate: delete from users where id=?
Clean complete.
2025-07-29T09:15:18.786+02:00 DEBUG 12740 --- [           main] org.hibernate.SQL                        : insert into countries (available,created_at,name,updated_at,id) values (?,?,?,?,?)
Hibernate: insert into countries (available,created_at,name,updated_at,id) values (?,?,?,?,?)
2025-07-29T09:15:18.843+02:00 DEBUG 12740 --- [           main] org.hibernate.SQL                        : insert into users (created_at,email,name,nickname,oauth_token,password_hash,phone,platform,updated_at,id) values (?,?,?,?,?,?,?,?,?,?)
Hibernate: insert into users (created_at,email,name,nickname,oauth_token,password_hash,phone,platform,updated_at,id) values (?,?,?,?,?,?,?,?,?,?)
2025-07-29T09:15:18.845+02:00 DEBUG 12740 --- [           main] org.hibernate.SQL                        : select u1_0.id,u1_0.created_at,u1_0.email,u1_0.name,u1_0.nickname,u1_0.oauth_token,u1_0.password_hash,u1_0.phone,u1_0.platform,u1_0.updated_at from users u1_0 where u1_0.email=?
Hibernate: select u1_0.id,u1_0.created_at,u1_0.email,u1_0.name,u1_0.nickname,u1_0.oauth_token,u1_0.password_hash,u1_0.phone,u1_0.platform,u1_0.updated_at from users u1_0 where u1_0.email=?
2025-07-29T09:15:18.903+02:00 DEBUG 12740 --- [           main] org.hibernate.SQL                        : insert into destinations (available,country_id,created_at,name,type,updated_at,id) values (?,?,?,?,?,?,?)
Hibernate: insert into destinations (available,country_id,created_at,name,type,updated_at,id) values (?,?,?,?,?,?,?)
2025-07-29T09:15:18.906+02:00 DEBUG 12740 --- [           main] org.hibernate.SQL                        : select u1_0.id,u1_0.created_at,u1_0.email,u1_0.name,u1_0.nickname,u1_0.oauth_token,u1_0.password_hash,u1_0.phone,u1_0.platform,u1_0.updated_at from users u1_0 where u1_0.email=?
Hibernate: select u1_0.id,u1_0.created_at,u1_0.email,u1_0.name,u1_0.nickname,u1_0.oauth_token,u1_0.password_hash,u1_0.phone,u1_0.platform,u1_0.updated_at from users u1_0 where u1_0.email=?
2025-07-29T09:15:18.909+02:00 DEBUG 12740 --- [           main] org.hibernate.SQL                        : select d1_0.id,d1_0.available,d1_0.country_id,d1_0.created_at,d1_0.name,d1_0.type,d1_0.updated_at from destinations d1_0 where d1_0.id=?
Hibernate: select d1_0.id,d1_0.available,d1_0.country_id,d1_0.created_at,d1_0.name,d1_0.type,d1_0.updated_at from destinations d1_0 where d1_0.id=?
2025-07-29T09:15:18.910+02:00 DEBUG 12740 --- [           main] org.hibernate.SQL                        : delete from destinations where id=?
Hibernate: delete from destinations where id=?
2025-07-29T09:15:18.913+02:00 DEBUG 12740 --- [           main] org.hibernate.SQL                        : select u1_0.id,u1_0.created_at,u1_0.email,u1_0.name,u1_0.nickname,u1_0.oauth_token,u1_0.password_hash,u1_0.phone,u1_0.platform,u1_0.updated_at from users u1_0 where u1_0.email=?
Hibernate: select u1_0.id,u1_0.created_at,u1_0.email,u1_0.name,u1_0.nickname,u1_0.oauth_token,u1_0.password_hash,u1_0.phone,u1_0.platform,u1_0.updated_at from users u1_0 where u1_0.email=?
2025-07-29T09:15:18.916+02:00 DEBUG 12740 --- [           main] org.hibernate.SQL                        : select d1_0.id,d1_0.available,d1_0.country_id,d1_0.created_at,d1_0.name,d1_0.type,d1_0.updated_at from destinations d1_0 where d1_0.id=?
Hibernate: select d1_0.id,d1_0.available,d1_0.country_id,d1_0.created_at,d1_0.name,d1_0.type,d1_0.updated_at from destinations d1_0 where d1_0.id=?
]]></system-out>
  </testcase>
</testsuite>