<?xml version="1.0" encoding="UTF-8"?>
<testsuite xmlns:xsi="http://www.w3.org/2001/XMLSchema-instance" xsi:noNamespaceSchemaLocation="https://maven.apache.org/surefire/maven-surefire-plugin/xsd/surefire-test-report-3.0.xsd" version="3.0" name="com.example.moonshot.accessibilityfeature.AccessibilityFeatureServiceTest" time="6.484" tests="3" errors="0" skipped="0" failures="0">
  <properties>
[...]
</properties>
  <testcase name="shouldReturnAllFeatures" classname="com.example.moonshot.accessibilityfeature.AccessibilityFeatureServiceTest" time="0.909">
    <system-out><![CDATA[09:15:08.498 [main] INFO org.springframework.test.context.support.AnnotationConfigContextLoaderUtils -- Could not detect default configuration classes for test class [com.example.moonshot.accessibilityfeature.AccessibilityFeatureServiceTest]: AccessibilityFeatureServiceTest does not declare any static, non-private, non-final, nested classes annotated with @Configuration.
09:15:08.629 [main] INFO org.springframework.boot.test.context.SpringBootTestContextBootstrapper -- Found @SpringBootConfiguration com.example.moonshot.MoonshotProjectApplication for test class com.example.moonshot.accessibilityfeature.AccessibilityFeatureServiceTest

  .   ____          _            __ _ _
 /\\ / ___'_ __ _ _(_)_ __  __ _ \ \ \ \
( ( )\___ | '_ | '_| | '_ \/ _` | \ \ \ \
 \\/  ___)| |_)| | | | | || (_| |  ) ) ) )
  '  |____| .__|_| |_|_| |_\__, | / / / /
 =========|_|==============|___/=/_/_/_/

 :: Spring Boot ::                (v3.3.5)

2025-07-29T09:15:09.005+02:00  INFO 12740 --- [           main] c.e.m.a.AccessibilityFeatureServiceTest  : Starting AccessibilityFeatureServiceTest using Java 21.0.7 with PID 12740 (started by david in D:\Documents\moonshot-project)
2025-07-29T09:15:09.006+02:00  INFO 12740 --- [           main] c.e.m.a.AccessibilityFeatureServiceTest  : No active profile set, falling back to 1 default profile: "default"
2025-07-29T09:15:09.640+02:00  INFO 12740 --- [           main] .s.d.r.c.RepositoryConfigurationDelegate : Bootstrapping Spring Data JPA repositories in DEFAULT mode.
2025-07-29T09:15:09.741+02:00  INFO 12740 --- [           main] .s.d.r.c.RepositoryConfigurationDelegate : Finished Spring Data repository scanning in 95 ms. Found 14 JPA repository interfaces.
2025-07-29T09:15:10.284+02:00  INFO 12740 --- [           main] o.s.b.w.embedded.tomcat.TomcatWebServer  : Tomcat initialized with port 0 (http)
2025-07-29T09:15:10.295+02:00  INFO 12740 --- [           main] o.apache.catalina.core.StandardService   : Starting service [Tomcat]
2025-07-29T09:15:10.295+02:00  INFO 12740 --- [           main] o.apache.catalina.core.StandardEngine    : Starting Servlet engine: [Apache Tomcat/10.1.31]
2025-07-29T09:15:10.351+02:00  INFO 12740 --- [           main] o.a.c.c.C.[Tomcat].[localhost].[/]       : Initializing Spring embedded WebApplicationContext
2025-07-29T09:15:10.352+02:00  INFO 12740 --- [           main] w.s.c.ServletWebServerApplicationContext : Root WebApplicationContext: initialization completed in 1334 ms
2025-07-29T09:15:10.507+02:00  INFO 12740 --- [           main] o.hibernate.jpa.internal.util.LogHelper  : HHH000204: Processing PersistenceUnitInfo [name: default]
2025-07-29T09:15:10.564+02:00  INFO 12740 --- [           main] org.hibernate.Version                    : HHH000412: Hibernate ORM core version 6.5.3.Final
2025-07-29T09:15:10.598+02:00  INFO 12740 --- [           main] o.h.c.internal.RegionFactoryInitiator    : HHH000026: Second-level cache disabled
2025-07-29T09:15:10.872+02:00  INFO 12740 --- [           main] o.s.o.j.p.SpringPersistenceUnitInfo      : No LoadTimeWeaver setup: ignoring JPA class transformer
2025-07-29T09:15:10.901+02:00  INFO 12740 --- [           main] com.zaxxer.hikari.HikariDataSource       : HikariPool-1 - Starting...
2025-07-29T09:15:11.053+02:00  INFO 12740 --- [           main] com.zaxxer.hikari.pool.HikariPool        : HikariPool-1 - Added connection conn0: url=jdbc:h2:mem:testdb user=SA
2025-07-29T09:15:11.059+02:00  INFO 12740 --- [           main] com.zaxxer.hikari.HikariDataSource       : HikariPool-1 - Start completed.
2025-07-29T09:15:11.081+02:00  WARN 12740 --- [           main] org.hibernate.orm.deprecation            : HHH90000025: H2Dialect does not need to be specified explicitly using 'hibernate.dialect' (remove the property setting and it will be selected by default)
2025-07-29T09:15:11.936+02:00  INFO 12740 --- [           main] o.h.e.t.j.p.i.JtaPlatformInitiator       : HHH000489: No JTA platform available (set 'hibernate.transaction.jta.platform' to enable JTA platform integration)
2025-07-29T09:15:11.977+02:00 DEBUG 12740 --- [           main] org.hibernate.SQL                        : create table accessibility_features (id uuid not null, created_at timestamp(6) not null, name varchar(255) not null, updated_at timestamp(6), primary key (id))
Hibernate: create table accessibility_features (id uuid not null, created_at timestamp(6) not null, name varchar(255) not null, updated_at timestamp(6), primary key (id))
2025-07-29T09:15:11.983+02:00 DEBUG 12740 --- [           main] org.hibernate.SQL                        : create table countries (id uuid not null, available boolean not null, created_at timestamp(6) not null, name varchar(255) not null, updated_at timestamp(6), primary key (id))
Hibernate: create table countries (id uuid not null, available boolean not null, created_at timestamp(6) not null, name varchar(255) not null, updated_at timestamp(6), primary key (id))
2025-07-29T09:15:11.984+02:00 DEBUG 12740 --- [           main] org.hibernate.SQL                        : create table destinations (id uuid not null, available boolean not null, created_at timestamp(6) not null, name varchar(255) not null, type varchar(255) not null, updated_at timestamp(6), country_id uuid not null, primary key (id))
Hibernate: create table destinations (id uuid not null, available boolean not null, created_at timestamp(6) not null, name varchar(255) not null, type varchar(255) not null, updated_at timestamp(6), country_id uuid not null, primary key (id))
2025-07-29T09:15:11.985+02:00 DEBUG 12740 --- [           main] org.hibernate.SQL                        : create table itineraries (id uuid not null, created_at timestamp(6) not null, description TEXT, duration integer, image_url varchar(255), price numeric(38,2), rating float(24), title varchar(255) not null, updated_at timestamp(6), destination_id uuid not null, primary key (id))
Hibernate: create table itineraries (id uuid not null, created_at timestamp(6) not null, description TEXT, duration integer, image_url varchar(255), price numeric(38,2), rating float(24), title varchar(255) not null, updated_at timestamp(6), destination_id uuid not null, primary key (id))
2025-07-29T09:15:11.986+02:00 DEBUG 12740 --- [           main] org.hibernate.SQL                        : create table itinerary_accessibility (id uuid not null, created_at timestamp(6) not null, updated_at timestamp(6), feature_id uuid not null, itinerary_id uuid not null, primary key (id))
Hibernate: create table itinerary_accessibility (id uuid not null, created_at timestamp(6) not null, updated_at timestamp(6), feature_id uuid not null, itinerary_id uuid not null, primary key (id))
2025-07-29T09:15:11.987+02:00 DEBUG 12740 --- [           main] org.hibernate.SQL                        : create table itinerary_steps (id uuid not null, created_at timestamp(6) not null, description TEXT, latitude numeric(10,6), longitude numeric(10,6), step_index integer not null, title varchar(255) not null, updated_at timestamp(6), itinerary_id uuid not null, primary key (id))
Hibernate: create table itinerary_steps (id uuid not null, created_at timestamp(6) not null, description TEXT, latitude numeric(10,6), longitude numeric(10,6), step_index integer not null, title varchar(255) not null, updated_at timestamp(6), itinerary_id uuid not null, primary key (id))
2025-07-29T09:15:11.988+02:00 DEBUG 12740 --- [           main] org.hibernate.SQL                        : create table reviews (id uuid not null, comment TEXT, created_at timestamp(6) not null, rating float(24), updated_at timestamp(6), itinerary_id uuid not null, user_id uuid not null, primary key (id))
Hibernate: create table reviews (id uuid not null, comment TEXT, created_at timestamp(6) not null, rating float(24), updated_at timestamp(6), itinerary_id uuid not null, user_id uuid not null, primary key (id))
2025-07-29T09:15:11.989+02:00 DEBUG 12740 --- [           main] org.hibernate.SQL                        : create table saved_itineraries (id uuid not null, created_at timestamp(6) not null, saved_at timestamp(6) not null, updated_at timestamp(6), itinerary_id uuid not null, user_id uuid not null, primary key (id))
Hibernate: create table saved_itineraries (id uuid not null, created_at timestamp(6) not null, saved_at timestamp(6) not null, updated_at timestamp(6), itinerary_id uuid not null, user_id uuid not null, primary key (id))
2025-07-29T09:15:11.991+02:00 DEBUG 12740 --- [           main] org.hibernate.SQL                        : create table settings (id uuid not null, created_at timestamp(6) not null, default_value boolean not null, description TEXT, label varchar(255) not null, setting_key varchar(255) not null, updated_at timestamp(6), primary key (id))
Hibernate: create table settings (id uuid not null, created_at timestamp(6) not null, default_value boolean not null, description TEXT, label varchar(255) not null, setting_key varchar(255) not null, updated_at timestamp(6), primary key (id))
2025-07-29T09:15:11.992+02:00 DEBUG 12740 --- [           main] org.hibernate.SQL                        : create table user_accessibility_features (id uuid not null, created_at timestamp(6) not null, updated_at timestamp(6), feature_id uuid not null, user_id uuid not null, primary key (id))
Hibernate: create table user_accessibility_features (id uuid not null, created_at timestamp(6) not null, updated_at timestamp(6), feature_id uuid not null, user_id uuid not null, primary key (id))
2025-07-29T09:15:11.993+02:00 DEBUG 12740 --- [           main] org.hibernate.SQL                        : create table user_country_access (id uuid not null, created_at timestamp(6) not null, updated_at timestamp(6), country_id uuid not null, user_id uuid not null, primary key (id))
Hibernate: create table user_country_access (id uuid not null, created_at timestamp(6) not null, updated_at timestamp(6), country_id uuid not null, user_id uuid not null, primary key (id))
2025-07-29T09:15:11.994+02:00 DEBUG 12740 --- [           main] org.hibernate.SQL                        : create table user_selected_destinations (id uuid not null, created_at timestamp(6) not null, updated_at timestamp(6), destination_id uuid not null, user_id uuid not null, primary key (id))
Hibernate: create table user_selected_destinations (id uuid not null, created_at timestamp(6) not null, updated_at timestamp(6), destination_id uuid not null, user_id uuid not null, primary key (id))
2025-07-29T09:15:11.994+02:00 DEBUG 12740 --- [           main] org.hibernate.SQL                        : create table user_settings (id uuid not null, created_at timestamp(6) not null, updated_at timestamp(6), "value" boolean not null, setting_id uuid not null, user_id uuid not null, primary key (id))
Hibernate: create table user_settings (id uuid not null, created_at timestamp(6) not null, updated_at timestamp(6), "value" boolean not null, setting_id uuid not null, user_id uuid not null, primary key (id))
2025-07-29T09:15:11.995+02:00 DEBUG 12740 --- [           main] org.hibernate.SQL                        : create table users (id uuid not null, created_at timestamp(6) not null, email varchar(255) not null, name varchar(255) not null, nickname varchar(255), oauth_token varchar(255), password_hash varchar(255), phone varchar(255), platform varchar(255) not null, updated_at timestamp(6), primary key (id))
Hibernate: create table users (id uuid not null, created_at timestamp(6) not null, email varchar(255) not null, name varchar(255) not null, nickname varchar(255), oauth_token varchar(255), password_hash varchar(255), phone varchar(255), platform varchar(255) not null, updated_at timestamp(6), primary key (id))
2025-07-29T09:15:11.997+02:00 DEBUG 12740 --- [           main] org.hibernate.SQL                        : alter table if exists accessibility_features drop constraint if exists UKfg546152rstjbjvtar0tep962
Hibernate: alter table if exists accessibility_features drop constraint if exists UKfg546152rstjbjvtar0tep962
2025-07-29T09:15:11.997+02:00 DEBUG 12740 --- [           main] org.hibernate.SQL                        : alter table if exists accessibility_features add constraint UKfg546152rstjbjvtar0tep962 unique (name)
Hibernate: alter table if exists accessibility_features add constraint UKfg546152rstjbjvtar0tep962 unique (name)
2025-07-29T09:15:11.998+02:00 DEBUG 12740 --- [           main] org.hibernate.SQL                        : alter table if exists countries drop constraint if exists UK1pyiwrqimi3hnl3vtgsypj5r
Hibernate: alter table if exists countries drop constraint if exists UK1pyiwrqimi3hnl3vtgsypj5r
2025-07-29T09:15:11.998+02:00 DEBUG 12740 --- [           main] org.hibernate.SQL                        : alter table if exists countries add constraint UK1pyiwrqimi3hnl3vtgsypj5r unique (name)
Hibernate: alter table if exists countries add constraint UK1pyiwrqimi3hnl3vtgsypj5r unique (name)
2025-07-29T09:15:11.999+02:00 DEBUG 12740 --- [           main] org.hibernate.SQL                        : alter table if exists itinerary_accessibility drop constraint if exists UK70806kngg5776rkdt86j1bg7n
Hibernate: alter table if exists itinerary_accessibility drop constraint if exists UK70806kngg5776rkdt86j1bg7n
2025-07-29T09:15:11.999+02:00 DEBUG 12740 --- [           main] org.hibernate.SQL                        : alter table if exists itinerary_accessibility add constraint UK70806kngg5776rkdt86j1bg7n unique (itinerary_id, feature_id)
Hibernate: alter table if exists itinerary_accessibility add constraint UK70806kngg5776rkdt86j1bg7n unique (itinerary_id, feature_id)
2025-07-29T09:15:12.000+02:00 DEBUG 12740 --- [           main] org.hibernate.SQL                        : alter table if exists settings drop constraint if exists UKswd05dvj4ukvw5q135bpbbfae
Hibernate: alter table if exists settings drop constraint if exists UKswd05dvj4ukvw5q135bpbbfae
2025-07-29T09:15:12.000+02:00 DEBUG 12740 --- [           main] org.hibernate.SQL                        : alter table if exists settings add constraint UKswd05dvj4ukvw5q135bpbbfae unique (setting_key)
Hibernate: alter table if exists settings add constraint UKswd05dvj4ukvw5q135bpbbfae unique (setting_key)
2025-07-29T09:15:12.000+02:00 DEBUG 12740 --- [           main] org.hibernate.SQL                        : alter table if exists user_accessibility_features drop constraint if exists UK8l49qwf5nkjd7ltkktvgg144v
Hibernate: alter table if exists user_accessibility_features drop constraint if exists UK8l49qwf5nkjd7ltkktvgg144v
2025-07-29T09:15:12.000+02:00 DEBUG 12740 --- [           main] org.hibernate.SQL                        : alter table if exists user_accessibility_features add constraint UK8l49qwf5nkjd7ltkktvgg144v unique (user_id, feature_id)
Hibernate: alter table if exists user_accessibility_features add constraint UK8l49qwf5nkjd7ltkktvgg144v unique (user_id, feature_id)
2025-07-29T09:15:12.001+02:00 DEBUG 12740 --- [           main] org.hibernate.SQL                        : alter table if exists user_country_access drop constraint if exists UKec46rek6t8y8sn6fjb9aosd2l
Hibernate: alter table if exists user_country_access drop constraint if exists UKec46rek6t8y8sn6fjb9aosd2l
2025-07-29T09:15:12.001+02:00 DEBUG 12740 --- [           main] org.hibernate.SQL                        : alter table if exists user_country_access add constraint UKec46rek6t8y8sn6fjb9aosd2l unique (user_id, country_id)
Hibernate: alter table if exists user_country_access add constraint UKec46rek6t8y8sn6fjb9aosd2l unique (user_id, country_id)
2025-07-29T09:15:12.001+02:00 DEBUG 12740 --- [           main] org.hibernate.SQL                        : alter table if exists user_selected_destinations drop constraint if exists UKr66e34uq8l0046mba93mwk8k4
Hibernate: alter table if exists user_selected_destinations drop constraint if exists UKr66e34uq8l0046mba93mwk8k4
2025-07-29T09:15:12.002+02:00 DEBUG 12740 --- [           main] org.hibernate.SQL                        : alter table if exists user_selected_destinations add constraint UKr66e34uq8l0046mba93mwk8k4 unique (user_id, destination_id)
Hibernate: alter table if exists user_selected_destinations add constraint UKr66e34uq8l0046mba93mwk8k4 unique (user_id, destination_id)
2025-07-29T09:15:12.002+02:00 DEBUG 12740 --- [           main] org.hibernate.SQL                        : alter table if exists user_settings drop constraint if exists UKfhktb05lyw3ujt954esbjn1hp
Hibernate: alter table if exists user_settings drop constraint if exists UKfhktb05lyw3ujt954esbjn1hp
2025-07-29T09:15:12.002+02:00 DEBUG 12740 --- [           main] org.hibernate.SQL                        : alter table if exists user_settings add constraint UKfhktb05lyw3ujt954esbjn1hp unique (user_id, setting_id)
Hibernate: alter table if exists user_settings add constraint UKfhktb05lyw3ujt954esbjn1hp unique (user_id, setting_id)
2025-07-29T09:15:12.003+02:00 DEBUG 12740 --- [           main] org.hibernate.SQL                        : alter table if exists users drop constraint if exists UK6dotkott2kjsp8vw4d0m25fb7
Hibernate: alter table if exists users drop constraint if exists UK6dotkott2kjsp8vw4d0m25fb7
2025-07-29T09:15:12.003+02:00 DEBUG 12740 --- [           main] org.hibernate.SQL                        : alter table if exists users add constraint UK6dotkott2kjsp8vw4d0m25fb7 unique (email)
Hibernate: alter table if exists users add constraint UK6dotkott2kjsp8vw4d0m25fb7 unique (email)
2025-07-29T09:15:12.004+02:00 DEBUG 12740 --- [           main] org.hibernate.SQL                        : alter table if exists destinations add constraint FKekpb47cct7wijcnqpb7fjhxma foreign key (country_id) references countries
Hibernate: alter table if exists destinations add constraint FKekpb47cct7wijcnqpb7fjhxma foreign key (country_id) references countries
2025-07-29T09:15:12.008+02:00 DEBUG 12740 --- [           main] org.hibernate.SQL                        : alter table if exists itineraries add constraint FKjof330tfrq1p882rcqnwovrq0 foreign key (destination_id) references destinations
Hibernate: alter table if exists itineraries add constraint FKjof330tfrq1p882rcqnwovrq0 foreign key (destination_id) references destinations
2025-07-29T09:15:12.010+02:00 DEBUG 12740 --- [           main] org.hibernate.SQL                        : alter table if exists itinerary_accessibility add constraint FK3deakvt10x2lykcpg9vl6joo7 foreign key (feature_id) references accessibility_features
Hibernate: alter table if exists itinerary_accessibility add constraint FK3deakvt10x2lykcpg9vl6joo7 foreign key (feature_id) references accessibility_features
2025-07-29T09:15:12.010+02:00 DEBUG 12740 --- [           main] org.hibernate.SQL                        : alter table if exists itinerary_accessibility add constraint FKsoirt5qt1srhi8mbpa70j07xc foreign key (itinerary_id) references itineraries
Hibernate: alter table if exists itinerary_accessibility add constraint FKsoirt5qt1srhi8mbpa70j07xc foreign key (itinerary_id) references itineraries
2025-07-29T09:15:12.011+02:00 DEBUG 12740 --- [           main] org.hibernate.SQL                        : alter table if exists itinerary_steps add constraint FKffj757wfaug2imwwksinxkb78 foreign key (itinerary_id) references itineraries
Hibernate: alter table if exists itinerary_steps add constraint FKffj757wfaug2imwwksinxkb78 foreign key (itinerary_id) references itineraries
2025-07-29T09:15:12.012+02:00 DEBUG 12740 --- [           main] org.hibernate.SQL                        : alter table if exists reviews add constraint FKm2c0opulxqwsdnbrfi6khm0w6 foreign key (itinerary_id) references itineraries
Hibernate: alter table if exists reviews add constraint FKm2c0opulxqwsdnbrfi6khm0w6 foreign key (itinerary_id) references itineraries
2025-07-29T09:15:12.013+02:00 DEBUG 12740 --- [           main] org.hibernate.SQL                        : alter table if exists reviews add constraint FKcgy7qjc1r99dp117y9en6lxye foreign key (user_id) references users
Hibernate: alter table if exists reviews add constraint FKcgy7qjc1r99dp117y9en6lxye foreign key (user_id) references users
2025-07-29T09:15:12.014+02:00 DEBUG 12740 --- [           main] org.hibernate.SQL                        : alter table if exists saved_itineraries add constraint FKf3jr1p2diiwa0qpbi4ob77rf6 foreign key (itinerary_id) references itineraries
Hibernate: alter table if exists saved_itineraries add constraint FKf3jr1p2diiwa0qpbi4ob77rf6 foreign key (itinerary_id) references itineraries
2025-07-29T09:15:12.015+02:00 DEBUG 12740 --- [           main] org.hibernate.SQL                        : alter table if exists saved_itineraries add constraint FK6oej72hl93aqeo7papaaq7kcv foreign key (user_id) references users
Hibernate: alter table if exists saved_itineraries add constraint FK6oej72hl93aqeo7papaaq7kcv foreign key (user_id) references users
2025-07-29T09:15:12.017+02:00 DEBUG 12740 --- [           main] org.hibernate.SQL                        : alter table if exists user_accessibility_features add constraint FK3xv7m2n1umb0k64u7hhlao5p5 foreign key (feature_id) references accessibility_features
Hibernate: alter table if exists user_accessibility_features add constraint FK3xv7m2n1umb0k64u7hhlao5p5 foreign key (feature_id) references accessibility_features
2025-07-29T09:15:12.017+02:00 DEBUG 12740 --- [           main] org.hibernate.SQL                        : alter table if exists user_accessibility_features add constraint FKpcywjy1kjp4md1nxalqv569ea foreign key (user_id) references users
Hibernate: alter table if exists user_accessibility_features add constraint FKpcywjy1kjp4md1nxalqv569ea foreign key (user_id) references users
2025-07-29T09:15:12.018+02:00 DEBUG 12740 --- [           main] org.hibernate.SQL                        : alter table if exists user_country_access add constraint FKb5qgiaidqpuf7ah1rllmdmg16 foreign key (country_id) references countries
Hibernate: alter table if exists user_country_access add constraint FKb5qgiaidqpuf7ah1rllmdmg16 foreign key (country_id) references countries
2025-07-29T09:15:12.019+02:00 DEBUG 12740 --- [           main] org.hibernate.SQL                        : alter table if exists user_country_access add constraint FKj04y69k196w3gtqep1n7v4x7j foreign key (user_id) references users
Hibernate: alter table if exists user_country_access add constraint FKj04y69k196w3gtqep1n7v4x7j foreign key (user_id) references users
2025-07-29T09:15:12.020+02:00 DEBUG 12740 --- [           main] org.hibernate.SQL                        : alter table if exists user_selected_destinations add constraint FK9hwc7a883n6lf49rk6atb6fnc foreign key (destination_id) references destinations
Hibernate: alter table if exists user_selected_destinations add constraint FK9hwc7a883n6lf49rk6atb6fnc foreign key (destination_id) references destinations
2025-07-29T09:15:12.022+02:00 DEBUG 12740 --- [           main] org.hibernate.SQL                        : alter table if exists user_selected_destinations add constraint FK2asph6vi4229cm9v4obfyn0l foreign key (user_id) references users
Hibernate: alter table if exists user_selected_destinations add constraint FK2asph6vi4229cm9v4obfyn0l foreign key (user_id) references users
2025-07-29T09:15:12.023+02:00 DEBUG 12740 --- [           main] org.hibernate.SQL                        : alter table if exists user_settings add constraint FKasfvw4q224wu9ioqpxj5486uf foreign key (setting_id) references settings
Hibernate: alter table if exists user_settings add constraint FKasfvw4q224wu9ioqpxj5486uf foreign key (setting_id) references settings
2025-07-29T09:15:12.024+02:00 DEBUG 12740 --- [           main] org.hibernate.SQL                        : alter table if exists user_settings add constraint FK8v82nj88rmai0nyck19f873dw foreign key (user_id) references users
Hibernate: alter table if exists user_settings add constraint FK8v82nj88rmai0nyck19f873dw foreign key (user_id) references users
2025-07-29T09:15:12.026+02:00  INFO 12740 --- [           main] j.LocalContainerEntityManagerFactoryBean : Initialized JPA EntityManagerFactory for persistence unit 'default'
2025-07-29T09:15:12.238+02:00  INFO 12740 --- [           main] o.s.d.j.r.query.QueryEnhancerFactory     : Hibernate is in classpath; If applicable, HQL parser will be used.
2025-07-29T09:15:13.019+02:00  WARN 12740 --- [           main] JpaBaseConfiguration$JpaWebConfiguration : spring.jpa.open-in-view is enabled by default. Therefore, database queries may be performed during view rendering. Explicitly configure spring.jpa.open-in-view to disable this warning
2025-07-29T09:15:13.050+02:00  INFO 12740 --- [           main] r$InitializeUserDetailsManagerConfigurer : Global AuthenticationManager configured with UserDetailsService bean with name userDetailsServiceImpl
2025-07-29T09:15:13.529+02:00  INFO 12740 --- [           main] o.a.c.c.C.[Tomcat].[localhost].[/]       : Initializing Spring TestDispatcherServlet ''
2025-07-29T09:15:13.529+02:00  INFO 12740 --- [           main] o.s.t.web.servlet.TestDispatcherServlet  : Initializing Servlet ''
2025-07-29T09:15:13.530+02:00  INFO 12740 --- [           main] o.s.t.web.servlet.TestDispatcherServlet  : Completed initialization in 1 ms
2025-07-29T09:15:13.575+02:00  INFO 12740 --- [           main] o.s.b.w.embedded.tomcat.TomcatWebServer  : Tomcat started on port 64126 (http) with context path '/'
2025-07-29T09:15:13.582+02:00  INFO 12740 --- [           main] c.e.m.a.AccessibilityFeatureServiceTest  : Started AccessibilityFeatureServiceTest in 4.838 seconds (process running for 5.837)
Cleaning test data...
2025-07-29T09:15:14.047+02:00 DEBUG 12740 --- [           main] org.hibernate.SQL                        : select ia1_0.id,ia1_0.created_at,ia1_0.feature_id,ia1_0.itinerary_id,ia1_0.updated_at from itinerary_accessibility ia1_0
Hibernate: select ia1_0.id,ia1_0.created_at,ia1_0.feature_id,ia1_0.itinerary_id,ia1_0.updated_at from itinerary_accessibility ia1_0
2025-07-29T09:15:14.054+02:00 DEBUG 12740 --- [           main] org.hibernate.SQL                        : select r1_0.id,r1_0.comment,r1_0.created_at,r1_0.itinerary_id,r1_0.rating,r1_0.updated_at,r1_0.user_id from reviews r1_0
Hibernate: select r1_0.id,r1_0.comment,r1_0.created_at,r1_0.itinerary_id,r1_0.rating,r1_0.updated_at,r1_0.user_id from reviews r1_0
2025-07-29T09:15:14.055+02:00 DEBUG 12740 --- [           main] org.hibernate.SQL                        : select si1_0.id,si1_0.created_at,si1_0.itinerary_id,si1_0.saved_at,si1_0.updated_at,si1_0.user_id from saved_itineraries si1_0
Hibernate: select si1_0.id,si1_0.created_at,si1_0.itinerary_id,si1_0.saved_at,si1_0.updated_at,si1_0.user_id from saved_itineraries si1_0
2025-07-29T09:15:14.057+02:00 DEBUG 12740 --- [           main] org.hibernate.SQL                        : select is1_0.id,is1_0.created_at,is1_0.description,is1_0.itinerary_id,is1_0.latitude,is1_0.longitude,is1_0.step_index,is1_0.title,is1_0.updated_at from itinerary_steps is1_0
Hibernate: select is1_0.id,is1_0.created_at,is1_0.description,is1_0.itinerary_id,is1_0.latitude,is1_0.longitude,is1_0.step_index,is1_0.title,is1_0.updated_at from itinerary_steps is1_0
2025-07-29T09:15:14.058+02:00 DEBUG 12740 --- [           main] org.hibernate.SQL                        : select us1_0.id,us1_0.created_at,us1_0.setting_id,us1_0.updated_at,us1_0.user_id,us1_0."value" from user_settings us1_0
Hibernate: select us1_0.id,us1_0.created_at,us1_0.setting_id,us1_0.updated_at,us1_0.user_id,us1_0."value" from user_settings us1_0
2025-07-29T09:15:14.059+02:00 DEBUG 12740 --- [           main] org.hibernate.SQL                        : select uaf1_0.id,uaf1_0.created_at,uaf1_0.feature_id,uaf1_0.updated_at,uaf1_0.user_id from user_accessibility_features uaf1_0
Hibernate: select uaf1_0.id,uaf1_0.created_at,uaf1_0.feature_id,uaf1_0.updated_at,uaf1_0.user_id from user_accessibility_features uaf1_0
2025-07-29T09:15:14.062+02:00 DEBUG 12740 --- [           main] org.hibernate.SQL                        : select uca1_0.id,uca1_0.country_id,uca1_0.created_at,uca1_0.updated_at,uca1_0.user_id from user_country_access uca1_0
Hibernate: select uca1_0.id,uca1_0.country_id,uca1_0.created_at,uca1_0.updated_at,uca1_0.user_id from user_country_access uca1_0
2025-07-29T09:15:14.064+02:00 DEBUG 12740 --- [           main] org.hibernate.SQL                        : select usd1_0.id,usd1_0.created_at,usd1_0.destination_id,usd1_0.updated_at,usd1_0.user_id from user_selected_destinations usd1_0
Hibernate: select usd1_0.id,usd1_0.created_at,usd1_0.destination_id,usd1_0.updated_at,usd1_0.user_id from user_selected_destinations usd1_0
2025-07-29T09:15:14.066+02:00 DEBUG 12740 --- [           main] org.hibernate.SQL                        : select i1_0.id,i1_0.created_at,i1_0.description,i1_0.destination_id,i1_0.duration,i1_0.image_url,i1_0.price,i1_0.rating,i1_0.title,i1_0.updated_at from itineraries i1_0
Hibernate: select i1_0.id,i1_0.created_at,i1_0.description,i1_0.destination_id,i1_0.duration,i1_0.image_url,i1_0.price,i1_0.rating,i1_0.title,i1_0.updated_at from itineraries i1_0
2025-07-29T09:15:14.067+02:00 DEBUG 12740 --- [           main] org.hibernate.SQL                        : select af1_0.id,af1_0.created_at,af1_0.name,af1_0.updated_at from accessibility_features af1_0
Hibernate: select af1_0.id,af1_0.created_at,af1_0.name,af1_0.updated_at from accessibility_features af1_0
2025-07-29T09:15:14.068+02:00 DEBUG 12740 --- [           main] org.hibernate.SQL                        : select d1_0.id,d1_0.available,d1_0.country_id,d1_0.created_at,d1_0.name,d1_0.type,d1_0.updated_at from destinations d1_0
Hibernate: select d1_0.id,d1_0.available,d1_0.country_id,d1_0.created_at,d1_0.name,d1_0.type,d1_0.updated_at from destinations d1_0
2025-07-29T09:15:14.070+02:00 DEBUG 12740 --- [           main] org.hibernate.SQL                        : select s1_0.id,s1_0.created_at,s1_0.default_value,s1_0.description,s1_0.label,s1_0.setting_key,s1_0.updated_at from settings s1_0
Hibernate: select s1_0.id,s1_0.created_at,s1_0.default_value,s1_0.description,s1_0.label,s1_0.setting_key,s1_0.updated_at from settings s1_0
2025-07-29T09:15:14.071+02:00 DEBUG 12740 --- [           main] org.hibernate.SQL                        : select c1_0.id,c1_0.available,c1_0.created_at,c1_0.name,c1_0.updated_at from countries c1_0
Hibernate: select c1_0.id,c1_0.available,c1_0.created_at,c1_0.name,c1_0.updated_at from countries c1_0
2025-07-29T09:15:14.072+02:00 DEBUG 12740 --- [           main] org.hibernate.SQL                        : select u1_0.id,u1_0.created_at,u1_0.email,u1_0.name,u1_0.nickname,u1_0.oauth_token,u1_0.password_hash,u1_0.phone,u1_0.platform,u1_0.updated_at from users u1_0
Hibernate: select u1_0.id,u1_0.created_at,u1_0.email,u1_0.name,u1_0.nickname,u1_0.oauth_token,u1_0.password_hash,u1_0.phone,u1_0.platform,u1_0.updated_at from users u1_0
Clean complete.
2025-07-29T09:15:14.159+02:00 DEBUG 12740 --- [           main] org.hibernate.SQL                        : insert into users (created_at,email,name,nickname,oauth_token,password_hash,phone,platform,updated_at,id) values (?,?,?,?,?,?,?,?,?,?)
Hibernate: insert into users (created_at,email,name,nickname,oauth_token,password_hash,phone,platform,updated_at,id) values (?,?,?,?,?,?,?,?,?,?)
2025-07-29T09:15:14.302+02:00 DEBUG 12740 --- [           main] org.hibernate.SQL                        : select u1_0.id,u1_0.created_at,u1_0.email,u1_0.name,u1_0.nickname,u1_0.oauth_token,u1_0.password_hash,u1_0.phone,u1_0.platform,u1_0.updated_at from users u1_0 where u1_0.email=?
Hibernate: select u1_0.id,u1_0.created_at,u1_0.email,u1_0.name,u1_0.nickname,u1_0.oauth_token,u1_0.password_hash,u1_0.phone,u1_0.platform,u1_0.updated_at from users u1_0 where u1_0.email=?
2025-07-29T09:15:14.439+02:00 DEBUG 12740 --- [           main] org.hibernate.SQL                        : select u1_0.id,u1_0.created_at,u1_0.email,u1_0.name,u1_0.nickname,u1_0.oauth_token,u1_0.password_hash,u1_0.phone,u1_0.platform,u1_0.updated_at from users u1_0 where u1_0.email=?
Hibernate: select u1_0.id,u1_0.created_at,u1_0.email,u1_0.name,u1_0.nickname,u1_0.oauth_token,u1_0.password_hash,u1_0.phone,u1_0.platform,u1_0.updated_at from users u1_0 where u1_0.email=?
2025-07-29T09:15:14.450+02:00 DEBUG 12740 --- [           main] org.hibernate.SQL                        : insert into accessibility_features (created_at,name,updated_at,id) values (?,?,?,?)
Hibernate: insert into accessibility_features (created_at,name,updated_at,id) values (?,?,?,?)
2025-07-29T09:15:14.458+02:00 DEBUG 12740 --- [           main] org.hibernate.SQL                        : select u1_0.id,u1_0.created_at,u1_0.email,u1_0.name,u1_0.nickname,u1_0.oauth_token,u1_0.password_hash,u1_0.phone,u1_0.platform,u1_0.updated_at from users u1_0 where u1_0.email=?
Hibernate: select u1_0.id,u1_0.created_at,u1_0.email,u1_0.name,u1_0.nickname,u1_0.oauth_token,u1_0.password_hash,u1_0.phone,u1_0.platform,u1_0.updated_at from users u1_0 where u1_0.email=?
2025-07-29T09:15:14.463+02:00 DEBUG 12740 --- [           main] org.hibernate.SQL                        : select af1_0.id,af1_0.created_at,af1_0.name,af1_0.updated_at from accessibility_features af1_0
Hibernate: select af1_0.id,af1_0.created_at,af1_0.name,af1_0.updated_at from accessibility_features af1_0
]]></system-out>
    <system-err><![CDATA[WARNING: A Java agent has been loaded dynamically (C:\Users\david\.m2\repository\net\bytebuddy\byte-buddy-agent\1.14.19\byte-buddy-agent-1.14.19.jar)
WARNING: If a serviceability tool is in use, please run with -XX:+EnableDynamicAgentLoading to hide this warning
WARNING: If a serviceability tool is not in use, please run with -Djdk.instrument.traceUsage for more information
WARNING: Dynamic loading of agents will be disallowed by default in a future release
]]></system-err>
  </testcase>
  <testcase name="shouldCreateFeatureAndFetchItById" classname="com.example.moonshot.accessibilityfeature.AccessibilityFeatureServiceTest" time="0.18">
    <system-out><![CDATA[Cleaning test data...
2025-07-29T09:15:14.502+02:00 DEBUG 12740 --- [           main] org.hibernate.SQL                        : select ia1_0.id,ia1_0.created_at,ia1_0.feature_id,ia1_0.itinerary_id,ia1_0.updated_at from itinerary_accessibility ia1_0
Hibernate: select ia1_0.id,ia1_0.created_at,ia1_0.feature_id,ia1_0.itinerary_id,ia1_0.updated_at from itinerary_accessibility ia1_0
2025-07-29T09:15:14.504+02:00 DEBUG 12740 --- [           main] org.hibernate.SQL                        : select r1_0.id,r1_0.comment,r1_0.created_at,r1_0.itinerary_id,r1_0.rating,r1_0.updated_at,r1_0.user_id from reviews r1_0
Hibernate: select r1_0.id,r1_0.comment,r1_0.created_at,r1_0.itinerary_id,r1_0.rating,r1_0.updated_at,r1_0.user_id from reviews r1_0
2025-07-29T09:15:14.506+02:00 DEBUG 12740 --- [           main] org.hibernate.SQL                        : select si1_0.id,si1_0.created_at,si1_0.itinerary_id,si1_0.saved_at,si1_0.updated_at,si1_0.user_id from saved_itineraries si1_0
Hibernate: select si1_0.id,si1_0.created_at,si1_0.itinerary_id,si1_0.saved_at,si1_0.updated_at,si1_0.user_id from saved_itineraries si1_0
2025-07-29T09:15:14.507+02:00 DEBUG 12740 --- [           main] org.hibernate.SQL                        : select is1_0.id,is1_0.created_at,is1_0.description,is1_0.itinerary_id,is1_0.latitude,is1_0.longitude,is1_0.step_index,is1_0.title,is1_0.updated_at from itinerary_steps is1_0
Hibernate: select is1_0.id,is1_0.created_at,is1_0.description,is1_0.itinerary_id,is1_0.latitude,is1_0.longitude,is1_0.step_index,is1_0.title,is1_0.updated_at from itinerary_steps is1_0
2025-07-29T09:15:14.509+02:00 DEBUG 12740 --- [           main] org.hibernate.SQL                        : select us1_0.id,us1_0.created_at,us1_0.setting_id,us1_0.updated_at,us1_0.user_id,us1_0."value" from user_settings us1_0
Hibernate: select us1_0.id,us1_0.created_at,us1_0.setting_id,us1_0.updated_at,us1_0.user_id,us1_0."value" from user_settings us1_0
2025-07-29T09:15:14.510+02:00 DEBUG 12740 --- [           main] org.hibernate.SQL                        : select uaf1_0.id,uaf1_0.created_at,uaf1_0.feature_id,uaf1_0.updated_at,uaf1_0.user_id from user_accessibility_features uaf1_0
Hibernate: select uaf1_0.id,uaf1_0.created_at,uaf1_0.feature_id,uaf1_0.updated_at,uaf1_0.user_id from user_accessibility_features uaf1_0
2025-07-29T09:15:14.511+02:00 DEBUG 12740 --- [           main] org.hibernate.SQL                        : select uca1_0.id,uca1_0.country_id,uca1_0.created_at,uca1_0.updated_at,uca1_0.user_id from user_country_access uca1_0
Hibernate: select uca1_0.id,uca1_0.country_id,uca1_0.created_at,uca1_0.updated_at,uca1_0.user_id from user_country_access uca1_0
2025-07-29T09:15:14.513+02:00 DEBUG 12740 --- [           main] org.hibernate.SQL                        : select usd1_0.id,usd1_0.created_at,usd1_0.destination_id,usd1_0.updated_at,usd1_0.user_id from user_selected_destinations usd1_0
Hibernate: select usd1_0.id,usd1_0.created_at,usd1_0.destination_id,usd1_0.updated_at,usd1_0.user_id from user_selected_destinations usd1_0
2025-07-29T09:15:14.515+02:00 DEBUG 12740 --- [           main] org.hibernate.SQL                        : select i1_0.id,i1_0.created_at,i1_0.description,i1_0.destination_id,i1_0.duration,i1_0.image_url,i1_0.price,i1_0.rating,i1_0.title,i1_0.updated_at from itineraries i1_0
Hibernate: select i1_0.id,i1_0.created_at,i1_0.description,i1_0.destination_id,i1_0.duration,i1_0.image_url,i1_0.price,i1_0.rating,i1_0.title,i1_0.updated_at from itineraries i1_0
2025-07-29T09:15:14.516+02:00 DEBUG 12740 --- [           main] org.hibernate.SQL                        : select af1_0.id,af1_0.created_at,af1_0.name,af1_0.updated_at from accessibility_features af1_0
Hibernate: select af1_0.id,af1_0.created_at,af1_0.name,af1_0.updated_at from accessibility_features af1_0
2025-07-29T09:15:14.521+02:00 DEBUG 12740 --- [           main] org.hibernate.SQL                        : delete from accessibility_features where id=?
Hibernate: delete from accessibility_features where id=?
2025-07-29T09:15:14.524+02:00 DEBUG 12740 --- [           main] org.hibernate.SQL                        : select d1_0.id,d1_0.available,d1_0.country_id,d1_0.created_at,d1_0.name,d1_0.type,d1_0.updated_at from destinations d1_0
Hibernate: select d1_0.id,d1_0.available,d1_0.country_id,d1_0.created_at,d1_0.name,d1_0.type,d1_0.updated_at from destinations d1_0
2025-07-29T09:15:14.525+02:00 DEBUG 12740 --- [           main] org.hibernate.SQL                        : select s1_0.id,s1_0.created_at,s1_0.default_value,s1_0.description,s1_0.label,s1_0.setting_key,s1_0.updated_at from settings s1_0
Hibernate: select s1_0.id,s1_0.created_at,s1_0.default_value,s1_0.description,s1_0.label,s1_0.setting_key,s1_0.updated_at from settings s1_0
2025-07-29T09:15:14.527+02:00 DEBUG 12740 --- [           main] org.hibernate.SQL                        : select c1_0.id,c1_0.available,c1_0.created_at,c1_0.name,c1_0.updated_at from countries c1_0
Hibernate: select c1_0.id,c1_0.available,c1_0.created_at,c1_0.name,c1_0.updated_at from countries c1_0
2025-07-29T09:15:14.529+02:00 DEBUG 12740 --- [           main] org.hibernate.SQL                        : select u1_0.id,u1_0.created_at,u1_0.email,u1_0.name,u1_0.nickname,u1_0.oauth_token,u1_0.password_hash,u1_0.phone,u1_0.platform,u1_0.updated_at from users u1_0
Hibernate: select u1_0.id,u1_0.created_at,u1_0.email,u1_0.name,u1_0.nickname,u1_0.oauth_token,u1_0.password_hash,u1_0.phone,u1_0.platform,u1_0.updated_at from users u1_0
2025-07-29T09:15:14.530+02:00 DEBUG 12740 --- [           main] org.hibernate.SQL                        : delete from users where id=?
Hibernate: delete from users where id=?
Clean complete.
2025-07-29T09:15:14.587+02:00 DEBUG 12740 --- [           main] org.hibernate.SQL                        : insert into users (created_at,email,name,nickname,oauth_token,password_hash,phone,platform,updated_at,id) values (?,?,?,?,?,?,?,?,?,?)
Hibernate: insert into users (created_at,email,name,nickname,oauth_token,password_hash,phone,platform,updated_at,id) values (?,?,?,?,?,?,?,?,?,?)
2025-07-29T09:15:14.589+02:00 DEBUG 12740 --- [           main] org.hibernate.SQL                        : select u1_0.id,u1_0.created_at,u1_0.email,u1_0.name,u1_0.nickname,u1_0.oauth_token,u1_0.password_hash,u1_0.phone,u1_0.platform,u1_0.updated_at from users u1_0 where u1_0.email=?
Hibernate: select u1_0.id,u1_0.created_at,u1_0.email,u1_0.name,u1_0.nickname,u1_0.oauth_token,u1_0.password_hash,u1_0.phone,u1_0.platform,u1_0.updated_at from users u1_0 where u1_0.email=?
2025-07-29T09:15:14.653+02:00 DEBUG 12740 --- [           main] org.hibernate.SQL                        : select u1_0.id,u1_0.created_at,u1_0.email,u1_0.name,u1_0.nickname,u1_0.oauth_token,u1_0.password_hash,u1_0.phone,u1_0.platform,u1_0.updated_at from users u1_0 where u1_0.email=?
Hibernate: select u1_0.id,u1_0.created_at,u1_0.email,u1_0.name,u1_0.nickname,u1_0.oauth_token,u1_0.password_hash,u1_0.phone,u1_0.platform,u1_0.updated_at from users u1_0 where u1_0.email=?
2025-07-29T09:15:14.657+02:00 DEBUG 12740 --- [           main] org.hibernate.SQL                        : insert into accessibility_features (created_at,name,updated_at,id) values (?,?,?,?)
Hibernate: insert into accessibility_features (created_at,name,updated_at,id) values (?,?,?,?)
2025-07-29T09:15:14.668+02:00 DEBUG 12740 --- [           main] org.hibernate.SQL                        : select u1_0.id,u1_0.created_at,u1_0.email,u1_0.name,u1_0.nickname,u1_0.oauth_token,u1_0.password_hash,u1_0.phone,u1_0.platform,u1_0.updated_at from users u1_0 where u1_0.email=?
Hibernate: select u1_0.id,u1_0.created_at,u1_0.email,u1_0.name,u1_0.nickname,u1_0.oauth_token,u1_0.password_hash,u1_0.phone,u1_0.platform,u1_0.updated_at from users u1_0 where u1_0.email=?
2025-07-29T09:15:14.677+02:00 DEBUG 12740 --- [           main] org.hibernate.SQL                        : select af1_0.id,af1_0.created_at,af1_0.name,af1_0.updated_at from accessibility_features af1_0 where af1_0.id=?
Hibernate: select af1_0.id,af1_0.created_at,af1_0.name,af1_0.updated_at from accessibility_features af1_0 where af1_0.id=?
]]></system-out>
  </testcase>
  <testcase name="shouldDeleteFeature" classname="com.example.moonshot.accessibilityfeature.AccessibilityFeatureServiceTest" time="0.156">
    <system-out><![CDATA[Cleaning test data...
2025-07-29T09:15:14.683+02:00 DEBUG 12740 --- [           main] org.hibernate.SQL                        : select ia1_0.id,ia1_0.created_at,ia1_0.feature_id,ia1_0.itinerary_id,ia1_0.updated_at from itinerary_accessibility ia1_0
Hibernate: select ia1_0.id,ia1_0.created_at,ia1_0.feature_id,ia1_0.itinerary_id,ia1_0.updated_at from itinerary_accessibility ia1_0
2025-07-29T09:15:14.685+02:00 DEBUG 12740 --- [           main] org.hibernate.SQL                        : select r1_0.id,r1_0.comment,r1_0.created_at,r1_0.itinerary_id,r1_0.rating,r1_0.updated_at,r1_0.user_id from reviews r1_0
Hibernate: select r1_0.id,r1_0.comment,r1_0.created_at,r1_0.itinerary_id,r1_0.rating,r1_0.updated_at,r1_0.user_id from reviews r1_0
2025-07-29T09:15:14.686+02:00 DEBUG 12740 --- [           main] org.hibernate.SQL                        : select si1_0.id,si1_0.created_at,si1_0.itinerary_id,si1_0.saved_at,si1_0.updated_at,si1_0.user_id from saved_itineraries si1_0
Hibernate: select si1_0.id,si1_0.created_at,si1_0.itinerary_id,si1_0.saved_at,si1_0.updated_at,si1_0.user_id from saved_itineraries si1_0
2025-07-29T09:15:14.688+02:00 DEBUG 12740 --- [           main] org.hibernate.SQL                        : select is1_0.id,is1_0.created_at,is1_0.description,is1_0.itinerary_id,is1_0.latitude,is1_0.longitude,is1_0.step_index,is1_0.title,is1_0.updated_at from itinerary_steps is1_0
Hibernate: select is1_0.id,is1_0.created_at,is1_0.description,is1_0.itinerary_id,is1_0.latitude,is1_0.longitude,is1_0.step_index,is1_0.title,is1_0.updated_at from itinerary_steps is1_0
2025-07-29T09:15:14.690+02:00 DEBUG 12740 --- [           main] org.hibernate.SQL                        : select us1_0.id,us1_0.created_at,us1_0.setting_id,us1_0.updated_at,us1_0.user_id,us1_0."value" from user_settings us1_0
Hibernate: select us1_0.id,us1_0.created_at,us1_0.setting_id,us1_0.updated_at,us1_0.user_id,us1_0."value" from user_settings us1_0
2025-07-29T09:15:14.691+02:00 DEBUG 12740 --- [           main] org.hibernate.SQL                        : select uaf1_0.id,uaf1_0.created_at,uaf1_0.feature_id,uaf1_0.updated_at,uaf1_0.user_id from user_accessibility_features uaf1_0
Hibernate: select uaf1_0.id,uaf1_0.created_at,uaf1_0.feature_id,uaf1_0.updated_at,uaf1_0.user_id from user_accessibility_features uaf1_0
2025-07-29T09:15:14.692+02:00 DEBUG 12740 --- [           main] org.hibernate.SQL                        : select uca1_0.id,uca1_0.country_id,uca1_0.created_at,uca1_0.updated_at,uca1_0.user_id from user_country_access uca1_0
Hibernate: select uca1_0.id,uca1_0.country_id,uca1_0.created_at,uca1_0.updated_at,uca1_0.user_id from user_country_access uca1_0
2025-07-29T09:15:14.694+02:00 DEBUG 12740 --- [           main] org.hibernate.SQL                        : select usd1_0.id,usd1_0.created_at,usd1_0.destination_id,usd1_0.updated_at,usd1_0.user_id from user_selected_destinations usd1_0
Hibernate: select usd1_0.id,usd1_0.created_at,usd1_0.destination_id,usd1_0.updated_at,usd1_0.user_id from user_selected_destinations usd1_0
2025-07-29T09:15:14.695+02:00 DEBUG 12740 --- [           main] org.hibernate.SQL                        : select i1_0.id,i1_0.created_at,i1_0.description,i1_0.destination_id,i1_0.duration,i1_0.image_url,i1_0.price,i1_0.rating,i1_0.title,i1_0.updated_at from itineraries i1_0
Hibernate: select i1_0.id,i1_0.created_at,i1_0.description,i1_0.destination_id,i1_0.duration,i1_0.image_url,i1_0.price,i1_0.rating,i1_0.title,i1_0.updated_at from itineraries i1_0
2025-07-29T09:15:14.696+02:00 DEBUG 12740 --- [           main] org.hibernate.SQL                        : select af1_0.id,af1_0.created_at,af1_0.name,af1_0.updated_at from accessibility_features af1_0
Hibernate: select af1_0.id,af1_0.created_at,af1_0.name,af1_0.updated_at from accessibility_features af1_0
2025-07-29T09:15:14.697+02:00 DEBUG 12740 --- [           main] org.hibernate.SQL                        : delete from accessibility_features where id=?
Hibernate: delete from accessibility_features where id=?
2025-07-29T09:15:14.699+02:00 DEBUG 12740 --- [           main] org.hibernate.SQL                        : select d1_0.id,d1_0.available,d1_0.country_id,d1_0.created_at,d1_0.name,d1_0.type,d1_0.updated_at from destinations d1_0
Hibernate: select d1_0.id,d1_0.available,d1_0.country_id,d1_0.created_at,d1_0.name,d1_0.type,d1_0.updated_at from destinations d1_0
2025-07-29T09:15:14.700+02:00 DEBUG 12740 --- [           main] org.hibernate.SQL                        : select s1_0.id,s1_0.created_at,s1_0.default_value,s1_0.description,s1_0.label,s1_0.setting_key,s1_0.updated_at from settings s1_0
Hibernate: select s1_0.id,s1_0.created_at,s1_0.default_value,s1_0.description,s1_0.label,s1_0.setting_key,s1_0.updated_at from settings s1_0
2025-07-29T09:15:14.701+02:00 DEBUG 12740 --- [           main] org.hibernate.SQL                        : select c1_0.id,c1_0.available,c1_0.created_at,c1_0.name,c1_0.updated_at from countries c1_0
Hibernate: select c1_0.id,c1_0.available,c1_0.created_at,c1_0.name,c1_0.updated_at from countries c1_0
2025-07-29T09:15:14.702+02:00 DEBUG 12740 --- [           main] org.hibernate.SQL                        : select u1_0.id,u1_0.created_at,u1_0.email,u1_0.name,u1_0.nickname,u1_0.oauth_token,u1_0.password_hash,u1_0.phone,u1_0.platform,u1_0.updated_at from users u1_0
Hibernate: select u1_0.id,u1_0.created_at,u1_0.email,u1_0.name,u1_0.nickname,u1_0.oauth_token,u1_0.password_hash,u1_0.phone,u1_0.platform,u1_0.updated_at from users u1_0
2025-07-29T09:15:14.703+02:00 DEBUG 12740 --- [           main] org.hibernate.SQL                        : delete from users where id=?
Hibernate: delete from users where id=?
Clean complete.
2025-07-29T09:15:14.759+02:00 DEBUG 12740 --- [           main] org.hibernate.SQL                        : insert into users (created_at,email,name,nickname,oauth_token,password_hash,phone,platform,updated_at,id) values (?,?,?,?,?,?,?,?,?,?)
Hibernate: insert into users (created_at,email,name,nickname,oauth_token,password_hash,phone,platform,updated_at,id) values (?,?,?,?,?,?,?,?,?,?)
2025-07-29T09:15:14.761+02:00 DEBUG 12740 --- [           main] org.hibernate.SQL                        : select u1_0.id,u1_0.created_at,u1_0.email,u1_0.name,u1_0.nickname,u1_0.oauth_token,u1_0.password_hash,u1_0.phone,u1_0.platform,u1_0.updated_at from users u1_0 where u1_0.email=?
Hibernate: select u1_0.id,u1_0.created_at,u1_0.email,u1_0.name,u1_0.nickname,u1_0.oauth_token,u1_0.password_hash,u1_0.phone,u1_0.platform,u1_0.updated_at from users u1_0 where u1_0.email=?
2025-07-29T09:15:14.819+02:00 DEBUG 12740 --- [           main] org.hibernate.SQL                        : insert into accessibility_features (created_at,name,updated_at,id) values (?,?,?,?)
Hibernate: insert into accessibility_features (created_at,name,updated_at,id) values (?,?,?,?)
2025-07-29T09:15:14.822+02:00 DEBUG 12740 --- [           main] org.hibernate.SQL                        : select u1_0.id,u1_0.created_at,u1_0.email,u1_0.name,u1_0.nickname,u1_0.oauth_token,u1_0.password_hash,u1_0.phone,u1_0.platform,u1_0.updated_at from users u1_0 where u1_0.email=?
Hibernate: select u1_0.id,u1_0.created_at,u1_0.email,u1_0.name,u1_0.nickname,u1_0.oauth_token,u1_0.password_hash,u1_0.phone,u1_0.platform,u1_0.updated_at from users u1_0 where u1_0.email=?
2025-07-29T09:15:14.826+02:00 DEBUG 12740 --- [           main] org.hibernate.SQL                        : select af1_0.id,af1_0.created_at,af1_0.name,af1_0.updated_at from accessibility_features af1_0 where af1_0.id=?
Hibernate: select af1_0.id,af1_0.created_at,af1_0.name,af1_0.updated_at from accessibility_features af1_0 where af1_0.id=?
2025-07-29T09:15:14.827+02:00 DEBUG 12740 --- [           main] org.hibernate.SQL                        : delete from accessibility_features where id=?
Hibernate: delete from accessibility_features where id=?
2025-07-29T09:15:14.830+02:00 DEBUG 12740 --- [           main] org.hibernate.SQL                        : select u1_0.id,u1_0.created_at,u1_0.email,u1_0.name,u1_0.nickname,u1_0.oauth_token,u1_0.password_hash,u1_0.phone,u1_0.platform,u1_0.updated_at from users u1_0 where u1_0.email=?
Hibernate: select u1_0.id,u1_0.created_at,u1_0.email,u1_0.name,u1_0.nickname,u1_0.oauth_token,u1_0.password_hash,u1_0.phone,u1_0.platform,u1_0.updated_at from users u1_0 where u1_0.email=?
2025-07-29T09:15:14.833+02:00 DEBUG 12740 --- [           main] org.hibernate.SQL                        : select af1_0.id,af1_0.created_at,af1_0.name,af1_0.updated_at from accessibility_features af1_0 where af1_0.id=?
Hibernate: select af1_0.id,af1_0.created_at,af1_0.name,af1_0.updated_at from accessibility_features af1_0 where af1_0.id=?
]]></system-out>
  </testcase>
</testsuite>