<?xml version="1.0" encoding="UTF-8"?>
<testsuite xmlns:xsi="http://www.w3.org/2001/XMLSchema-instance" xsi:noNamespaceSchemaLocation="https://maven.apache.org/surefire/maven-surefire-plugin/xsd/surefire-test-report-3.0.xsd" version="3.0" name="com.example.moonshot.useraccessibilityfeature.UserAccessibilityFeatureServiceTest" time="0.424" tests="3" errors="0" skipped="0" failures="0">
  <properties>
[...]
</properties>
  <testcase name="shouldReturnAllUserAccessibilityFeatures" classname="com.example.moonshot.useraccessibilityfeature.UserAccessibilityFeatureServiceTest" time="0.138">
    <system-out><![CDATA[2025-07-29T09:15:23.057+02:00  INFO 12740 --- [           main] t.c.s.AnnotationConfigContextLoaderUtils : Could not detect default configuration classes for test class [com.example.moonshot.useraccessibilityfeature.UserAccessibilityFeatureServiceTest]: UserAccessibilityFeatureServiceTest does not declare any static, non-private, non-final, nested classes annotated with @Configuration.
2025-07-29T09:15:23.072+02:00  INFO 12740 --- [           main] .b.t.c.SpringBootTestContextBootstrapper : Found @SpringBootConfiguration com.example.moonshot.MoonshotProjectApplication for test class com.example.moonshot.useraccessibilityfeature.UserAccessibilityFeatureServiceTest
2025-07-29T09:15:23.076+02:00 DEBUG 12740 --- [           main] org.hibernate.SQL                        : select uaf1_0.id,uaf1_0.created_at,uaf1_0.feature_id,uaf1_0.updated_at,uaf1_0.user_id from user_accessibility_features uaf1_0
Hibernate: select uaf1_0.id,uaf1_0.created_at,uaf1_0.feature_id,uaf1_0.updated_at,uaf1_0.user_id from user_accessibility_features uaf1_0
2025-07-29T09:15:23.076+02:00 DEBUG 12740 --- [           main] org.hibernate.SQL                        : select af1_0.id,af1_0.created_at,af1_0.name,af1_0.updated_at from accessibility_features af1_0
Hibernate: select af1_0.id,af1_0.created_at,af1_0.name,af1_0.updated_at from accessibility_features af1_0
2025-07-29T09:15:23.077+02:00 DEBUG 12740 --- [           main] org.hibernate.SQL                        : select u1_0.id,u1_0.created_at,u1_0.email,u1_0.name,u1_0.nickname,u1_0.oauth_token,u1_0.password_hash,u1_0.phone,u1_0.platform,u1_0.updated_at from users u1_0
Hibernate: select u1_0.id,u1_0.created_at,u1_0.email,u1_0.name,u1_0.nickname,u1_0.oauth_token,u1_0.password_hash,u1_0.phone,u1_0.platform,u1_0.updated_at from users u1_0
2025-07-29T09:15:23.077+02:00 DEBUG 12740 --- [           main] org.hibernate.SQL                        : delete from users where id=?
Hibernate: delete from users where id=?
2025-07-29T09:15:23.134+02:00 DEBUG 12740 --- [           main] org.hibernate.SQL                        : insert into users (created_at,email,name,nickname,oauth_token,password_hash,phone,platform,updated_at,id) values (?,?,?,?,?,?,?,?,?,?)
Hibernate: insert into users (created_at,email,name,nickname,oauth_token,password_hash,phone,platform,updated_at,id) values (?,?,?,?,?,?,?,?,?,?)
2025-07-29T09:15:23.135+02:00 DEBUG 12740 --- [           main] org.hibernate.SQL                        : insert into accessibility_features (created_at,name,updated_at,id) values (?,?,?,?)
Hibernate: insert into accessibility_features (created_at,name,updated_at,id) values (?,?,?,?)
2025-07-29T09:15:23.137+02:00 DEBUG 12740 --- [           main] org.hibernate.SQL                        : select u1_0.id,u1_0.created_at,u1_0.email,u1_0.name,u1_0.nickname,u1_0.oauth_token,u1_0.password_hash,u1_0.phone,u1_0.platform,u1_0.updated_at from users u1_0 where u1_0.email=?
Hibernate: select u1_0.id,u1_0.created_at,u1_0.email,u1_0.name,u1_0.nickname,u1_0.oauth_token,u1_0.password_hash,u1_0.phone,u1_0.platform,u1_0.updated_at from users u1_0 where u1_0.email=?
2025-07-29T09:15:23.197+02:00 DEBUG 12740 --- [           main] org.hibernate.SQL                        : select u1_0.id,u1_0.created_at,u1_0.email,u1_0.name,u1_0.nickname,u1_0.oauth_token,u1_0.password_hash,u1_0.phone,u1_0.platform,u1_0.updated_at from users u1_0 where u1_0.email=?
Hibernate: select u1_0.id,u1_0.created_at,u1_0.email,u1_0.name,u1_0.nickname,u1_0.oauth_token,u1_0.password_hash,u1_0.phone,u1_0.platform,u1_0.updated_at from users u1_0 where u1_0.email=?
2025-07-29T09:15:23.201+02:00 DEBUG 12740 --- [           main] org.hibernate.SQL                        : select u1_0.id,u1_0.created_at,u1_0.email,u1_0.name,u1_0.nickname,u1_0.oauth_token,u1_0.password_hash,u1_0.phone,u1_0.platform,u1_0.updated_at from users u1_0 where u1_0.id=?
Hibernate: select u1_0.id,u1_0.created_at,u1_0.email,u1_0.name,u1_0.nickname,u1_0.oauth_token,u1_0.password_hash,u1_0.phone,u1_0.platform,u1_0.updated_at from users u1_0 where u1_0.id=?
2025-07-29T09:15:23.201+02:00 DEBUG 12740 --- [           main] org.hibernate.SQL                        : select af1_0.id,af1_0.created_at,af1_0.name,af1_0.updated_at from accessibility_features af1_0 where af1_0.id=?
Hibernate: select af1_0.id,af1_0.created_at,af1_0.name,af1_0.updated_at from accessibility_features af1_0 where af1_0.id=?
2025-07-29T09:15:23.202+02:00 DEBUG 12740 --- [           main] org.hibernate.SQL                        : insert into user_accessibility_features (created_at,feature_id,updated_at,user_id,id) values (?,?,?,?,?)
Hibernate: insert into user_accessibility_features (created_at,feature_id,updated_at,user_id,id) values (?,?,?,?,?)
2025-07-29T09:15:23.207+02:00 DEBUG 12740 --- [           main] org.hibernate.SQL                        : select u1_0.id,u1_0.created_at,u1_0.email,u1_0.name,u1_0.nickname,u1_0.oauth_token,u1_0.password_hash,u1_0.phone,u1_0.platform,u1_0.updated_at from users u1_0 where u1_0.email=?
Hibernate: select u1_0.id,u1_0.created_at,u1_0.email,u1_0.name,u1_0.nickname,u1_0.oauth_token,u1_0.password_hash,u1_0.phone,u1_0.platform,u1_0.updated_at from users u1_0 where u1_0.email=?
2025-07-29T09:15:23.209+02:00 DEBUG 12740 --- [           main] org.hibernate.SQL                        : select uaf1_0.id,uaf1_0.created_at,uaf1_0.feature_id,uaf1_0.updated_at,uaf1_0.user_id from user_accessibility_features uaf1_0
Hibernate: select uaf1_0.id,uaf1_0.created_at,uaf1_0.feature_id,uaf1_0.updated_at,uaf1_0.user_id from user_accessibility_features uaf1_0
]]></system-out>
  </testcase>
  <testcase name="shouldCreateLinkAndRetrieveItById" classname="com.example.moonshot.useraccessibilityfeature.UserAccessibilityFeatureServiceTest" time="0.135">
    <system-out><![CDATA[2025-07-29T09:15:23.214+02:00 DEBUG 12740 --- [           main] org.hibernate.SQL                        : select uaf1_0.id,uaf1_0.created_at,uaf1_0.feature_id,uaf1_0.updated_at,uaf1_0.user_id from user_accessibility_features uaf1_0
Hibernate: select uaf1_0.id,uaf1_0.created_at,uaf1_0.feature_id,uaf1_0.updated_at,uaf1_0.user_id from user_accessibility_features uaf1_0
2025-07-29T09:15:23.215+02:00 DEBUG 12740 --- [           main] org.hibernate.SQL                        : delete from user_accessibility_features where id=?
Hibernate: delete from user_accessibility_features where id=?
2025-07-29T09:15:23.216+02:00 DEBUG 12740 --- [           main] org.hibernate.SQL                        : select af1_0.id,af1_0.created_at,af1_0.name,af1_0.updated_at from accessibility_features af1_0
Hibernate: select af1_0.id,af1_0.created_at,af1_0.name,af1_0.updated_at from accessibility_features af1_0
2025-07-29T09:15:23.216+02:00 DEBUG 12740 --- [           main] org.hibernate.SQL                        : delete from accessibility_features where id=?
Hibernate: delete from accessibility_features where id=?
2025-07-29T09:15:23.217+02:00 DEBUG 12740 --- [           main] org.hibernate.SQL                        : select u1_0.id,u1_0.created_at,u1_0.email,u1_0.name,u1_0.nickname,u1_0.oauth_token,u1_0.password_hash,u1_0.phone,u1_0.platform,u1_0.updated_at from users u1_0
Hibernate: select u1_0.id,u1_0.created_at,u1_0.email,u1_0.name,u1_0.nickname,u1_0.oauth_token,u1_0.password_hash,u1_0.phone,u1_0.platform,u1_0.updated_at from users u1_0
2025-07-29T09:15:23.218+02:00 DEBUG 12740 --- [           main] org.hibernate.SQL                        : delete from users where id=?
Hibernate: delete from users where id=?
2025-07-29T09:15:23.274+02:00 DEBUG 12740 --- [           main] org.hibernate.SQL                        : insert into users (created_at,email,name,nickname,oauth_token,password_hash,phone,platform,updated_at,id) values (?,?,?,?,?,?,?,?,?,?)
Hibernate: insert into users (created_at,email,name,nickname,oauth_token,password_hash,phone,platform,updated_at,id) values (?,?,?,?,?,?,?,?,?,?)
2025-07-29T09:15:23.275+02:00 DEBUG 12740 --- [           main] org.hibernate.SQL                        : insert into accessibility_features (created_at,name,updated_at,id) values (?,?,?,?)
Hibernate: insert into accessibility_features (created_at,name,updated_at,id) values (?,?,?,?)
2025-07-29T09:15:23.276+02:00 DEBUG 12740 --- [           main] org.hibernate.SQL                        : select u1_0.id,u1_0.created_at,u1_0.email,u1_0.name,u1_0.nickname,u1_0.oauth_token,u1_0.password_hash,u1_0.phone,u1_0.platform,u1_0.updated_at from users u1_0 where u1_0.email=?
Hibernate: select u1_0.id,u1_0.created_at,u1_0.email,u1_0.name,u1_0.nickname,u1_0.oauth_token,u1_0.password_hash,u1_0.phone,u1_0.platform,u1_0.updated_at from users u1_0 where u1_0.email=?
2025-07-29T09:15:23.334+02:00 DEBUG 12740 --- [           main] org.hibernate.SQL                        : select u1_0.id,u1_0.created_at,u1_0.email,u1_0.name,u1_0.nickname,u1_0.oauth_token,u1_0.password_hash,u1_0.phone,u1_0.platform,u1_0.updated_at from users u1_0 where u1_0.email=?
Hibernate: select u1_0.id,u1_0.created_at,u1_0.email,u1_0.name,u1_0.nickname,u1_0.oauth_token,u1_0.password_hash,u1_0.phone,u1_0.platform,u1_0.updated_at from users u1_0 where u1_0.email=?
2025-07-29T09:15:23.337+02:00 DEBUG 12740 --- [           main] org.hibernate.SQL                        : select u1_0.id,u1_0.created_at,u1_0.email,u1_0.name,u1_0.nickname,u1_0.oauth_token,u1_0.password_hash,u1_0.phone,u1_0.platform,u1_0.updated_at from users u1_0 where u1_0.id=?
Hibernate: select u1_0.id,u1_0.created_at,u1_0.email,u1_0.name,u1_0.nickname,u1_0.oauth_token,u1_0.password_hash,u1_0.phone,u1_0.platform,u1_0.updated_at from users u1_0 where u1_0.id=?
2025-07-29T09:15:23.338+02:00 DEBUG 12740 --- [           main] org.hibernate.SQL                        : select af1_0.id,af1_0.created_at,af1_0.name,af1_0.updated_at from accessibility_features af1_0 where af1_0.id=?
Hibernate: select af1_0.id,af1_0.created_at,af1_0.name,af1_0.updated_at from accessibility_features af1_0 where af1_0.id=?
2025-07-29T09:15:23.338+02:00 DEBUG 12740 --- [           main] org.hibernate.SQL                        : insert into user_accessibility_features (created_at,feature_id,updated_at,user_id,id) values (?,?,?,?,?)
Hibernate: insert into user_accessibility_features (created_at,feature_id,updated_at,user_id,id) values (?,?,?,?,?)
2025-07-29T09:15:23.343+02:00 DEBUG 12740 --- [           main] org.hibernate.SQL                        : select u1_0.id,u1_0.created_at,u1_0.email,u1_0.name,u1_0.nickname,u1_0.oauth_token,u1_0.password_hash,u1_0.phone,u1_0.platform,u1_0.updated_at from users u1_0 where u1_0.email=?
Hibernate: select u1_0.id,u1_0.created_at,u1_0.email,u1_0.name,u1_0.nickname,u1_0.oauth_token,u1_0.password_hash,u1_0.phone,u1_0.platform,u1_0.updated_at from users u1_0 where u1_0.email=?
2025-07-29T09:15:23.345+02:00 DEBUG 12740 --- [           main] org.hibernate.SQL                        : select uaf1_0.id,uaf1_0.created_at,uaf1_0.feature_id,uaf1_0.updated_at,uaf1_0.user_id from user_accessibility_features uaf1_0 where uaf1_0.id=?
Hibernate: select uaf1_0.id,uaf1_0.created_at,uaf1_0.feature_id,uaf1_0.updated_at,uaf1_0.user_id from user_accessibility_features uaf1_0 where uaf1_0.id=?
]]></system-out>
  </testcase>
  <testcase name="shouldDeleteUserAccessibilityFeature" classname="com.example.moonshot.useraccessibilityfeature.UserAccessibilityFeatureServiceTest" time="0.132">
    <system-out><![CDATA[2025-07-29T09:15:23.350+02:00 DEBUG 12740 --- [           main] org.hibernate.SQL                        : select uaf1_0.id,uaf1_0.created_at,uaf1_0.feature_id,uaf1_0.updated_at,uaf1_0.user_id from user_accessibility_features uaf1_0
Hibernate: select uaf1_0.id,uaf1_0.created_at,uaf1_0.feature_id,uaf1_0.updated_at,uaf1_0.user_id from user_accessibility_features uaf1_0
2025-07-29T09:15:23.350+02:00 DEBUG 12740 --- [           main] org.hibernate.SQL                        : delete from user_accessibility_features where id=?
Hibernate: delete from user_accessibility_features where id=?
2025-07-29T09:15:23.351+02:00 DEBUG 12740 --- [           main] org.hibernate.SQL                        : select af1_0.id,af1_0.created_at,af1_0.name,af1_0.updated_at from accessibility_features af1_0
Hibernate: select af1_0.id,af1_0.created_at,af1_0.name,af1_0.updated_at from accessibility_features af1_0
2025-07-29T09:15:23.351+02:00 DEBUG 12740 --- [           main] org.hibernate.SQL                        : delete from accessibility_features where id=?
Hibernate: delete from accessibility_features where id=?
2025-07-29T09:15:23.352+02:00 DEBUG 12740 --- [           main] org.hibernate.SQL                        : select u1_0.id,u1_0.created_at,u1_0.email,u1_0.name,u1_0.nickname,u1_0.oauth_token,u1_0.password_hash,u1_0.phone,u1_0.platform,u1_0.updated_at from users u1_0
Hibernate: select u1_0.id,u1_0.created_at,u1_0.email,u1_0.name,u1_0.nickname,u1_0.oauth_token,u1_0.password_hash,u1_0.phone,u1_0.platform,u1_0.updated_at from users u1_0
2025-07-29T09:15:23.352+02:00 DEBUG 12740 --- [           main] org.hibernate.SQL                        : delete from users where id=?
Hibernate: delete from users where id=?
2025-07-29T09:15:23.408+02:00 DEBUG 12740 --- [           main] org.hibernate.SQL                        : insert into users (created_at,email,name,nickname,oauth_token,password_hash,phone,platform,updated_at,id) values (?,?,?,?,?,?,?,?,?,?)
Hibernate: insert into users (created_at,email,name,nickname,oauth_token,password_hash,phone,platform,updated_at,id) values (?,?,?,?,?,?,?,?,?,?)
2025-07-29T09:15:23.408+02:00 DEBUG 12740 --- [           main] org.hibernate.SQL                        : insert into accessibility_features (created_at,name,updated_at,id) values (?,?,?,?)
Hibernate: insert into accessibility_features (created_at,name,updated_at,id) values (?,?,?,?)
2025-07-29T09:15:23.410+02:00 DEBUG 12740 --- [           main] org.hibernate.SQL                        : select u1_0.id,u1_0.created_at,u1_0.email,u1_0.name,u1_0.nickname,u1_0.oauth_token,u1_0.password_hash,u1_0.phone,u1_0.platform,u1_0.updated_at from users u1_0 where u1_0.email=?
Hibernate: select u1_0.id,u1_0.created_at,u1_0.email,u1_0.name,u1_0.nickname,u1_0.oauth_token,u1_0.password_hash,u1_0.phone,u1_0.platform,u1_0.updated_at from users u1_0 where u1_0.email=?
2025-07-29T09:15:23.466+02:00 DEBUG 12740 --- [           main] org.hibernate.SQL                        : select u1_0.id,u1_0.created_at,u1_0.email,u1_0.name,u1_0.nickname,u1_0.oauth_token,u1_0.password_hash,u1_0.phone,u1_0.platform,u1_0.updated_at from users u1_0 where u1_0.id=?
Hibernate: select u1_0.id,u1_0.created_at,u1_0.email,u1_0.name,u1_0.nickname,u1_0.oauth_token,u1_0.password_hash,u1_0.phone,u1_0.platform,u1_0.updated_at from users u1_0 where u1_0.id=?
2025-07-29T09:15:23.467+02:00 DEBUG 12740 --- [           main] org.hibernate.SQL                        : select af1_0.id,af1_0.created_at,af1_0.name,af1_0.updated_at from accessibility_features af1_0 where af1_0.id=?
Hibernate: select af1_0.id,af1_0.created_at,af1_0.name,af1_0.updated_at from accessibility_features af1_0 where af1_0.id=?
2025-07-29T09:15:23.468+02:00 DEBUG 12740 --- [           main] org.hibernate.SQL                        : insert into user_accessibility_features (created_at,feature_id,updated_at,user_id,id) values (?,?,?,?,?)
Hibernate: insert into user_accessibility_features (created_at,feature_id,updated_at,user_id,id) values (?,?,?,?,?)
2025-07-29T09:15:23.470+02:00 DEBUG 12740 --- [           main] org.hibernate.SQL                        : select u1_0.id,u1_0.created_at,u1_0.email,u1_0.name,u1_0.nickname,u1_0.oauth_token,u1_0.password_hash,u1_0.phone,u1_0.platform,u1_0.updated_at from users u1_0 where u1_0.email=?
Hibernate: select u1_0.id,u1_0.created_at,u1_0.email,u1_0.name,u1_0.nickname,u1_0.oauth_token,u1_0.password_hash,u1_0.phone,u1_0.platform,u1_0.updated_at from users u1_0 where u1_0.email=?
2025-07-29T09:15:23.473+02:00 DEBUG 12740 --- [           main] org.hibernate.SQL                        : select uaf1_0.id,uaf1_0.created_at,uaf1_0.feature_id,uaf1_0.updated_at,uaf1_0.user_id from user_accessibility_features uaf1_0 where uaf1_0.id=?
Hibernate: select uaf1_0.id,uaf1_0.created_at,uaf1_0.feature_id,uaf1_0.updated_at,uaf1_0.user_id from user_accessibility_features uaf1_0 where uaf1_0.id=?
2025-07-29T09:15:23.473+02:00 DEBUG 12740 --- [           main] org.hibernate.SQL                        : delete from user_accessibility_features where id=?
Hibernate: delete from user_accessibility_features where id=?
2025-07-29T09:15:23.476+02:00 DEBUG 12740 --- [           main] org.hibernate.SQL                        : select u1_0.id,u1_0.created_at,u1_0.email,u1_0.name,u1_0.nickname,u1_0.oauth_token,u1_0.password_hash,u1_0.phone,u1_0.platform,u1_0.updated_at from users u1_0 where u1_0.email=?
Hibernate: select u1_0.id,u1_0.created_at,u1_0.email,u1_0.name,u1_0.nickname,u1_0.oauth_token,u1_0.password_hash,u1_0.phone,u1_0.platform,u1_0.updated_at from users u1_0 where u1_0.email=?
2025-07-29T09:15:23.478+02:00 DEBUG 12740 --- [           main] org.hibernate.SQL                        : select uaf1_0.id,uaf1_0.created_at,uaf1_0.feature_id,uaf1_0.updated_at,uaf1_0.user_id from user_accessibility_features uaf1_0 where uaf1_0.id=?
Hibernate: select uaf1_0.id,uaf1_0.created_at,uaf1_0.feature_id,uaf1_0.updated_at,uaf1_0.user_id from user_accessibility_features uaf1_0 where uaf1_0.id=?
]]></system-out>
  </testcase>
</testsuite>