<?xml version="1.0" encoding="UTF-8"?>
<testsuite xmlns:xsi="http://www.w3.org/2001/XMLSchema-instance" xsi:noNamespaceSchemaLocation="https://maven.apache.org/surefire/maven-surefire-plugin/xsd/surefire-test-report-3.0.xsd" version="3.0" name="com.example.moonshot.auth.AuthServiceTest" time="2.477" tests="6" errors="0" skipped="0" failures="0">
  <properties>
[...]
</properties>
  <testcase name="shouldLoginSuccessfullyWithEmail" classname="com.example.moonshot.auth.AuthServiceTest" time="0.19">
    <system-out><![CDATA[2025-07-29T09:15:14.844+02:00  INFO 12740 --- [           main] t.c.s.AnnotationConfigContextLoaderUtils : Could not detect default configuration classes for test class [com.example.moonshot.auth.AuthServiceTest]: AuthServiceTest does not declare any static, non-private, non-final, nested classes annotated with @Configuration.
2025-07-29T09:15:14.868+02:00  INFO 12740 --- [           main] .b.t.c.SpringBootTestContextBootstrapper : Found @SpringBootConfiguration com.example.moonshot.MoonshotProjectApplication for test class com.example.moonshot.auth.AuthServiceTest

  .   ____          _            __ _ _
 /\\ / ___'_ __ _ _(_)_ __  __ _ \ \ \ \
( ( )\___ | '_ | '_| | '_ \/ _` | \ \ \ \
 \\/  ___)| |_)| | | | | || (_| |  ) ) ) )
  '  |____| .__|_| |_|_| |_\__, | / / / /
 =========|_|==============|___/=/_/_/_/

 :: Spring Boot ::                (v3.3.5)

2025-07-29T09:15:14.893+02:00  INFO 12740 --- [           main] c.example.moonshot.auth.AuthServiceTest  : Starting AuthServiceTest using Java 21.0.7 with PID 12740 (started by david in D:\Documents\moonshot-project)
2025-07-29T09:15:14.893+02:00  INFO 12740 --- [           main] c.example.moonshot.auth.AuthServiceTest  : No active profile set, falling back to 1 default profile: "default"
2025-07-29T09:15:15.122+02:00  INFO 12740 --- [           main] .s.d.r.c.RepositoryConfigurationDelegate : Bootstrapping Spring Data JPA repositories in DEFAULT mode.
2025-07-29T09:15:15.173+02:00  INFO 12740 --- [           main] .s.d.r.c.RepositoryConfigurationDelegate : Finished Spring Data repository scanning in 50 ms. Found 14 JPA repository interfaces.
2025-07-29T09:15:15.445+02:00  INFO 12740 --- [           main] o.s.b.w.embedded.tomcat.TomcatWebServer  : Tomcat initialized with port 0 (http)
2025-07-29T09:15:15.446+02:00  INFO 12740 --- [           main] o.apache.catalina.core.StandardService   : Starting service [Tomcat]
2025-07-29T09:15:15.447+02:00  INFO 12740 --- [           main] o.apache.catalina.core.StandardEngine    : Starting Servlet engine: [Apache Tomcat/10.1.31]
2025-07-29T09:15:15.498+02:00  INFO 12740 --- [           main] o.a.c.c.C.[Tomcat-1].[localhost].[/]     : Initializing Spring embedded WebApplicationContext
2025-07-29T09:15:15.498+02:00  INFO 12740 --- [           main] w.s.c.ServletWebServerApplicationContext : Root WebApplicationContext: initialization completed in 603 ms
2025-07-29T09:15:15.609+02:00  INFO 12740 --- [           main] o.hibernate.jpa.internal.util.LogHelper  : HHH000204: Processing PersistenceUnitInfo [name: default]
2025-07-29T09:15:15.614+02:00  INFO 12740 --- [           main] o.h.c.internal.RegionFactoryInitiator    : HHH000026: Second-level cache disabled
2025-07-29T09:15:15.631+02:00  INFO 12740 --- [           main] o.s.o.j.p.SpringPersistenceUnitInfo      : No LoadTimeWeaver setup: ignoring JPA class transformer
2025-07-29T09:15:15.633+02:00  INFO 12740 --- [           main] com.zaxxer.hikari.HikariDataSource       : HikariPool-2 - Starting...
2025-07-29T09:15:15.634+02:00  INFO 12740 --- [           main] com.zaxxer.hikari.pool.HikariPool        : HikariPool-2 - Added connection conn10: url=jdbc:h2:mem:testdb user=SA
2025-07-29T09:15:15.635+02:00  INFO 12740 --- [           main] com.zaxxer.hikari.HikariDataSource       : HikariPool-2 - Start completed.
2025-07-29T09:15:15.636+02:00  WARN 12740 --- [           main] org.hibernate.orm.deprecation            : HHH90000025: H2Dialect does not need to be specified explicitly using 'hibernate.dialect' (remove the property setting and it will be selected by default)
2025-07-29T09:15:15.950+02:00  INFO 12740 --- [           main] o.h.e.t.j.p.i.JtaPlatformInitiator       : HHH000489: No JTA platform available (set 'hibernate.transaction.jta.platform' to enable JTA platform integration)
2025-07-29T09:15:15.956+02:00 DEBUG 12740 --- [           main] org.hibernate.SQL                        : alter table if exists itineraries alter column description set data type TEXT
Hibernate: alter table if exists itineraries alter column description set data type TEXT
2025-07-29T09:15:15.958+02:00 DEBUG 12740 --- [           main] org.hibernate.SQL                        : alter table if exists itinerary_steps alter column description set data type TEXT
Hibernate: alter table if exists itinerary_steps alter column description set data type TEXT
2025-07-29T09:15:15.959+02:00 DEBUG 12740 --- [           main] org.hibernate.SQL                        : alter table if exists reviews alter column comment set data type TEXT
Hibernate: alter table if exists reviews alter column comment set data type TEXT
2025-07-29T09:15:15.960+02:00 DEBUG 12740 --- [           main] org.hibernate.SQL                        : alter table if exists settings alter column description set data type TEXT
Hibernate: alter table if exists settings alter column description set data type TEXT
2025-07-29T09:15:15.964+02:00 DEBUG 12740 --- [           main] org.hibernate.SQL                        : alter table if exists itinerary_accessibility drop constraint if exists UK70806kngg5776rkdt86j1bg7n
Hibernate: alter table if exists itinerary_accessibility drop constraint if exists UK70806kngg5776rkdt86j1bg7n
2025-07-29T09:15:15.965+02:00 DEBUG 12740 --- [           main] org.hibernate.SQL                        : alter table if exists itinerary_accessibility add constraint UK70806kngg5776rkdt86j1bg7n unique (itinerary_id, feature_id)
Hibernate: alter table if exists itinerary_accessibility add constraint UK70806kngg5776rkdt86j1bg7n unique (itinerary_id, feature_id)
2025-07-29T09:15:15.966+02:00 DEBUG 12740 --- [           main] org.hibernate.SQL                        : alter table if exists user_accessibility_features drop constraint if exists UK8l49qwf5nkjd7ltkktvgg144v
Hibernate: alter table if exists user_accessibility_features drop constraint if exists UK8l49qwf5nkjd7ltkktvgg144v
2025-07-29T09:15:15.966+02:00 DEBUG 12740 --- [           main] org.hibernate.SQL                        : alter table if exists user_accessibility_features add constraint UK8l49qwf5nkjd7ltkktvgg144v unique (user_id, feature_id)
Hibernate: alter table if exists user_accessibility_features add constraint UK8l49qwf5nkjd7ltkktvgg144v unique (user_id, feature_id)
2025-07-29T09:15:15.967+02:00 DEBUG 12740 --- [           main] org.hibernate.SQL                        : alter table if exists user_country_access drop constraint if exists UKec46rek6t8y8sn6fjb9aosd2l
Hibernate: alter table if exists user_country_access drop constraint if exists UKec46rek6t8y8sn6fjb9aosd2l
2025-07-29T09:15:15.968+02:00 DEBUG 12740 --- [           main] org.hibernate.SQL                        : alter table if exists user_country_access add constraint UKec46rek6t8y8sn6fjb9aosd2l unique (user_id, country_id)
Hibernate: alter table if exists user_country_access add constraint UKec46rek6t8y8sn6fjb9aosd2l unique (user_id, country_id)
2025-07-29T09:15:15.968+02:00 DEBUG 12740 --- [           main] org.hibernate.SQL                        : alter table if exists user_selected_destinations drop constraint if exists UKr66e34uq8l0046mba93mwk8k4
Hibernate: alter table if exists user_selected_destinations drop constraint if exists UKr66e34uq8l0046mba93mwk8k4
2025-07-29T09:15:15.969+02:00 DEBUG 12740 --- [           main] org.hibernate.SQL                        : alter table if exists user_selected_destinations add constraint UKr66e34uq8l0046mba93mwk8k4 unique (user_id, destination_id)
Hibernate: alter table if exists user_selected_destinations add constraint UKr66e34uq8l0046mba93mwk8k4 unique (user_id, destination_id)
2025-07-29T09:15:15.970+02:00 DEBUG 12740 --- [           main] org.hibernate.SQL                        : alter table if exists user_settings drop constraint if exists UKfhktb05lyw3ujt954esbjn1hp
Hibernate: alter table if exists user_settings drop constraint if exists UKfhktb05lyw3ujt954esbjn1hp
2025-07-29T09:15:15.970+02:00 DEBUG 12740 --- [           main] org.hibernate.SQL                        : alter table if exists user_settings add constraint UKfhktb05lyw3ujt954esbjn1hp unique (user_id, setting_id)
Hibernate: alter table if exists user_settings add constraint UKfhktb05lyw3ujt954esbjn1hp unique (user_id, setting_id)
2025-07-29T09:15:15.982+02:00  INFO 12740 --- [           main] j.LocalContainerEntityManagerFactoryBean : Initialized JPA EntityManagerFactory for persistence unit 'default'
2025-07-29T09:15:16.242+02:00  WARN 12740 --- [           main] JpaBaseConfiguration$JpaWebConfiguration : spring.jpa.open-in-view is enabled by default. Therefore, database queries may be performed during view rendering. Explicitly configure spring.jpa.open-in-view to disable this warning
2025-07-29T09:15:16.254+02:00  INFO 12740 --- [           main] r$InitializeUserDetailsManagerConfigurer : Global AuthenticationManager configured with UserDetailsService bean with name userDetailsServiceImpl
2025-07-29T09:15:16.445+02:00  INFO 12740 --- [           main] o.a.c.c.C.[Tomcat-1].[localhost].[/]     : Initializing Spring TestDispatcherServlet ''
2025-07-29T09:15:16.445+02:00  INFO 12740 --- [           main] o.s.t.web.servlet.TestDispatcherServlet  : Initializing Servlet ''
2025-07-29T09:15:16.447+02:00  INFO 12740 --- [           main] o.s.t.web.servlet.TestDispatcherServlet  : Completed initialization in 2 ms
2025-07-29T09:15:16.459+02:00  INFO 12740 --- [           main] o.s.b.w.embedded.tomcat.TomcatWebServer  : Tomcat started on port 64130 (http) with context path '/'
2025-07-29T09:15:16.465+02:00  INFO 12740 --- [           main] c.example.moonshot.auth.AuthServiceTest  : Started AuthServiceTest in 1.595 seconds (process running for 8.72)
Cleaning test data...
2025-07-29T09:15:16.479+02:00 DEBUG 12740 --- [           main] org.hibernate.SQL                        : select ia1_0.id,ia1_0.created_at,ia1_0.feature_id,ia1_0.itinerary_id,ia1_0.updated_at from itinerary_accessibility ia1_0
Hibernate: select ia1_0.id,ia1_0.created_at,ia1_0.feature_id,ia1_0.itinerary_id,ia1_0.updated_at from itinerary_accessibility ia1_0
2025-07-29T09:15:16.482+02:00 DEBUG 12740 --- [           main] org.hibernate.SQL                        : select r1_0.id,r1_0.comment,r1_0.created_at,r1_0.itinerary_id,r1_0.rating,r1_0.updated_at,r1_0.user_id from reviews r1_0
Hibernate: select r1_0.id,r1_0.comment,r1_0.created_at,r1_0.itinerary_id,r1_0.rating,r1_0.updated_at,r1_0.user_id from reviews r1_0
2025-07-29T09:15:16.485+02:00 DEBUG 12740 --- [           main] org.hibernate.SQL                        : select si1_0.id,si1_0.created_at,si1_0.itinerary_id,si1_0.saved_at,si1_0.updated_at,si1_0.user_id from saved_itineraries si1_0
Hibernate: select si1_0.id,si1_0.created_at,si1_0.itinerary_id,si1_0.saved_at,si1_0.updated_at,si1_0.user_id from saved_itineraries si1_0
2025-07-29T09:15:16.488+02:00 DEBUG 12740 --- [           main] org.hibernate.SQL                        : select is1_0.id,is1_0.created_at,is1_0.description,is1_0.itinerary_id,is1_0.latitude,is1_0.longitude,is1_0.step_index,is1_0.title,is1_0.updated_at from itinerary_steps is1_0
Hibernate: select is1_0.id,is1_0.created_at,is1_0.description,is1_0.itinerary_id,is1_0.latitude,is1_0.longitude,is1_0.step_index,is1_0.title,is1_0.updated_at from itinerary_steps is1_0
2025-07-29T09:15:16.491+02:00 DEBUG 12740 --- [           main] org.hibernate.SQL                        : select us1_0.id,us1_0.created_at,us1_0.setting_id,us1_0.updated_at,us1_0.user_id,us1_0."value" from user_settings us1_0
Hibernate: select us1_0.id,us1_0.created_at,us1_0.setting_id,us1_0.updated_at,us1_0.user_id,us1_0."value" from user_settings us1_0
2025-07-29T09:15:16.493+02:00 DEBUG 12740 --- [           main] org.hibernate.SQL                        : select uaf1_0.id,uaf1_0.created_at,uaf1_0.feature_id,uaf1_0.updated_at,uaf1_0.user_id from user_accessibility_features uaf1_0
Hibernate: select uaf1_0.id,uaf1_0.created_at,uaf1_0.feature_id,uaf1_0.updated_at,uaf1_0.user_id from user_accessibility_features uaf1_0
2025-07-29T09:15:16.495+02:00 DEBUG 12740 --- [           main] org.hibernate.SQL                        : select uca1_0.id,uca1_0.country_id,uca1_0.created_at,uca1_0.updated_at,uca1_0.user_id from user_country_access uca1_0
Hibernate: select uca1_0.id,uca1_0.country_id,uca1_0.created_at,uca1_0.updated_at,uca1_0.user_id from user_country_access uca1_0
2025-07-29T09:15:16.497+02:00 DEBUG 12740 --- [           main] org.hibernate.SQL                        : select usd1_0.id,usd1_0.created_at,usd1_0.destination_id,usd1_0.updated_at,usd1_0.user_id from user_selected_destinations usd1_0
Hibernate: select usd1_0.id,usd1_0.created_at,usd1_0.destination_id,usd1_0.updated_at,usd1_0.user_id from user_selected_destinations usd1_0
2025-07-29T09:15:16.499+02:00 DEBUG 12740 --- [           main] org.hibernate.SQL                        : select i1_0.id,i1_0.created_at,i1_0.description,i1_0.destination_id,i1_0.duration,i1_0.image_url,i1_0.price,i1_0.rating,i1_0.title,i1_0.updated_at from itineraries i1_0
Hibernate: select i1_0.id,i1_0.created_at,i1_0.description,i1_0.destination_id,i1_0.duration,i1_0.image_url,i1_0.price,i1_0.rating,i1_0.title,i1_0.updated_at from itineraries i1_0
2025-07-29T09:15:16.500+02:00 DEBUG 12740 --- [           main] org.hibernate.SQL                        : select af1_0.id,af1_0.created_at,af1_0.name,af1_0.updated_at from accessibility_features af1_0
Hibernate: select af1_0.id,af1_0.created_at,af1_0.name,af1_0.updated_at from accessibility_features af1_0
2025-07-29T09:15:16.503+02:00 DEBUG 12740 --- [           main] org.hibernate.SQL                        : select d1_0.id,d1_0.available,d1_0.country_id,d1_0.created_at,d1_0.name,d1_0.type,d1_0.updated_at from destinations d1_0
Hibernate: select d1_0.id,d1_0.available,d1_0.country_id,d1_0.created_at,d1_0.name,d1_0.type,d1_0.updated_at from destinations d1_0
2025-07-29T09:15:16.505+02:00 DEBUG 12740 --- [           main] org.hibernate.SQL                        : select s1_0.id,s1_0.created_at,s1_0.default_value,s1_0.description,s1_0.label,s1_0.setting_key,s1_0.updated_at from settings s1_0
Hibernate: select s1_0.id,s1_0.created_at,s1_0.default_value,s1_0.description,s1_0.label,s1_0.setting_key,s1_0.updated_at from settings s1_0
2025-07-29T09:15:16.508+02:00 DEBUG 12740 --- [           main] org.hibernate.SQL                        : select c1_0.id,c1_0.available,c1_0.created_at,c1_0.name,c1_0.updated_at from countries c1_0
Hibernate: select c1_0.id,c1_0.available,c1_0.created_at,c1_0.name,c1_0.updated_at from countries c1_0
2025-07-29T09:15:16.510+02:00 DEBUG 12740 --- [           main] org.hibernate.SQL                        : select u1_0.id,u1_0.created_at,u1_0.email,u1_0.name,u1_0.nickname,u1_0.oauth_token,u1_0.password_hash,u1_0.phone,u1_0.platform,u1_0.updated_at from users u1_0
Hibernate: select u1_0.id,u1_0.created_at,u1_0.email,u1_0.name,u1_0.nickname,u1_0.oauth_token,u1_0.password_hash,u1_0.phone,u1_0.platform,u1_0.updated_at from users u1_0
2025-07-29T09:15:16.513+02:00 DEBUG 12740 --- [           main] org.hibernate.SQL                        : delete from users where id=?
Hibernate: delete from users where id=?
Clean complete.
2025-07-29T09:15:16.586+02:00 DEBUG 12740 --- [           main] org.hibernate.SQL                        : insert into users (created_at,email,name,nickname,oauth_token,password_hash,phone,platform,updated_at,id) values (?,?,?,?,?,?,?,?,?,?)
Hibernate: insert into users (created_at,email,name,nickname,oauth_token,password_hash,phone,platform,updated_at,id) values (?,?,?,?,?,?,?,?,?,?)
2025-07-29T09:15:16.595+02:00 DEBUG 12740 --- [           main] org.hibernate.SQL                        : select u1_0.id,u1_0.created_at,u1_0.email,u1_0.name,u1_0.nickname,u1_0.oauth_token,u1_0.password_hash,u1_0.phone,u1_0.platform,u1_0.updated_at from users u1_0 where u1_0.email=?
Hibernate: select u1_0.id,u1_0.created_at,u1_0.email,u1_0.name,u1_0.nickname,u1_0.oauth_token,u1_0.password_hash,u1_0.phone,u1_0.platform,u1_0.updated_at from users u1_0 where u1_0.email=?
]]></system-out>
  </testcase>
  <testcase name="shouldLoginSuccessfullyWithPhone" classname="com.example.moonshot.auth.AuthServiceTest" time="0.167">
    <system-out><![CDATA[Cleaning test data...
2025-07-29T09:15:16.667+02:00 DEBUG 12740 --- [           main] org.hibernate.SQL                        : select ia1_0.id,ia1_0.created_at,ia1_0.feature_id,ia1_0.itinerary_id,ia1_0.updated_at from itinerary_accessibility ia1_0
Hibernate: select ia1_0.id,ia1_0.created_at,ia1_0.feature_id,ia1_0.itinerary_id,ia1_0.updated_at from itinerary_accessibility ia1_0
2025-07-29T09:15:16.669+02:00 DEBUG 12740 --- [           main] org.hibernate.SQL                        : select r1_0.id,r1_0.comment,r1_0.created_at,r1_0.itinerary_id,r1_0.rating,r1_0.updated_at,r1_0.user_id from reviews r1_0
Hibernate: select r1_0.id,r1_0.comment,r1_0.created_at,r1_0.itinerary_id,r1_0.rating,r1_0.updated_at,r1_0.user_id from reviews r1_0
2025-07-29T09:15:16.670+02:00 DEBUG 12740 --- [           main] org.hibernate.SQL                        : select si1_0.id,si1_0.created_at,si1_0.itinerary_id,si1_0.saved_at,si1_0.updated_at,si1_0.user_id from saved_itineraries si1_0
Hibernate: select si1_0.id,si1_0.created_at,si1_0.itinerary_id,si1_0.saved_at,si1_0.updated_at,si1_0.user_id from saved_itineraries si1_0
2025-07-29T09:15:16.672+02:00 DEBUG 12740 --- [           main] org.hibernate.SQL                        : select is1_0.id,is1_0.created_at,is1_0.description,is1_0.itinerary_id,is1_0.latitude,is1_0.longitude,is1_0.step_index,is1_0.title,is1_0.updated_at from itinerary_steps is1_0
Hibernate: select is1_0.id,is1_0.created_at,is1_0.description,is1_0.itinerary_id,is1_0.latitude,is1_0.longitude,is1_0.step_index,is1_0.title,is1_0.updated_at from itinerary_steps is1_0
2025-07-29T09:15:16.674+02:00 DEBUG 12740 --- [           main] org.hibernate.SQL                        : select us1_0.id,us1_0.created_at,us1_0.setting_id,us1_0.updated_at,us1_0.user_id,us1_0."value" from user_settings us1_0
Hibernate: select us1_0.id,us1_0.created_at,us1_0.setting_id,us1_0.updated_at,us1_0.user_id,us1_0."value" from user_settings us1_0
2025-07-29T09:15:16.677+02:00 DEBUG 12740 --- [           main] org.hibernate.SQL                        : select uaf1_0.id,uaf1_0.created_at,uaf1_0.feature_id,uaf1_0.updated_at,uaf1_0.user_id from user_accessibility_features uaf1_0
Hibernate: select uaf1_0.id,uaf1_0.created_at,uaf1_0.feature_id,uaf1_0.updated_at,uaf1_0.user_id from user_accessibility_features uaf1_0
2025-07-29T09:15:16.679+02:00 DEBUG 12740 --- [           main] org.hibernate.SQL                        : select uca1_0.id,uca1_0.country_id,uca1_0.created_at,uca1_0.updated_at,uca1_0.user_id from user_country_access uca1_0
Hibernate: select uca1_0.id,uca1_0.country_id,uca1_0.created_at,uca1_0.updated_at,uca1_0.user_id from user_country_access uca1_0
2025-07-29T09:15:16.680+02:00 DEBUG 12740 --- [           main] org.hibernate.SQL                        : select usd1_0.id,usd1_0.created_at,usd1_0.destination_id,usd1_0.updated_at,usd1_0.user_id from user_selected_destinations usd1_0
Hibernate: select usd1_0.id,usd1_0.created_at,usd1_0.destination_id,usd1_0.updated_at,usd1_0.user_id from user_selected_destinations usd1_0
2025-07-29T09:15:16.682+02:00 DEBUG 12740 --- [           main] org.hibernate.SQL                        : select i1_0.id,i1_0.created_at,i1_0.description,i1_0.destination_id,i1_0.duration,i1_0.image_url,i1_0.price,i1_0.rating,i1_0.title,i1_0.updated_at from itineraries i1_0
Hibernate: select i1_0.id,i1_0.created_at,i1_0.description,i1_0.destination_id,i1_0.duration,i1_0.image_url,i1_0.price,i1_0.rating,i1_0.title,i1_0.updated_at from itineraries i1_0
2025-07-29T09:15:16.684+02:00 DEBUG 12740 --- [           main] org.hibernate.SQL                        : select af1_0.id,af1_0.created_at,af1_0.name,af1_0.updated_at from accessibility_features af1_0
Hibernate: select af1_0.id,af1_0.created_at,af1_0.name,af1_0.updated_at from accessibility_features af1_0
2025-07-29T09:15:16.685+02:00 DEBUG 12740 --- [           main] org.hibernate.SQL                        : select d1_0.id,d1_0.available,d1_0.country_id,d1_0.created_at,d1_0.name,d1_0.type,d1_0.updated_at from destinations d1_0
Hibernate: select d1_0.id,d1_0.available,d1_0.country_id,d1_0.created_at,d1_0.name,d1_0.type,d1_0.updated_at from destinations d1_0
2025-07-29T09:15:16.688+02:00 DEBUG 12740 --- [           main] org.hibernate.SQL                        : select s1_0.id,s1_0.created_at,s1_0.default_value,s1_0.description,s1_0.label,s1_0.setting_key,s1_0.updated_at from settings s1_0
Hibernate: select s1_0.id,s1_0.created_at,s1_0.default_value,s1_0.description,s1_0.label,s1_0.setting_key,s1_0.updated_at from settings s1_0
2025-07-29T09:15:16.690+02:00 DEBUG 12740 --- [           main] org.hibernate.SQL                        : select c1_0.id,c1_0.available,c1_0.created_at,c1_0.name,c1_0.updated_at from countries c1_0
Hibernate: select c1_0.id,c1_0.available,c1_0.created_at,c1_0.name,c1_0.updated_at from countries c1_0
2025-07-29T09:15:16.691+02:00 DEBUG 12740 --- [           main] org.hibernate.SQL                        : select u1_0.id,u1_0.created_at,u1_0.email,u1_0.name,u1_0.nickname,u1_0.oauth_token,u1_0.password_hash,u1_0.phone,u1_0.platform,u1_0.updated_at from users u1_0
Hibernate: select u1_0.id,u1_0.created_at,u1_0.email,u1_0.name,u1_0.nickname,u1_0.oauth_token,u1_0.password_hash,u1_0.phone,u1_0.platform,u1_0.updated_at from users u1_0
2025-07-29T09:15:16.693+02:00 DEBUG 12740 --- [           main] org.hibernate.SQL                        : delete from users where id=?
Hibernate: delete from users where id=?
Clean complete.
2025-07-29T09:15:16.758+02:00 DEBUG 12740 --- [           main] org.hibernate.SQL                        : insert into users (created_at,email,name,nickname,oauth_token,password_hash,phone,platform,updated_at,id) values (?,?,?,?,?,?,?,?,?,?)
Hibernate: insert into users (created_at,email,name,nickname,oauth_token,password_hash,phone,platform,updated_at,id) values (?,?,?,?,?,?,?,?,?,?)
2025-07-29T09:15:16.761+02:00 DEBUG 12740 --- [           main] org.hibernate.SQL                        : select u1_0.id,u1_0.created_at,u1_0.email,u1_0.name,u1_0.nickname,u1_0.oauth_token,u1_0.password_hash,u1_0.phone,u1_0.platform,u1_0.updated_at from users u1_0 where u1_0.email=?
Hibernate: select u1_0.id,u1_0.created_at,u1_0.email,u1_0.name,u1_0.nickname,u1_0.oauth_token,u1_0.password_hash,u1_0.phone,u1_0.platform,u1_0.updated_at from users u1_0 where u1_0.email=?
2025-07-29T09:15:16.764+02:00 DEBUG 12740 --- [           main] org.hibernate.SQL                        : select u1_0.id,u1_0.created_at,u1_0.email,u1_0.name,u1_0.nickname,u1_0.oauth_token,u1_0.password_hash,u1_0.phone,u1_0.platform,u1_0.updated_at from users u1_0 where u1_0.phone=?
Hibernate: select u1_0.id,u1_0.created_at,u1_0.email,u1_0.name,u1_0.nickname,u1_0.oauth_token,u1_0.password_hash,u1_0.phone,u1_0.platform,u1_0.updated_at from users u1_0 where u1_0.phone=?
]]></system-out>
  </testcase>
  <testcase name="shouldFailWithWrongPassword" classname="com.example.moonshot.auth.AuthServiceTest" time="0.145">
    <system-out><![CDATA[Cleaning test data...
2025-07-29T09:15:16.836+02:00 DEBUG 12740 --- [           main] org.hibernate.SQL                        : select ia1_0.id,ia1_0.created_at,ia1_0.feature_id,ia1_0.itinerary_id,ia1_0.updated_at from itinerary_accessibility ia1_0
Hibernate: select ia1_0.id,ia1_0.created_at,ia1_0.feature_id,ia1_0.itinerary_id,ia1_0.updated_at from itinerary_accessibility ia1_0
2025-07-29T09:15:16.838+02:00 DEBUG 12740 --- [           main] org.hibernate.SQL                        : select r1_0.id,r1_0.comment,r1_0.created_at,r1_0.itinerary_id,r1_0.rating,r1_0.updated_at,r1_0.user_id from reviews r1_0
Hibernate: select r1_0.id,r1_0.comment,r1_0.created_at,r1_0.itinerary_id,r1_0.rating,r1_0.updated_at,r1_0.user_id from reviews r1_0
2025-07-29T09:15:16.840+02:00 DEBUG 12740 --- [           main] org.hibernate.SQL                        : select si1_0.id,si1_0.created_at,si1_0.itinerary_id,si1_0.saved_at,si1_0.updated_at,si1_0.user_id from saved_itineraries si1_0
Hibernate: select si1_0.id,si1_0.created_at,si1_0.itinerary_id,si1_0.saved_at,si1_0.updated_at,si1_0.user_id from saved_itineraries si1_0
2025-07-29T09:15:16.841+02:00 DEBUG 12740 --- [           main] org.hibernate.SQL                        : select is1_0.id,is1_0.created_at,is1_0.description,is1_0.itinerary_id,is1_0.latitude,is1_0.longitude,is1_0.step_index,is1_0.title,is1_0.updated_at from itinerary_steps is1_0
Hibernate: select is1_0.id,is1_0.created_at,is1_0.description,is1_0.itinerary_id,is1_0.latitude,is1_0.longitude,is1_0.step_index,is1_0.title,is1_0.updated_at from itinerary_steps is1_0
2025-07-29T09:15:16.843+02:00 DEBUG 12740 --- [           main] org.hibernate.SQL                        : select us1_0.id,us1_0.created_at,us1_0.setting_id,us1_0.updated_at,us1_0.user_id,us1_0."value" from user_settings us1_0
Hibernate: select us1_0.id,us1_0.created_at,us1_0.setting_id,us1_0.updated_at,us1_0.user_id,us1_0."value" from user_settings us1_0
2025-07-29T09:15:16.844+02:00 DEBUG 12740 --- [           main] org.hibernate.SQL                        : select uaf1_0.id,uaf1_0.created_at,uaf1_0.feature_id,uaf1_0.updated_at,uaf1_0.user_id from user_accessibility_features uaf1_0
Hibernate: select uaf1_0.id,uaf1_0.created_at,uaf1_0.feature_id,uaf1_0.updated_at,uaf1_0.user_id from user_accessibility_features uaf1_0
2025-07-29T09:15:16.846+02:00 DEBUG 12740 --- [           main] org.hibernate.SQL                        : select uca1_0.id,uca1_0.country_id,uca1_0.created_at,uca1_0.updated_at,uca1_0.user_id from user_country_access uca1_0
Hibernate: select uca1_0.id,uca1_0.country_id,uca1_0.created_at,uca1_0.updated_at,uca1_0.user_id from user_country_access uca1_0
2025-07-29T09:15:16.847+02:00 DEBUG 12740 --- [           main] org.hibernate.SQL                        : select usd1_0.id,usd1_0.created_at,usd1_0.destination_id,usd1_0.updated_at,usd1_0.user_id from user_selected_destinations usd1_0
Hibernate: select usd1_0.id,usd1_0.created_at,usd1_0.destination_id,usd1_0.updated_at,usd1_0.user_id from user_selected_destinations usd1_0
2025-07-29T09:15:16.849+02:00 DEBUG 12740 --- [           main] org.hibernate.SQL                        : select i1_0.id,i1_0.created_at,i1_0.description,i1_0.destination_id,i1_0.duration,i1_0.image_url,i1_0.price,i1_0.rating,i1_0.title,i1_0.updated_at from itineraries i1_0
Hibernate: select i1_0.id,i1_0.created_at,i1_0.description,i1_0.destination_id,i1_0.duration,i1_0.image_url,i1_0.price,i1_0.rating,i1_0.title,i1_0.updated_at from itineraries i1_0
2025-07-29T09:15:16.851+02:00 DEBUG 12740 --- [           main] org.hibernate.SQL                        : select af1_0.id,af1_0.created_at,af1_0.name,af1_0.updated_at from accessibility_features af1_0
Hibernate: select af1_0.id,af1_0.created_at,af1_0.name,af1_0.updated_at from accessibility_features af1_0
2025-07-29T09:15:16.852+02:00 DEBUG 12740 --- [           main] org.hibernate.SQL                        : select d1_0.id,d1_0.available,d1_0.country_id,d1_0.created_at,d1_0.name,d1_0.type,d1_0.updated_at from destinations d1_0
Hibernate: select d1_0.id,d1_0.available,d1_0.country_id,d1_0.created_at,d1_0.name,d1_0.type,d1_0.updated_at from destinations d1_0
2025-07-29T09:15:16.854+02:00 DEBUG 12740 --- [           main] org.hibernate.SQL                        : select s1_0.id,s1_0.created_at,s1_0.default_value,s1_0.description,s1_0.label,s1_0.setting_key,s1_0.updated_at from settings s1_0
Hibernate: select s1_0.id,s1_0.created_at,s1_0.default_value,s1_0.description,s1_0.label,s1_0.setting_key,s1_0.updated_at from settings s1_0
2025-07-29T09:15:16.855+02:00 DEBUG 12740 --- [           main] org.hibernate.SQL                        : select c1_0.id,c1_0.available,c1_0.created_at,c1_0.name,c1_0.updated_at from countries c1_0
Hibernate: select c1_0.id,c1_0.available,c1_0.created_at,c1_0.name,c1_0.updated_at from countries c1_0
2025-07-29T09:15:16.856+02:00 DEBUG 12740 --- [           main] org.hibernate.SQL                        : select u1_0.id,u1_0.created_at,u1_0.email,u1_0.name,u1_0.nickname,u1_0.oauth_token,u1_0.password_hash,u1_0.phone,u1_0.platform,u1_0.updated_at from users u1_0
Hibernate: select u1_0.id,u1_0.created_at,u1_0.email,u1_0.name,u1_0.nickname,u1_0.oauth_token,u1_0.password_hash,u1_0.phone,u1_0.platform,u1_0.updated_at from users u1_0
2025-07-29T09:15:16.858+02:00 DEBUG 12740 --- [           main] org.hibernate.SQL                        : delete from users where id=?
Hibernate: delete from users where id=?
Clean complete.
2025-07-29T09:15:16.915+02:00 DEBUG 12740 --- [           main] org.hibernate.SQL                        : insert into users (created_at,email,name,nickname,oauth_token,password_hash,phone,platform,updated_at,id) values (?,?,?,?,?,?,?,?,?,?)
Hibernate: insert into users (created_at,email,name,nickname,oauth_token,password_hash,phone,platform,updated_at,id) values (?,?,?,?,?,?,?,?,?,?)
2025-07-29T09:15:16.917+02:00 DEBUG 12740 --- [           main] org.hibernate.SQL                        : select u1_0.id,u1_0.created_at,u1_0.email,u1_0.name,u1_0.nickname,u1_0.oauth_token,u1_0.password_hash,u1_0.phone,u1_0.platform,u1_0.updated_at from users u1_0 where u1_0.email=?
Hibernate: select u1_0.id,u1_0.created_at,u1_0.email,u1_0.name,u1_0.nickname,u1_0.oauth_token,u1_0.password_hash,u1_0.phone,u1_0.platform,u1_0.updated_at from users u1_0 where u1_0.email=?
]]></system-out>
  </testcase>
  <testcase name="shouldFailWithUnknownEmail" classname="com.example.moonshot.auth.AuthServiceTest" time="0.089">
    <system-out><![CDATA[Cleaning test data...
2025-07-29T09:15:16.981+02:00 DEBUG 12740 --- [           main] org.hibernate.SQL                        : select ia1_0.id,ia1_0.created_at,ia1_0.feature_id,ia1_0.itinerary_id,ia1_0.updated_at from itinerary_accessibility ia1_0
Hibernate: select ia1_0.id,ia1_0.created_at,ia1_0.feature_id,ia1_0.itinerary_id,ia1_0.updated_at from itinerary_accessibility ia1_0
2025-07-29T09:15:16.984+02:00 DEBUG 12740 --- [           main] org.hibernate.SQL                        : select r1_0.id,r1_0.comment,r1_0.created_at,r1_0.itinerary_id,r1_0.rating,r1_0.updated_at,r1_0.user_id from reviews r1_0
Hibernate: select r1_0.id,r1_0.comment,r1_0.created_at,r1_0.itinerary_id,r1_0.rating,r1_0.updated_at,r1_0.user_id from reviews r1_0
2025-07-29T09:15:16.985+02:00 DEBUG 12740 --- [           main] org.hibernate.SQL                        : select si1_0.id,si1_0.created_at,si1_0.itinerary_id,si1_0.saved_at,si1_0.updated_at,si1_0.user_id from saved_itineraries si1_0
Hibernate: select si1_0.id,si1_0.created_at,si1_0.itinerary_id,si1_0.saved_at,si1_0.updated_at,si1_0.user_id from saved_itineraries si1_0
2025-07-29T09:15:16.986+02:00 DEBUG 12740 --- [           main] org.hibernate.SQL                        : select is1_0.id,is1_0.created_at,is1_0.description,is1_0.itinerary_id,is1_0.latitude,is1_0.longitude,is1_0.step_index,is1_0.title,is1_0.updated_at from itinerary_steps is1_0
Hibernate: select is1_0.id,is1_0.created_at,is1_0.description,is1_0.itinerary_id,is1_0.latitude,is1_0.longitude,is1_0.step_index,is1_0.title,is1_0.updated_at from itinerary_steps is1_0
2025-07-29T09:15:16.989+02:00 DEBUG 12740 --- [           main] org.hibernate.SQL                        : select us1_0.id,us1_0.created_at,us1_0.setting_id,us1_0.updated_at,us1_0.user_id,us1_0."value" from user_settings us1_0
Hibernate: select us1_0.id,us1_0.created_at,us1_0.setting_id,us1_0.updated_at,us1_0.user_id,us1_0."value" from user_settings us1_0
2025-07-29T09:15:16.990+02:00 DEBUG 12740 --- [           main] org.hibernate.SQL                        : select uaf1_0.id,uaf1_0.created_at,uaf1_0.feature_id,uaf1_0.updated_at,uaf1_0.user_id from user_accessibility_features uaf1_0
Hibernate: select uaf1_0.id,uaf1_0.created_at,uaf1_0.feature_id,uaf1_0.updated_at,uaf1_0.user_id from user_accessibility_features uaf1_0
2025-07-29T09:15:16.992+02:00 DEBUG 12740 --- [           main] org.hibernate.SQL                        : select uca1_0.id,uca1_0.country_id,uca1_0.created_at,uca1_0.updated_at,uca1_0.user_id from user_country_access uca1_0
Hibernate: select uca1_0.id,uca1_0.country_id,uca1_0.created_at,uca1_0.updated_at,uca1_0.user_id from user_country_access uca1_0
2025-07-29T09:15:16.993+02:00 DEBUG 12740 --- [           main] org.hibernate.SQL                        : select usd1_0.id,usd1_0.created_at,usd1_0.destination_id,usd1_0.updated_at,usd1_0.user_id from user_selected_destinations usd1_0
Hibernate: select usd1_0.id,usd1_0.created_at,usd1_0.destination_id,usd1_0.updated_at,usd1_0.user_id from user_selected_destinations usd1_0
2025-07-29T09:15:16.995+02:00 DEBUG 12740 --- [           main] org.hibernate.SQL                        : select i1_0.id,i1_0.created_at,i1_0.description,i1_0.destination_id,i1_0.duration,i1_0.image_url,i1_0.price,i1_0.rating,i1_0.title,i1_0.updated_at from itineraries i1_0
Hibernate: select i1_0.id,i1_0.created_at,i1_0.description,i1_0.destination_id,i1_0.duration,i1_0.image_url,i1_0.price,i1_0.rating,i1_0.title,i1_0.updated_at from itineraries i1_0
2025-07-29T09:15:16.996+02:00 DEBUG 12740 --- [           main] org.hibernate.SQL                        : select af1_0.id,af1_0.created_at,af1_0.name,af1_0.updated_at from accessibility_features af1_0
Hibernate: select af1_0.id,af1_0.created_at,af1_0.name,af1_0.updated_at from accessibility_features af1_0
2025-07-29T09:15:16.998+02:00 DEBUG 12740 --- [           main] org.hibernate.SQL                        : select d1_0.id,d1_0.available,d1_0.country_id,d1_0.created_at,d1_0.name,d1_0.type,d1_0.updated_at from destinations d1_0
Hibernate: select d1_0.id,d1_0.available,d1_0.country_id,d1_0.created_at,d1_0.name,d1_0.type,d1_0.updated_at from destinations d1_0
2025-07-29T09:15:16.999+02:00 DEBUG 12740 --- [           main] org.hibernate.SQL                        : select s1_0.id,s1_0.created_at,s1_0.default_value,s1_0.description,s1_0.label,s1_0.setting_key,s1_0.updated_at from settings s1_0
Hibernate: select s1_0.id,s1_0.created_at,s1_0.default_value,s1_0.description,s1_0.label,s1_0.setting_key,s1_0.updated_at from settings s1_0
2025-07-29T09:15:16.999+02:00 DEBUG 12740 --- [           main] org.hibernate.SQL                        : select c1_0.id,c1_0.available,c1_0.created_at,c1_0.name,c1_0.updated_at from countries c1_0
Hibernate: select c1_0.id,c1_0.available,c1_0.created_at,c1_0.name,c1_0.updated_at from countries c1_0
2025-07-29T09:15:17.000+02:00 DEBUG 12740 --- [           main] org.hibernate.SQL                        : select u1_0.id,u1_0.created_at,u1_0.email,u1_0.name,u1_0.nickname,u1_0.oauth_token,u1_0.password_hash,u1_0.phone,u1_0.platform,u1_0.updated_at from users u1_0
Hibernate: select u1_0.id,u1_0.created_at,u1_0.email,u1_0.name,u1_0.nickname,u1_0.oauth_token,u1_0.password_hash,u1_0.phone,u1_0.platform,u1_0.updated_at from users u1_0
2025-07-29T09:15:17.001+02:00 DEBUG 12740 --- [           main] org.hibernate.SQL                        : delete from users where id=?
Hibernate: delete from users where id=?
Clean complete.
2025-07-29T09:15:17.061+02:00 DEBUG 12740 --- [           main] org.hibernate.SQL                        : insert into users (created_at,email,name,nickname,oauth_token,password_hash,phone,platform,updated_at,id) values (?,?,?,?,?,?,?,?,?,?)
Hibernate: insert into users (created_at,email,name,nickname,oauth_token,password_hash,phone,platform,updated_at,id) values (?,?,?,?,?,?,?,?,?,?)
2025-07-29T09:15:17.064+02:00 DEBUG 12740 --- [           main] org.hibernate.SQL                        : select u1_0.id,u1_0.created_at,u1_0.email,u1_0.name,u1_0.nickname,u1_0.oauth_token,u1_0.password_hash,u1_0.phone,u1_0.platform,u1_0.updated_at from users u1_0 where u1_0.email=?
Hibernate: select u1_0.id,u1_0.created_at,u1_0.email,u1_0.name,u1_0.nickname,u1_0.oauth_token,u1_0.password_hash,u1_0.phone,u1_0.platform,u1_0.updated_at from users u1_0 where u1_0.email=?
2025-07-29T09:15:17.065+02:00 DEBUG 12740 --- [           main] org.hibernate.SQL                        : select u1_0.id,u1_0.created_at,u1_0.email,u1_0.name,u1_0.nickname,u1_0.oauth_token,u1_0.password_hash,u1_0.phone,u1_0.platform,u1_0.updated_at from users u1_0 where u1_0.phone=?
Hibernate: select u1_0.id,u1_0.created_at,u1_0.email,u1_0.name,u1_0.nickname,u1_0.oauth_token,u1_0.password_hash,u1_0.phone,u1_0.platform,u1_0.updated_at from users u1_0 where u1_0.phone=?
]]></system-out>
  </testcase>
  <testcase name="shouldCreateUserViaFacebookSignIn" classname="com.example.moonshot.auth.AuthServiceTest" time="0.141">
    <system-out><![CDATA[Cleaning test data...
2025-07-29T09:15:17.072+02:00 DEBUG 12740 --- [           main] org.hibernate.SQL                        : select ia1_0.id,ia1_0.created_at,ia1_0.feature_id,ia1_0.itinerary_id,ia1_0.updated_at from itinerary_accessibility ia1_0
Hibernate: select ia1_0.id,ia1_0.created_at,ia1_0.feature_id,ia1_0.itinerary_id,ia1_0.updated_at from itinerary_accessibility ia1_0
2025-07-29T09:15:17.075+02:00 DEBUG 12740 --- [           main] org.hibernate.SQL                        : select r1_0.id,r1_0.comment,r1_0.created_at,r1_0.itinerary_id,r1_0.rating,r1_0.updated_at,r1_0.user_id from reviews r1_0
Hibernate: select r1_0.id,r1_0.comment,r1_0.created_at,r1_0.itinerary_id,r1_0.rating,r1_0.updated_at,r1_0.user_id from reviews r1_0
2025-07-29T09:15:17.076+02:00 DEBUG 12740 --- [           main] org.hibernate.SQL                        : select si1_0.id,si1_0.created_at,si1_0.itinerary_id,si1_0.saved_at,si1_0.updated_at,si1_0.user_id from saved_itineraries si1_0
Hibernate: select si1_0.id,si1_0.created_at,si1_0.itinerary_id,si1_0.saved_at,si1_0.updated_at,si1_0.user_id from saved_itineraries si1_0
2025-07-29T09:15:17.079+02:00 DEBUG 12740 --- [           main] org.hibernate.SQL                        : select is1_0.id,is1_0.created_at,is1_0.description,is1_0.itinerary_id,is1_0.latitude,is1_0.longitude,is1_0.step_index,is1_0.title,is1_0.updated_at from itinerary_steps is1_0
Hibernate: select is1_0.id,is1_0.created_at,is1_0.description,is1_0.itinerary_id,is1_0.latitude,is1_0.longitude,is1_0.step_index,is1_0.title,is1_0.updated_at from itinerary_steps is1_0
2025-07-29T09:15:17.081+02:00 DEBUG 12740 --- [           main] org.hibernate.SQL                        : select us1_0.id,us1_0.created_at,us1_0.setting_id,us1_0.updated_at,us1_0.user_id,us1_0."value" from user_settings us1_0
Hibernate: select us1_0.id,us1_0.created_at,us1_0.setting_id,us1_0.updated_at,us1_0.user_id,us1_0."value" from user_settings us1_0
2025-07-29T09:15:17.083+02:00 DEBUG 12740 --- [           main] org.hibernate.SQL                        : select uaf1_0.id,uaf1_0.created_at,uaf1_0.feature_id,uaf1_0.updated_at,uaf1_0.user_id from user_accessibility_features uaf1_0
Hibernate: select uaf1_0.id,uaf1_0.created_at,uaf1_0.feature_id,uaf1_0.updated_at,uaf1_0.user_id from user_accessibility_features uaf1_0
2025-07-29T09:15:17.084+02:00 DEBUG 12740 --- [           main] org.hibernate.SQL                        : select uca1_0.id,uca1_0.country_id,uca1_0.created_at,uca1_0.updated_at,uca1_0.user_id from user_country_access uca1_0
Hibernate: select uca1_0.id,uca1_0.country_id,uca1_0.created_at,uca1_0.updated_at,uca1_0.user_id from user_country_access uca1_0
2025-07-29T09:15:17.086+02:00 DEBUG 12740 --- [           main] org.hibernate.SQL                        : select usd1_0.id,usd1_0.created_at,usd1_0.destination_id,usd1_0.updated_at,usd1_0.user_id from user_selected_destinations usd1_0
Hibernate: select usd1_0.id,usd1_0.created_at,usd1_0.destination_id,usd1_0.updated_at,usd1_0.user_id from user_selected_destinations usd1_0
2025-07-29T09:15:17.088+02:00 DEBUG 12740 --- [           main] org.hibernate.SQL                        : select i1_0.id,i1_0.created_at,i1_0.description,i1_0.destination_id,i1_0.duration,i1_0.image_url,i1_0.price,i1_0.rating,i1_0.title,i1_0.updated_at from itineraries i1_0
Hibernate: select i1_0.id,i1_0.created_at,i1_0.description,i1_0.destination_id,i1_0.duration,i1_0.image_url,i1_0.price,i1_0.rating,i1_0.title,i1_0.updated_at from itineraries i1_0
2025-07-29T09:15:17.090+02:00 DEBUG 12740 --- [           main] org.hibernate.SQL                        : select af1_0.id,af1_0.created_at,af1_0.name,af1_0.updated_at from accessibility_features af1_0
Hibernate: select af1_0.id,af1_0.created_at,af1_0.name,af1_0.updated_at from accessibility_features af1_0
2025-07-29T09:15:17.092+02:00 DEBUG 12740 --- [           main] org.hibernate.SQL                        : select d1_0.id,d1_0.available,d1_0.country_id,d1_0.created_at,d1_0.name,d1_0.type,d1_0.updated_at from destinations d1_0
Hibernate: select d1_0.id,d1_0.available,d1_0.country_id,d1_0.created_at,d1_0.name,d1_0.type,d1_0.updated_at from destinations d1_0
2025-07-29T09:15:17.095+02:00 DEBUG 12740 --- [           main] org.hibernate.SQL                        : select s1_0.id,s1_0.created_at,s1_0.default_value,s1_0.description,s1_0.label,s1_0.setting_key,s1_0.updated_at from settings s1_0
Hibernate: select s1_0.id,s1_0.created_at,s1_0.default_value,s1_0.description,s1_0.label,s1_0.setting_key,s1_0.updated_at from settings s1_0
2025-07-29T09:15:17.096+02:00 DEBUG 12740 --- [           main] org.hibernate.SQL                        : select c1_0.id,c1_0.available,c1_0.created_at,c1_0.name,c1_0.updated_at from countries c1_0
Hibernate: select c1_0.id,c1_0.available,c1_0.created_at,c1_0.name,c1_0.updated_at from countries c1_0
2025-07-29T09:15:17.098+02:00 DEBUG 12740 --- [           main] org.hibernate.SQL                        : select u1_0.id,u1_0.created_at,u1_0.email,u1_0.name,u1_0.nickname,u1_0.oauth_token,u1_0.password_hash,u1_0.phone,u1_0.platform,u1_0.updated_at from users u1_0
Hibernate: select u1_0.id,u1_0.created_at,u1_0.email,u1_0.name,u1_0.nickname,u1_0.oauth_token,u1_0.password_hash,u1_0.phone,u1_0.platform,u1_0.updated_at from users u1_0
2025-07-29T09:15:17.100+02:00 DEBUG 12740 --- [           main] org.hibernate.SQL                        : delete from users where id=?
Hibernate: delete from users where id=?
Clean complete.
2025-07-29T09:15:17.164+02:00 DEBUG 12740 --- [           main] org.hibernate.SQL                        : insert into users (created_at,email,name,nickname,oauth_token,password_hash,phone,platform,updated_at,id) values (?,?,?,?,?,?,?,?,?,?)
Hibernate: insert into users (created_at,email,name,nickname,oauth_token,password_hash,phone,platform,updated_at,id) values (?,?,?,?,?,?,?,?,?,?)
2025-07-29T09:15:17.193+02:00  INFO 12740 --- [           main] com.example.moonshot.auth.AuthService    : Received Facebook token: fake-fb-token
2025-07-29T09:15:17.198+02:00  INFO 12740 --- [           main] com.example.moonshot.auth.AuthService    : Token verified successfully: {email=facebook@example.com, name=Facebook User}
2025-07-29T09:15:17.199+02:00 DEBUG 12740 --- [           main] org.hibernate.SQL                        : select u1_0.id,u1_0.created_at,u1_0.email,u1_0.name,u1_0.nickname,u1_0.oauth_token,u1_0.password_hash,u1_0.phone,u1_0.platform,u1_0.updated_at from users u1_0 where u1_0.email=?
Hibernate: select u1_0.id,u1_0.created_at,u1_0.email,u1_0.name,u1_0.nickname,u1_0.oauth_token,u1_0.password_hash,u1_0.phone,u1_0.platform,u1_0.updated_at from users u1_0 where u1_0.email=?
2025-07-29T09:15:17.201+02:00 DEBUG 12740 --- [           main] org.hibernate.SQL                        : insert into users (created_at,email,name,nickname,oauth_token,password_hash,phone,platform,updated_at,id) values (?,?,?,?,?,?,?,?,?,?)
Hibernate: insert into users (created_at,email,name,nickname,oauth_token,password_hash,phone,platform,updated_at,id) values (?,?,?,?,?,?,?,?,?,?)
2025-07-29T09:15:17.205+02:00 DEBUG 12740 --- [           main] org.hibernate.SQL                        : select u1_0.id,u1_0.created_at,u1_0.email,u1_0.name,u1_0.nickname,u1_0.oauth_token,u1_0.password_hash,u1_0.phone,u1_0.platform,u1_0.updated_at from users u1_0 where u1_0.email=?
Hibernate: select u1_0.id,u1_0.created_at,u1_0.email,u1_0.name,u1_0.nickname,u1_0.oauth_token,u1_0.password_hash,u1_0.phone,u1_0.platform,u1_0.updated_at from users u1_0 where u1_0.email=?
]]></system-out>
  </testcase>
  <testcase name="shouldCreateUserViaGoogleSignIn" classname="com.example.moonshot.auth.AuthServiceTest" time="0.104">
    <system-out><![CDATA[Cleaning test data...
2025-07-29T09:15:17.216+02:00 DEBUG 12740 --- [           main] org.hibernate.SQL                        : select ia1_0.id,ia1_0.created_at,ia1_0.feature_id,ia1_0.itinerary_id,ia1_0.updated_at from itinerary_accessibility ia1_0
Hibernate: select ia1_0.id,ia1_0.created_at,ia1_0.feature_id,ia1_0.itinerary_id,ia1_0.updated_at from itinerary_accessibility ia1_0
2025-07-29T09:15:17.218+02:00 DEBUG 12740 --- [           main] org.hibernate.SQL                        : select r1_0.id,r1_0.comment,r1_0.created_at,r1_0.itinerary_id,r1_0.rating,r1_0.updated_at,r1_0.user_id from reviews r1_0
Hibernate: select r1_0.id,r1_0.comment,r1_0.created_at,r1_0.itinerary_id,r1_0.rating,r1_0.updated_at,r1_0.user_id from reviews r1_0
2025-07-29T09:15:17.219+02:00 DEBUG 12740 --- [           main] org.hibernate.SQL                        : select si1_0.id,si1_0.created_at,si1_0.itinerary_id,si1_0.saved_at,si1_0.updated_at,si1_0.user_id from saved_itineraries si1_0
Hibernate: select si1_0.id,si1_0.created_at,si1_0.itinerary_id,si1_0.saved_at,si1_0.updated_at,si1_0.user_id from saved_itineraries si1_0
2025-07-29T09:15:17.221+02:00 DEBUG 12740 --- [           main] org.hibernate.SQL                        : select is1_0.id,is1_0.created_at,is1_0.description,is1_0.itinerary_id,is1_0.latitude,is1_0.longitude,is1_0.step_index,is1_0.title,is1_0.updated_at from itinerary_steps is1_0
Hibernate: select is1_0.id,is1_0.created_at,is1_0.description,is1_0.itinerary_id,is1_0.latitude,is1_0.longitude,is1_0.step_index,is1_0.title,is1_0.updated_at from itinerary_steps is1_0
2025-07-29T09:15:17.223+02:00 DEBUG 12740 --- [           main] org.hibernate.SQL                        : select us1_0.id,us1_0.created_at,us1_0.setting_id,us1_0.updated_at,us1_0.user_id,us1_0."value" from user_settings us1_0
Hibernate: select us1_0.id,us1_0.created_at,us1_0.setting_id,us1_0.updated_at,us1_0.user_id,us1_0."value" from user_settings us1_0
2025-07-29T09:15:17.225+02:00 DEBUG 12740 --- [           main] org.hibernate.SQL                        : select uaf1_0.id,uaf1_0.created_at,uaf1_0.feature_id,uaf1_0.updated_at,uaf1_0.user_id from user_accessibility_features uaf1_0
Hibernate: select uaf1_0.id,uaf1_0.created_at,uaf1_0.feature_id,uaf1_0.updated_at,uaf1_0.user_id from user_accessibility_features uaf1_0
2025-07-29T09:15:17.227+02:00 DEBUG 12740 --- [           main] org.hibernate.SQL                        : select uca1_0.id,uca1_0.country_id,uca1_0.created_at,uca1_0.updated_at,uca1_0.user_id from user_country_access uca1_0
Hibernate: select uca1_0.id,uca1_0.country_id,uca1_0.created_at,uca1_0.updated_at,uca1_0.user_id from user_country_access uca1_0
2025-07-29T09:15:17.229+02:00 DEBUG 12740 --- [           main] org.hibernate.SQL                        : select usd1_0.id,usd1_0.created_at,usd1_0.destination_id,usd1_0.updated_at,usd1_0.user_id from user_selected_destinations usd1_0
Hibernate: select usd1_0.id,usd1_0.created_at,usd1_0.destination_id,usd1_0.updated_at,usd1_0.user_id from user_selected_destinations usd1_0
2025-07-29T09:15:17.230+02:00 DEBUG 12740 --- [           main] org.hibernate.SQL                        : select i1_0.id,i1_0.created_at,i1_0.description,i1_0.destination_id,i1_0.duration,i1_0.image_url,i1_0.price,i1_0.rating,i1_0.title,i1_0.updated_at from itineraries i1_0
Hibernate: select i1_0.id,i1_0.created_at,i1_0.description,i1_0.destination_id,i1_0.duration,i1_0.image_url,i1_0.price,i1_0.rating,i1_0.title,i1_0.updated_at from itineraries i1_0
2025-07-29T09:15:17.232+02:00 DEBUG 12740 --- [           main] org.hibernate.SQL                        : select af1_0.id,af1_0.created_at,af1_0.name,af1_0.updated_at from accessibility_features af1_0
Hibernate: select af1_0.id,af1_0.created_at,af1_0.name,af1_0.updated_at from accessibility_features af1_0
2025-07-29T09:15:17.233+02:00 DEBUG 12740 --- [           main] org.hibernate.SQL                        : select d1_0.id,d1_0.available,d1_0.country_id,d1_0.created_at,d1_0.name,d1_0.type,d1_0.updated_at from destinations d1_0
Hibernate: select d1_0.id,d1_0.available,d1_0.country_id,d1_0.created_at,d1_0.name,d1_0.type,d1_0.updated_at from destinations d1_0
2025-07-29T09:15:17.234+02:00 DEBUG 12740 --- [           main] org.hibernate.SQL                        : select s1_0.id,s1_0.created_at,s1_0.default_value,s1_0.description,s1_0.label,s1_0.setting_key,s1_0.updated_at from settings s1_0
Hibernate: select s1_0.id,s1_0.created_at,s1_0.default_value,s1_0.description,s1_0.label,s1_0.setting_key,s1_0.updated_at from settings s1_0
2025-07-29T09:15:17.236+02:00 DEBUG 12740 --- [           main] org.hibernate.SQL                        : select c1_0.id,c1_0.available,c1_0.created_at,c1_0.name,c1_0.updated_at from countries c1_0
Hibernate: select c1_0.id,c1_0.available,c1_0.created_at,c1_0.name,c1_0.updated_at from countries c1_0
2025-07-29T09:15:17.238+02:00 DEBUG 12740 --- [           main] org.hibernate.SQL                        : select u1_0.id,u1_0.created_at,u1_0.email,u1_0.name,u1_0.nickname,u1_0.oauth_token,u1_0.password_hash,u1_0.phone,u1_0.platform,u1_0.updated_at from users u1_0
Hibernate: select u1_0.id,u1_0.created_at,u1_0.email,u1_0.name,u1_0.nickname,u1_0.oauth_token,u1_0.password_hash,u1_0.phone,u1_0.platform,u1_0.updated_at from users u1_0
2025-07-29T09:15:17.240+02:00 DEBUG 12740 --- [           main] org.hibernate.SQL                        : delete from users where id=?
Hibernate: delete from users where id=?
2025-07-29T09:15:17.241+02:00 DEBUG 12740 --- [           main] org.hibernate.SQL                        : delete from users where id=?
Hibernate: delete from users where id=?
Clean complete.
2025-07-29T09:15:17.304+02:00 DEBUG 12740 --- [           main] org.hibernate.SQL                        : insert into users (created_at,email,name,nickname,oauth_token,password_hash,phone,platform,updated_at,id) values (?,?,?,?,?,?,?,?,?,?)
Hibernate: insert into users (created_at,email,name,nickname,oauth_token,password_hash,phone,platform,updated_at,id) values (?,?,?,?,?,?,?,?,?,?)
2025-07-29T09:15:17.309+02:00 DEBUG 12740 --- [           main] org.hibernate.SQL                        : select u1_0.id,u1_0.created_at,u1_0.email,u1_0.name,u1_0.nickname,u1_0.oauth_token,u1_0.password_hash,u1_0.phone,u1_0.platform,u1_0.updated_at from users u1_0 where u1_0.email=?
Hibernate: select u1_0.id,u1_0.created_at,u1_0.email,u1_0.name,u1_0.nickname,u1_0.oauth_token,u1_0.password_hash,u1_0.phone,u1_0.platform,u1_0.updated_at from users u1_0 where u1_0.email=?
2025-07-29T09:15:17.310+02:00 DEBUG 12740 --- [           main] org.hibernate.SQL                        : insert into users (created_at,email,name,nickname,oauth_token,password_hash,phone,platform,updated_at,id) values (?,?,?,?,?,?,?,?,?,?)
Hibernate: insert into users (created_at,email,name,nickname,oauth_token,password_hash,phone,platform,updated_at,id) values (?,?,?,?,?,?,?,?,?,?)
2025-07-29T09:15:17.314+02:00 DEBUG 12740 --- [           main] org.hibernate.SQL                        : select u1_0.id,u1_0.created_at,u1_0.email,u1_0.name,u1_0.nickname,u1_0.oauth_token,u1_0.password_hash,u1_0.phone,u1_0.platform,u1_0.updated_at from users u1_0 where u1_0.email=?
Hibernate: select u1_0.id,u1_0.created_at,u1_0.email,u1_0.name,u1_0.nickname,u1_0.oauth_token,u1_0.password_hash,u1_0.phone,u1_0.platform,u1_0.updated_at from users u1_0 where u1_0.email=?
]]></system-out>
  </testcase>
</testsuite>